mode: set
github.com/sony-nurdianto/farm/auth/internal/repository/create_user_async.go:18.9,24.16 2 1
github.com/sony-nurdianto/farm/auth/internal/repository/create_user_async.go:24.16,26.3 1 1
github.com/sony-nurdianto/farm/auth/internal/repository/create_user_async.go:28.2,29.16 2 1
github.com/sony-nurdianto/farm/auth/internal/repository/create_user_async.go:29.16,31.3 1 1
github.com/sony-nurdianto/farm/auth/internal/repository/create_user_async.go:33.2,34.16 2 1
github.com/sony-nurdianto/farm/auth/internal/repository/create_user_async.go:34.16,36.3 1 1
github.com/sony-nurdianto/farm/auth/internal/repository/create_user_async.go:38.2,60.59 5 1
github.com/sony-nurdianto/farm/auth/internal/repository/create_user_async.go:60.59,62.3 1 1
github.com/sony-nurdianto/farm/auth/internal/repository/create_user_async.go:64.2,64.69 1 1
github.com/sony-nurdianto/farm/auth/internal/repository/create_user_async.go:64.69,66.3 1 1
github.com/sony-nurdianto/farm/auth/internal/repository/create_user_async.go:68.2,68.66 1 1
github.com/sony-nurdianto/farm/auth/internal/repository/create_user_async.go:68.66,70.3 1 1
github.com/sony-nurdianto/farm/auth/internal/repository/create_user_async.go:72.2,72.47 1 1
github.com/sony-nurdianto/farm/auth/internal/repository/create_user_async.go:77.9,95.2 5 1
github.com/sony-nurdianto/farm/auth/internal/repository/get_user.go:10.78,21.16 5 1
github.com/sony-nurdianto/farm/auth/internal/repository/get_user.go:21.16,23.3 1 1
github.com/sony-nurdianto/farm/auth/internal/repository/get_user.go:25.2,25.18 1 1
github.com/sony-nurdianto/farm/auth/internal/repository/repo.go:37.75,44.2 2 1
github.com/sony-nurdianto/farm/auth/internal/repository/repo.go:46.84,49.14 3 1
github.com/sony-nurdianto/farm/auth/internal/repository/repo.go:49.14,51.17 2 1
github.com/sony-nurdianto/farm/auth/internal/repository/repo.go:51.17,53.4 1 1
github.com/sony-nurdianto/farm/auth/internal/repository/repo.go:54.3,56.12 2 1
github.com/sony-nurdianto/farm/auth/internal/repository/repo.go:58.2,58.83 1 1
github.com/sony-nurdianto/farm/auth/internal/repository/repo.go:66.26,68.16 2 1
github.com/sony-nurdianto/farm/auth/internal/repository/repo.go:68.16,70.3 1 1
github.com/sony-nurdianto/farm/auth/internal/repository/repo.go:72.2,75.16 3 1
github.com/sony-nurdianto/farm/auth/internal/repository/repo.go:75.16,77.3 1 1
github.com/sony-nurdianto/farm/auth/internal/repository/repo.go:79.2,82.16 3 1
github.com/sony-nurdianto/farm/auth/internal/repository/repo.go:82.16,84.3 1 1
github.com/sony-nurdianto/farm/auth/internal/repository/repo.go:86.2,101.16 4 1
github.com/sony-nurdianto/farm/auth/internal/repository/repo.go:101.16,103.3 1 1
github.com/sony-nurdianto/farm/auth/internal/repository/repo.go:105.2,111.16 5 1
github.com/sony-nurdianto/farm/auth/internal/repository/repo.go:111.16,113.3 1 1
github.com/sony-nurdianto/farm/auth/internal/repository/repo.go:115.2,122.64 3 1
github.com/sony-nurdianto/farm/auth/internal/repository/repo.go:122.64,124.3 1 1
github.com/sony-nurdianto/farm/auth/internal/repository/repo.go:126.2,128.16 2 1
github.com/sony-nurdianto/farm/auth/internal/repository/repo.go:131.32,135.2 3 1
