mode: set
github.com/sony-nurdianto/farm/auth/internal/encryption/codec/base64.go:13.39,15.2 1 1
github.com/sony-nurdianto/farm/auth/internal/encryption/codec/base64.go:17.59,19.2 1 1
github.com/sony-nurdianto/farm/auth/internal/encryption/codec/base64.go:21.64,23.2 1 1
github.com/sony-nurdianto/farm/auth/internal/encryption/codec/base64.go:13.39,15.2 1 1
github.com/sony-nurdianto/farm/auth/internal/encryption/codec/base64.go:17.59,19.2 1 1
github.com/sony-nurdianto/farm/auth/internal/encryption/codec/base64.go:21.64,23.2 1 1
github.com/sony-nurdianto/farm/auth/internal/encryption/passencrypt/password_hash.go:26.89,28.2 1 1
github.com/sony-nurdianto/farm/auth/internal/encryption/passencrypt/password_hash.go:32.34,36.16 3 1
github.com/sony-nurdianto/farm/auth/internal/encryption/passencrypt/password_hash.go:36.16,38.3 1 1
github.com/sony-nurdianto/farm/auth/internal/encryption/passencrypt/password_hash.go:40.2,47.26 5 1
github.com/sony-nurdianto/farm/auth/internal/encryption/passencrypt/password_hash.go:52.26,54.16 2 1
github.com/sony-nurdianto/farm/auth/internal/encryption/passencrypt/password_hash.go:54.16,56.3 1 1
github.com/sony-nurdianto/farm/auth/internal/encryption/passencrypt/password_hash.go:58.2,59.16 2 1
github.com/sony-nurdianto/farm/auth/internal/encryption/passencrypt/password_hash.go:59.16,61.3 1 1
github.com/sony-nurdianto/farm/auth/internal/encryption/passencrypt/password_hash.go:63.2,66.20 3 1
