mode: set
github.com/sony-nurdianto/farm/auth/internal/encryption/codec/base64.go:13.39,15.2 1 1
github.com/sony-nurdianto/farm/auth/internal/encryption/codec/base64.go:17.59,19.2 1 1
github.com/sony-nurdianto/farm/auth/internal/encryption/codec/base64.go:21.64,23.2 1 1
github.com/sony-nurdianto/farm/auth/internal/validator/regiseter_request.go:8.39,11.2 2 1
github.com/sony-nurdianto/farm/auth/internal/validator/regiseter_request.go:13.39,16.2 2 1
github.com/sony-nurdianto/farm/auth/internal/validator/regiseter_request.go:18.45,19.23 1 1
github.com/sony-nurdianto/farm/auth/internal/validator/regiseter_request.go:19.23,21.3 1 1
github.com/sony-nurdianto/farm/auth/internal/validator/regiseter_request.go:23.2,25.29 2 1
github.com/sony-nurdianto/farm/auth/internal/validator/regiseter_request.go:25.29,26.10 1 1
github.com/sony-nurdianto/farm/auth/internal/validator/regiseter_request.go:27.27,28.19 1 1
github.com/sony-nurdianto/farm/auth/internal/validator/regiseter_request.go:29.28,30.20 1 1
github.com/sony-nurdianto/farm/auth/internal/validator/regiseter_request.go:31.50,32.21 1 1
github.com/sony-nurdianto/farm/auth/internal/validator/regiseter_request.go:36.2,36.44 1 1
github.com/sony-nurdianto/farm/auth/internal/encryption/codec/base64.go:13.39,15.2 1 0
github.com/sony-nurdianto/farm/auth/internal/encryption/codec/base64.go:17.59,19.2 1 0
github.com/sony-nurdianto/farm/auth/internal/encryption/codec/base64.go:21.64,23.2 1 0
github.com/sony-nurdianto/farm/auth/internal/encryption/passencrypt/password_hash.go:32.89,34.2 1 0
github.com/sony-nurdianto/farm/auth/internal/encryption/passencrypt/password_hash.go:38.34,42.16 3 0
github.com/sony-nurdianto/farm/auth/internal/encryption/passencrypt/password_hash.go:42.16,44.3 1 0
github.com/sony-nurdianto/farm/auth/internal/encryption/passencrypt/password_hash.go:46.2,53.26 5 0
github.com/sony-nurdianto/farm/auth/internal/encryption/passencrypt/password_hash.go:58.26,60.16 2 0
github.com/sony-nurdianto/farm/auth/internal/encryption/passencrypt/password_hash.go:60.16,62.3 1 0
github.com/sony-nurdianto/farm/auth/internal/encryption/passencrypt/password_hash.go:64.2,65.16 2 0
github.com/sony-nurdianto/farm/auth/internal/encryption/passencrypt/password_hash.go:65.16,67.3 1 0
github.com/sony-nurdianto/farm/auth/internal/encryption/passencrypt/password_hash.go:69.2,72.20 3 0
github.com/sony-nurdianto/farm/auth/internal/models/account.go:9.38,33.2 1 0
github.com/sony-nurdianto/farm/auth/internal/models/farmer_user.go:10.41,39.2 1 0
github.com/sony-nurdianto/farm/auth/internal/pbgen/auth.pb.go:34.35,39.2 4 0
github.com/sony-nurdianto/farm/auth/internal/pbgen/auth.pb.go:41.43,43.2 1 0
github.com/sony-nurdianto/farm/auth/internal/pbgen/auth.pb.go:45.41,45.42 0 0
github.com/sony-nurdianto/farm/auth/internal/pbgen/auth.pb.go:47.63,49.14 2 0
github.com/sony-nurdianto/farm/auth/internal/pbgen/auth.pb.go:49.14,51.34 2 0
github.com/sony-nurdianto/farm/auth/internal/pbgen/auth.pb.go:51.34,53.4 1 0
github.com/sony-nurdianto/farm/auth/internal/pbgen/auth.pb.go:54.3,54.12 1 0
github.com/sony-nurdianto/farm/auth/internal/pbgen/auth.pb.go:56.2,56.24 1 0
github.com/sony-nurdianto/farm/auth/internal/pbgen/auth.pb.go:60.54,62.2 1 0
github.com/sony-nurdianto/farm/auth/internal/pbgen/auth.pb.go:64.48,65.14 1 1
github.com/sony-nurdianto/farm/auth/internal/pbgen/auth.pb.go:65.14,67.3 1 1
github.com/sony-nurdianto/farm/auth/internal/pbgen/auth.pb.go:68.2,68.11 1 0
github.com/sony-nurdianto/farm/auth/internal/pbgen/auth.pb.go:71.51,72.14 1 1
github.com/sony-nurdianto/farm/auth/internal/pbgen/auth.pb.go:72.14,74.3 1 1
github.com/sony-nurdianto/farm/auth/internal/pbgen/auth.pb.go:75.2,75.11 1 0
github.com/sony-nurdianto/farm/auth/internal/pbgen/auth.pb.go:78.45,79.14 1 1
github.com/sony-nurdianto/farm/auth/internal/pbgen/auth.pb.go:79.14,81.3 1 1
github.com/sony-nurdianto/farm/auth/internal/pbgen/auth.pb.go:82.2,82.11 1 0
github.com/sony-nurdianto/farm/auth/internal/pbgen/auth.pb.go:85.48,86.14 1 1
github.com/sony-nurdianto/farm/auth/internal/pbgen/auth.pb.go:86.14,88.3 1 1
github.com/sony-nurdianto/farm/auth/internal/pbgen/auth.pb.go:89.2,89.11 1 0
github.com/sony-nurdianto/farm/auth/internal/pbgen/auth.pb.go:100.36,105.2 4 0
github.com/sony-nurdianto/farm/auth/internal/pbgen/auth.pb.go:107.44,109.2 1 0
github.com/sony-nurdianto/farm/auth/internal/pbgen/auth.pb.go:111.42,111.43 0 0
github.com/sony-nurdianto/farm/auth/internal/pbgen/auth.pb.go:113.64,115.14 2 0
github.com/sony-nurdianto/farm/auth/internal/pbgen/auth.pb.go:115.14,117.34 2 0
github.com/sony-nurdianto/farm/auth/internal/pbgen/auth.pb.go:117.34,119.4 1 0
github.com/sony-nurdianto/farm/auth/internal/pbgen/auth.pb.go:120.3,120.12 1 0
github.com/sony-nurdianto/farm/auth/internal/pbgen/auth.pb.go:122.2,122.24 1 0
github.com/sony-nurdianto/farm/auth/internal/pbgen/auth.pb.go:126.55,128.2 1 0
github.com/sony-nurdianto/farm/auth/internal/pbgen/auth.pb.go:130.44,131.14 1 0
github.com/sony-nurdianto/farm/auth/internal/pbgen/auth.pb.go:131.14,133.3 1 0
github.com/sony-nurdianto/farm/auth/internal/pbgen/auth.pb.go:134.2,134.11 1 0
github.com/sony-nurdianto/farm/auth/internal/pbgen/auth.pb.go:137.47,138.14 1 0
github.com/sony-nurdianto/farm/auth/internal/pbgen/auth.pb.go:138.14,140.3 1 0
github.com/sony-nurdianto/farm/auth/internal/pbgen/auth.pb.go:141.2,141.11 1 0
github.com/sony-nurdianto/farm/auth/internal/pbgen/auth.pb.go:165.51,166.48 1 0
github.com/sony-nurdianto/farm/auth/internal/pbgen/auth.pb.go:166.48,168.3 1 0
github.com/sony-nurdianto/farm/auth/internal/pbgen/auth.pb.go:169.2,169.44 1 0
github.com/sony-nurdianto/farm/auth/internal/pbgen/auth.pb.go:187.13,187.47 1 1
github.com/sony-nurdianto/farm/auth/internal/pbgen/auth.pb.go:188.37,189.36 1 1
github.com/sony-nurdianto/farm/auth/internal/pbgen/auth.pb.go:189.36,191.3 1 0
github.com/sony-nurdianto/farm/auth/internal/pbgen/auth.pb.go:192.2,208.39 5 1
github.com/sony-nurdianto/farm/auth/internal/pbgen/auth_grpc.pb.go:36.74,38.2 1 0
github.com/sony-nurdianto/farm/auth/internal/pbgen/auth_grpc.pb.go:40.132,44.16 4 0
github.com/sony-nurdianto/farm/auth/internal/pbgen/auth_grpc.pb.go:44.16,46.3 1 0
github.com/sony-nurdianto/farm/auth/internal/pbgen/auth_grpc.pb.go:47.2,47.17 1 0
github.com/sony-nurdianto/farm/auth/internal/pbgen/auth_grpc.pb.go:65.110,67.2 1 0
github.com/sony-nurdianto/farm/auth/internal/pbgen/auth_grpc.pb.go:68.82,68.83 0 0
github.com/sony-nurdianto/farm/auth/internal/pbgen/auth_grpc.pb.go:69.82,69.83 0 0
github.com/sony-nurdianto/farm/auth/internal/pbgen/auth_grpc.pb.go:78.80,83.59 1 0
github.com/sony-nurdianto/farm/auth/internal/pbgen/auth_grpc.pb.go:83.59,85.3 1 0
github.com/sony-nurdianto/farm/auth/internal/pbgen/auth_grpc.pb.go:86.2,86.50 1 0
github.com/sony-nurdianto/farm/auth/internal/pbgen/auth_grpc.pb.go:89.165,91.32 2 0
github.com/sony-nurdianto/farm/auth/internal/pbgen/auth_grpc.pb.go:91.32,93.3 1 0
github.com/sony-nurdianto/farm/auth/internal/pbgen/auth_grpc.pb.go:94.2,94.24 1 0
github.com/sony-nurdianto/farm/auth/internal/pbgen/auth_grpc.pb.go:94.24,96.3 1 0
github.com/sony-nurdianto/farm/auth/internal/pbgen/auth_grpc.pb.go:97.2,101.77 2 0
github.com/sony-nurdianto/farm/auth/internal/pbgen/auth_grpc.pb.go:101.77,103.3 1 0
github.com/sony-nurdianto/farm/auth/internal/pbgen/auth_grpc.pb.go:104.2,104.44 1 0
github.com/sony-nurdianto/farm/auth/internal/repository/create_user_async.go:18.9,24.16 2 0
github.com/sony-nurdianto/farm/auth/internal/repository/create_user_async.go:24.16,26.3 1 0
github.com/sony-nurdianto/farm/auth/internal/repository/create_user_async.go:28.2,29.16 2 0
github.com/sony-nurdianto/farm/auth/internal/repository/create_user_async.go:29.16,31.3 1 0
github.com/sony-nurdianto/farm/auth/internal/repository/create_user_async.go:33.2,34.16 2 0
github.com/sony-nurdianto/farm/auth/internal/repository/create_user_async.go:34.16,36.3 1 0
github.com/sony-nurdianto/farm/auth/internal/repository/create_user_async.go:38.2,60.59 5 0
github.com/sony-nurdianto/farm/auth/internal/repository/create_user_async.go:60.59,62.3 1 0
github.com/sony-nurdianto/farm/auth/internal/repository/create_user_async.go:64.2,64.69 1 0
github.com/sony-nurdianto/farm/auth/internal/repository/create_user_async.go:64.69,66.3 1 0
github.com/sony-nurdianto/farm/auth/internal/repository/create_user_async.go:68.2,68.66 1 0
github.com/sony-nurdianto/farm/auth/internal/repository/create_user_async.go:68.66,70.3 1 0
github.com/sony-nurdianto/farm/auth/internal/repository/create_user_async.go:72.2,72.47 1 0
github.com/sony-nurdianto/farm/auth/internal/repository/create_user_async.go:77.9,95.2 5 0
github.com/sony-nurdianto/farm/auth/internal/repository/get_user.go:10.78,21.16 5 0
github.com/sony-nurdianto/farm/auth/internal/repository/get_user.go:21.16,23.3 1 0
github.com/sony-nurdianto/farm/auth/internal/repository/get_user.go:25.2,25.18 1 0
github.com/sony-nurdianto/farm/auth/internal/repository/repo.go:37.75,44.2 2 0
github.com/sony-nurdianto/farm/auth/internal/repository/repo.go:46.84,49.14 3 0
github.com/sony-nurdianto/farm/auth/internal/repository/repo.go:49.14,51.17 2 0
github.com/sony-nurdianto/farm/auth/internal/repository/repo.go:51.17,53.4 1 0
github.com/sony-nurdianto/farm/auth/internal/repository/repo.go:54.3,56.12 2 0
github.com/sony-nurdianto/farm/auth/internal/repository/repo.go:58.2,58.83 1 0
github.com/sony-nurdianto/farm/auth/internal/repository/repo.go:66.26,68.16 2 0
github.com/sony-nurdianto/farm/auth/internal/repository/repo.go:68.16,70.3 1 0
github.com/sony-nurdianto/farm/auth/internal/repository/repo.go:72.2,75.16 3 0
github.com/sony-nurdianto/farm/auth/internal/repository/repo.go:75.16,77.3 1 0
github.com/sony-nurdianto/farm/auth/internal/repository/repo.go:79.2,82.16 3 0
github.com/sony-nurdianto/farm/auth/internal/repository/repo.go:82.16,84.3 1 0
github.com/sony-nurdianto/farm/auth/internal/repository/repo.go:86.2,101.16 4 0
github.com/sony-nurdianto/farm/auth/internal/repository/repo.go:101.16,103.3 1 0
github.com/sony-nurdianto/farm/auth/internal/repository/repo.go:105.2,111.16 5 0
github.com/sony-nurdianto/farm/auth/internal/repository/repo.go:111.16,113.3 1 0
github.com/sony-nurdianto/farm/auth/internal/repository/repo.go:115.2,122.64 3 0
github.com/sony-nurdianto/farm/auth/internal/repository/repo.go:122.64,124.3 1 0
github.com/sony-nurdianto/farm/auth/internal/repository/repo.go:126.2,128.16 2 0
github.com/sony-nurdianto/farm/auth/internal/repository/repo.go:131.32,135.2 3 0
github.com/sony-nurdianto/farm/auth/internal/usecase/usecase.go:33.18,38.2 1 1
github.com/sony-nurdianto/farm/auth/internal/usecase/usecase.go:40.68,42.16 2 1
github.com/sony-nurdianto/farm/auth/internal/usecase/usecase.go:42.16,43.36 1 1
github.com/sony-nurdianto/farm/auth/internal/usecase/usecase.go:43.36,45.4 1 1
github.com/sony-nurdianto/farm/auth/internal/usecase/usecase.go:47.3,47.20 1 1
github.com/sony-nurdianto/farm/auth/internal/usecase/usecase.go:50.2,50.18 1 1
github.com/sony-nurdianto/farm/auth/internal/usecase/usecase.go:53.101,55.16 2 1
github.com/sony-nurdianto/farm/auth/internal/usecase/usecase.go:55.16,57.3 1 1
github.com/sony-nurdianto/farm/auth/internal/usecase/usecase.go:59.2,59.16 1 1
github.com/sony-nurdianto/farm/auth/internal/usecase/usecase.go:59.16,61.3 1 1
github.com/sony-nurdianto/farm/auth/internal/usecase/usecase.go:63.2,64.16 2 1
github.com/sony-nurdianto/farm/auth/internal/usecase/usecase.go:64.16,66.3 1 1
github.com/sony-nurdianto/farm/auth/internal/usecase/usecase.go:68.2,71.16 3 1
github.com/sony-nurdianto/farm/auth/internal/usecase/usecase.go:71.16,73.3 1 1
github.com/sony-nurdianto/farm/auth/internal/usecase/usecase.go:75.2,80.17 2 1
github.com/sony-nurdianto/farm/auth/internal/encryption/codec/base64.go:13.39,15.2 1 0
github.com/sony-nurdianto/farm/auth/internal/encryption/codec/base64.go:17.59,19.2 1 0
github.com/sony-nurdianto/farm/auth/internal/encryption/codec/base64.go:21.64,23.2 1 0
github.com/sony-nurdianto/farm/auth/internal/encryption/passencrypt/password_hash.go:32.89,34.2 1 0
github.com/sony-nurdianto/farm/auth/internal/encryption/passencrypt/password_hash.go:38.34,42.16 3 0
github.com/sony-nurdianto/farm/auth/internal/encryption/passencrypt/password_hash.go:42.16,44.3 1 0
github.com/sony-nurdianto/farm/auth/internal/encryption/passencrypt/password_hash.go:46.2,53.26 5 0
github.com/sony-nurdianto/farm/auth/internal/encryption/passencrypt/password_hash.go:58.26,60.16 2 0
github.com/sony-nurdianto/farm/auth/internal/encryption/passencrypt/password_hash.go:60.16,62.3 1 0
github.com/sony-nurdianto/farm/auth/internal/encryption/passencrypt/password_hash.go:64.2,65.16 2 0
github.com/sony-nurdianto/farm/auth/internal/encryption/passencrypt/password_hash.go:65.16,67.3 1 0
github.com/sony-nurdianto/farm/auth/internal/encryption/passencrypt/password_hash.go:69.2,72.20 3 0
github.com/sony-nurdianto/farm/auth/internal/models/account.go:9.38,33.2 1 0
github.com/sony-nurdianto/farm/auth/internal/models/farmer_user.go:10.41,39.2 1 0
github.com/sony-nurdianto/farm/auth/internal/pbgen/auth.pb.go:34.35,39.2 4 0
github.com/sony-nurdianto/farm/auth/internal/pbgen/auth.pb.go:41.43,43.2 1 0
github.com/sony-nurdianto/farm/auth/internal/pbgen/auth.pb.go:45.41,45.42 0 0
github.com/sony-nurdianto/farm/auth/internal/pbgen/auth.pb.go:47.63,49.14 2 0
github.com/sony-nurdianto/farm/auth/internal/pbgen/auth.pb.go:49.14,51.34 2 0
github.com/sony-nurdianto/farm/auth/internal/pbgen/auth.pb.go:51.34,53.4 1 0
github.com/sony-nurdianto/farm/auth/internal/pbgen/auth.pb.go:54.3,54.12 1 0
github.com/sony-nurdianto/farm/auth/internal/pbgen/auth.pb.go:56.2,56.24 1 0
github.com/sony-nurdianto/farm/auth/internal/pbgen/auth.pb.go:60.54,62.2 1 0
github.com/sony-nurdianto/farm/auth/internal/pbgen/auth.pb.go:64.48,65.14 1 0
github.com/sony-nurdianto/farm/auth/internal/pbgen/auth.pb.go:65.14,67.3 1 0
github.com/sony-nurdianto/farm/auth/internal/pbgen/auth.pb.go:68.2,68.11 1 0
github.com/sony-nurdianto/farm/auth/internal/pbgen/auth.pb.go:71.51,72.14 1 0
github.com/sony-nurdianto/farm/auth/internal/pbgen/auth.pb.go:72.14,74.3 1 0
github.com/sony-nurdianto/farm/auth/internal/pbgen/auth.pb.go:75.2,75.11 1 0
github.com/sony-nurdianto/farm/auth/internal/pbgen/auth.pb.go:78.45,79.14 1 0
github.com/sony-nurdianto/farm/auth/internal/pbgen/auth.pb.go:79.14,81.3 1 0
github.com/sony-nurdianto/farm/auth/internal/pbgen/auth.pb.go:82.2,82.11 1 0
github.com/sony-nurdianto/farm/auth/internal/pbgen/auth.pb.go:85.48,86.14 1 0
github.com/sony-nurdianto/farm/auth/internal/pbgen/auth.pb.go:86.14,88.3 1 0
github.com/sony-nurdianto/farm/auth/internal/pbgen/auth.pb.go:89.2,89.11 1 0
github.com/sony-nurdianto/farm/auth/internal/pbgen/auth.pb.go:100.36,105.2 4 0
github.com/sony-nurdianto/farm/auth/internal/pbgen/auth.pb.go:107.44,109.2 1 0
github.com/sony-nurdianto/farm/auth/internal/pbgen/auth.pb.go:111.42,111.43 0 0
github.com/sony-nurdianto/farm/auth/internal/pbgen/auth.pb.go:113.64,115.14 2 0
github.com/sony-nurdianto/farm/auth/internal/pbgen/auth.pb.go:115.14,117.34 2 0
github.com/sony-nurdianto/farm/auth/internal/pbgen/auth.pb.go:117.34,119.4 1 0
github.com/sony-nurdianto/farm/auth/internal/pbgen/auth.pb.go:120.3,120.12 1 0
github.com/sony-nurdianto/farm/auth/internal/pbgen/auth.pb.go:122.2,122.24 1 0
github.com/sony-nurdianto/farm/auth/internal/pbgen/auth.pb.go:126.55,128.2 1 0
github.com/sony-nurdianto/farm/auth/internal/pbgen/auth.pb.go:130.44,131.14 1 0
github.com/sony-nurdianto/farm/auth/internal/pbgen/auth.pb.go:131.14,133.3 1 0
github.com/sony-nurdianto/farm/auth/internal/pbgen/auth.pb.go:134.2,134.11 1 0
github.com/sony-nurdianto/farm/auth/internal/pbgen/auth.pb.go:137.47,138.14 1 0
github.com/sony-nurdianto/farm/auth/internal/pbgen/auth.pb.go:138.14,140.3 1 0
github.com/sony-nurdianto/farm/auth/internal/pbgen/auth.pb.go:141.2,141.11 1 0
github.com/sony-nurdianto/farm/auth/internal/pbgen/auth.pb.go:165.51,166.48 1 0
github.com/sony-nurdianto/farm/auth/internal/pbgen/auth.pb.go:166.48,168.3 1 0
github.com/sony-nurdianto/farm/auth/internal/pbgen/auth.pb.go:169.2,169.44 1 0
github.com/sony-nurdianto/farm/auth/internal/pbgen/auth.pb.go:187.13,187.47 1 1
github.com/sony-nurdianto/farm/auth/internal/pbgen/auth.pb.go:188.37,189.36 1 1
github.com/sony-nurdianto/farm/auth/internal/pbgen/auth.pb.go:189.36,191.3 1 0
github.com/sony-nurdianto/farm/auth/internal/pbgen/auth.pb.go:192.2,208.39 5 1
github.com/sony-nurdianto/farm/auth/internal/pbgen/auth_grpc.pb.go:36.74,38.2 1 0
github.com/sony-nurdianto/farm/auth/internal/pbgen/auth_grpc.pb.go:40.132,44.16 4 0
github.com/sony-nurdianto/farm/auth/internal/pbgen/auth_grpc.pb.go:44.16,46.3 1 0
github.com/sony-nurdianto/farm/auth/internal/pbgen/auth_grpc.pb.go:47.2,47.17 1 0
github.com/sony-nurdianto/farm/auth/internal/pbgen/auth_grpc.pb.go:65.110,67.2 1 0
github.com/sony-nurdianto/farm/auth/internal/pbgen/auth_grpc.pb.go:68.82,68.83 0 0
github.com/sony-nurdianto/farm/auth/internal/pbgen/auth_grpc.pb.go:69.82,69.83 0 0
github.com/sony-nurdianto/farm/auth/internal/pbgen/auth_grpc.pb.go:78.80,83.59 1 0
github.com/sony-nurdianto/farm/auth/internal/pbgen/auth_grpc.pb.go:83.59,85.3 1 0
github.com/sony-nurdianto/farm/auth/internal/pbgen/auth_grpc.pb.go:86.2,86.50 1 0
github.com/sony-nurdianto/farm/auth/internal/pbgen/auth_grpc.pb.go:89.165,91.32 2 0
github.com/sony-nurdianto/farm/auth/internal/pbgen/auth_grpc.pb.go:91.32,93.3 1 0
github.com/sony-nurdianto/farm/auth/internal/pbgen/auth_grpc.pb.go:94.2,94.24 1 0
github.com/sony-nurdianto/farm/auth/internal/pbgen/auth_grpc.pb.go:94.24,96.3 1 0
github.com/sony-nurdianto/farm/auth/internal/pbgen/auth_grpc.pb.go:97.2,101.77 2 0
github.com/sony-nurdianto/farm/auth/internal/pbgen/auth_grpc.pb.go:101.77,103.3 1 0
github.com/sony-nurdianto/farm/auth/internal/pbgen/auth_grpc.pb.go:104.2,104.44 1 0
github.com/sony-nurdianto/farm/auth/internal/repository/create_user_async.go:18.9,24.16 2 0
github.com/sony-nurdianto/farm/auth/internal/repository/create_user_async.go:24.16,26.3 1 0
github.com/sony-nurdianto/farm/auth/internal/repository/create_user_async.go:28.2,29.16 2 0
github.com/sony-nurdianto/farm/auth/internal/repository/create_user_async.go:29.16,31.3 1 0
github.com/sony-nurdianto/farm/auth/internal/repository/create_user_async.go:33.2,34.16 2 0
github.com/sony-nurdianto/farm/auth/internal/repository/create_user_async.go:34.16,36.3 1 0
github.com/sony-nurdianto/farm/auth/internal/repository/create_user_async.go:38.2,60.59 5 0
github.com/sony-nurdianto/farm/auth/internal/repository/create_user_async.go:60.59,62.3 1 0
github.com/sony-nurdianto/farm/auth/internal/repository/create_user_async.go:64.2,64.69 1 0
github.com/sony-nurdianto/farm/auth/internal/repository/create_user_async.go:64.69,66.3 1 0
github.com/sony-nurdianto/farm/auth/internal/repository/create_user_async.go:68.2,68.66 1 0
github.com/sony-nurdianto/farm/auth/internal/repository/create_user_async.go:68.66,70.3 1 0
github.com/sony-nurdianto/farm/auth/internal/repository/create_user_async.go:72.2,72.47 1 0
github.com/sony-nurdianto/farm/auth/internal/repository/create_user_async.go:77.9,95.2 5 0
github.com/sony-nurdianto/farm/auth/internal/repository/get_user.go:10.78,21.16 5 0
github.com/sony-nurdianto/farm/auth/internal/repository/get_user.go:21.16,23.3 1 0
github.com/sony-nurdianto/farm/auth/internal/repository/get_user.go:25.2,25.18 1 0
github.com/sony-nurdianto/farm/auth/internal/repository/repo.go:37.75,44.2 2 0
github.com/sony-nurdianto/farm/auth/internal/repository/repo.go:46.84,49.14 3 0
github.com/sony-nurdianto/farm/auth/internal/repository/repo.go:49.14,51.17 2 0
github.com/sony-nurdianto/farm/auth/internal/repository/repo.go:51.17,53.4 1 0
github.com/sony-nurdianto/farm/auth/internal/repository/repo.go:54.3,56.12 2 0
github.com/sony-nurdianto/farm/auth/internal/repository/repo.go:58.2,58.83 1 0
github.com/sony-nurdianto/farm/auth/internal/repository/repo.go:66.26,68.16 2 0
github.com/sony-nurdianto/farm/auth/internal/repository/repo.go:68.16,70.3 1 0
github.com/sony-nurdianto/farm/auth/internal/repository/repo.go:72.2,75.16 3 0
github.com/sony-nurdianto/farm/auth/internal/repository/repo.go:75.16,77.3 1 0
github.com/sony-nurdianto/farm/auth/internal/repository/repo.go:79.2,82.16 3 0
github.com/sony-nurdianto/farm/auth/internal/repository/repo.go:82.16,84.3 1 0
github.com/sony-nurdianto/farm/auth/internal/repository/repo.go:86.2,101.16 4 0
github.com/sony-nurdianto/farm/auth/internal/repository/repo.go:101.16,103.3 1 0
github.com/sony-nurdianto/farm/auth/internal/repository/repo.go:105.2,111.16 5 0
github.com/sony-nurdianto/farm/auth/internal/repository/repo.go:111.16,113.3 1 0
github.com/sony-nurdianto/farm/auth/internal/repository/repo.go:115.2,122.64 3 0
github.com/sony-nurdianto/farm/auth/internal/repository/repo.go:122.64,124.3 1 0
github.com/sony-nurdianto/farm/auth/internal/repository/repo.go:126.2,128.16 2 0
github.com/sony-nurdianto/farm/auth/internal/repository/repo.go:131.32,135.2 3 0
github.com/sony-nurdianto/farm/auth/internal/service/service_server.go:18.73,20.2 1 1
github.com/sony-nurdianto/farm/auth/internal/service/service_server.go:22.43,23.9 1 1
github.com/sony-nurdianto/farm/auth/internal/service/service_server.go:24.39,25.56 1 1
github.com/sony-nurdianto/farm/auth/internal/service/service_server.go:26.58,27.51 1 1
github.com/sony-nurdianto/farm/auth/internal/service/service_server.go:28.49,29.51 1 1
github.com/sony-nurdianto/farm/auth/internal/service/service_server.go:30.10,31.51 1 1
github.com/sony-nurdianto/farm/auth/internal/service/service_server.go:38.36,40.16 2 1
github.com/sony-nurdianto/farm/auth/internal/service/service_server.go:40.16,42.3 1 1
github.com/sony-nurdianto/farm/auth/internal/service/service_server.go:44.2,44.17 1 1
github.com/sony-nurdianto/farm/auth/internal/usecase/usecase.go:33.18,38.2 1 0
github.com/sony-nurdianto/farm/auth/internal/usecase/usecase.go:40.68,42.16 2 0
github.com/sony-nurdianto/farm/auth/internal/usecase/usecase.go:42.16,43.36 1 0
github.com/sony-nurdianto/farm/auth/internal/usecase/usecase.go:43.36,45.4 1 0
github.com/sony-nurdianto/farm/auth/internal/usecase/usecase.go:47.3,47.20 1 0
github.com/sony-nurdianto/farm/auth/internal/usecase/usecase.go:50.2,50.18 1 0
github.com/sony-nurdianto/farm/auth/internal/usecase/usecase.go:53.101,55.16 2 0
github.com/sony-nurdianto/farm/auth/internal/usecase/usecase.go:55.16,57.3 1 0
github.com/sony-nurdianto/farm/auth/internal/usecase/usecase.go:59.2,59.16 1 0
github.com/sony-nurdianto/farm/auth/internal/usecase/usecase.go:59.16,61.3 1 0
github.com/sony-nurdianto/farm/auth/internal/usecase/usecase.go:63.2,64.16 2 0
github.com/sony-nurdianto/farm/auth/internal/usecase/usecase.go:64.16,66.3 1 0
github.com/sony-nurdianto/farm/auth/internal/usecase/usecase.go:68.2,71.16 3 0
github.com/sony-nurdianto/farm/auth/internal/usecase/usecase.go:71.16,73.3 1 0
github.com/sony-nurdianto/farm/auth/internal/usecase/usecase.go:75.2,80.17 2 0
github.com/sony-nurdianto/farm/auth/internal/encryption/codec/base64.go:13.39,15.2 1 1
github.com/sony-nurdianto/farm/auth/internal/encryption/codec/base64.go:17.59,19.2 1 1
github.com/sony-nurdianto/farm/auth/internal/encryption/codec/base64.go:21.64,23.2 1 1
github.com/sony-nurdianto/farm/auth/internal/encryption/passencrypt/password_hash.go:32.89,34.2 1 1
github.com/sony-nurdianto/farm/auth/internal/encryption/passencrypt/password_hash.go:38.34,42.16 3 1
github.com/sony-nurdianto/farm/auth/internal/encryption/passencrypt/password_hash.go:42.16,44.3 1 1
github.com/sony-nurdianto/farm/auth/internal/encryption/passencrypt/password_hash.go:46.2,53.26 5 1
github.com/sony-nurdianto/farm/auth/internal/encryption/passencrypt/password_hash.go:58.26,60.16 2 1
github.com/sony-nurdianto/farm/auth/internal/encryption/passencrypt/password_hash.go:60.16,62.3 1 1
github.com/sony-nurdianto/farm/auth/internal/encryption/passencrypt/password_hash.go:64.2,65.16 2 1
github.com/sony-nurdianto/farm/auth/internal/encryption/passencrypt/password_hash.go:65.16,67.3 1 1
github.com/sony-nurdianto/farm/auth/internal/encryption/passencrypt/password_hash.go:69.2,72.20 3 1
github.com/sony-nurdianto/farm/auth/internal/pbgen/auth.pb.go:34.35,39.2 4 0
github.com/sony-nurdianto/farm/auth/internal/pbgen/auth.pb.go:41.43,43.2 1 0
github.com/sony-nurdianto/farm/auth/internal/pbgen/auth.pb.go:45.41,45.42 0 0
github.com/sony-nurdianto/farm/auth/internal/pbgen/auth.pb.go:47.63,49.14 2 0
github.com/sony-nurdianto/farm/auth/internal/pbgen/auth.pb.go:49.14,51.34 2 0
github.com/sony-nurdianto/farm/auth/internal/pbgen/auth.pb.go:51.34,53.4 1 0
github.com/sony-nurdianto/farm/auth/internal/pbgen/auth.pb.go:54.3,54.12 1 0
github.com/sony-nurdianto/farm/auth/internal/pbgen/auth.pb.go:56.2,56.24 1 0
github.com/sony-nurdianto/farm/auth/internal/pbgen/auth.pb.go:60.54,62.2 1 0
github.com/sony-nurdianto/farm/auth/internal/pbgen/auth.pb.go:64.48,65.14 1 0
github.com/sony-nurdianto/farm/auth/internal/pbgen/auth.pb.go:65.14,67.3 1 0
github.com/sony-nurdianto/farm/auth/internal/pbgen/auth.pb.go:68.2,68.11 1 0
github.com/sony-nurdianto/farm/auth/internal/pbgen/auth.pb.go:71.51,72.14 1 0
github.com/sony-nurdianto/farm/auth/internal/pbgen/auth.pb.go:72.14,74.3 1 0
github.com/sony-nurdianto/farm/auth/internal/pbgen/auth.pb.go:75.2,75.11 1 0
github.com/sony-nurdianto/farm/auth/internal/pbgen/auth.pb.go:78.45,79.14 1 0
github.com/sony-nurdianto/farm/auth/internal/pbgen/auth.pb.go:79.14,81.3 1 0
github.com/sony-nurdianto/farm/auth/internal/pbgen/auth.pb.go:82.2,82.11 1 0
github.com/sony-nurdianto/farm/auth/internal/pbgen/auth.pb.go:85.48,86.14 1 0
github.com/sony-nurdianto/farm/auth/internal/pbgen/auth.pb.go:86.14,88.3 1 0
github.com/sony-nurdianto/farm/auth/internal/pbgen/auth.pb.go:89.2,89.11 1 0
github.com/sony-nurdianto/farm/auth/internal/pbgen/auth.pb.go:100.36,105.2 4 0
github.com/sony-nurdianto/farm/auth/internal/pbgen/auth.pb.go:107.44,109.2 1 0
github.com/sony-nurdianto/farm/auth/internal/pbgen/auth.pb.go:111.42,111.43 0 0
github.com/sony-nurdianto/farm/auth/internal/pbgen/auth.pb.go:113.64,115.14 2 0
github.com/sony-nurdianto/farm/auth/internal/pbgen/auth.pb.go:115.14,117.34 2 0
github.com/sony-nurdianto/farm/auth/internal/pbgen/auth.pb.go:117.34,119.4 1 0
github.com/sony-nurdianto/farm/auth/internal/pbgen/auth.pb.go:120.3,120.12 1 0
github.com/sony-nurdianto/farm/auth/internal/pbgen/auth.pb.go:122.2,122.24 1 0
github.com/sony-nurdianto/farm/auth/internal/pbgen/auth.pb.go:126.55,128.2 1 0
github.com/sony-nurdianto/farm/auth/internal/pbgen/auth.pb.go:130.44,131.14 1 0
github.com/sony-nurdianto/farm/auth/internal/pbgen/auth.pb.go:131.14,133.3 1 0
github.com/sony-nurdianto/farm/auth/internal/pbgen/auth.pb.go:134.2,134.11 1 0
github.com/sony-nurdianto/farm/auth/internal/pbgen/auth.pb.go:137.47,138.14 1 0
github.com/sony-nurdianto/farm/auth/internal/pbgen/auth.pb.go:138.14,140.3 1 0
github.com/sony-nurdianto/farm/auth/internal/pbgen/auth.pb.go:141.2,141.11 1 0
github.com/sony-nurdianto/farm/auth/internal/pbgen/auth.pb.go:165.51,166.48 1 0
github.com/sony-nurdianto/farm/auth/internal/pbgen/auth.pb.go:166.48,168.3 1 0
github.com/sony-nurdianto/farm/auth/internal/pbgen/auth.pb.go:169.2,169.44 1 0
github.com/sony-nurdianto/farm/auth/internal/pbgen/auth.pb.go:187.13,187.47 1 1
github.com/sony-nurdianto/farm/auth/internal/pbgen/auth.pb.go:188.37,189.36 1 1
github.com/sony-nurdianto/farm/auth/internal/pbgen/auth.pb.go:189.36,191.3 1 0
github.com/sony-nurdianto/farm/auth/internal/pbgen/auth.pb.go:192.2,208.39 5 1
github.com/sony-nurdianto/farm/auth/internal/pbgen/auth_grpc.pb.go:36.74,38.2 1 0
github.com/sony-nurdianto/farm/auth/internal/pbgen/auth_grpc.pb.go:40.132,44.16 4 0
github.com/sony-nurdianto/farm/auth/internal/pbgen/auth_grpc.pb.go:44.16,46.3 1 0
github.com/sony-nurdianto/farm/auth/internal/pbgen/auth_grpc.pb.go:47.2,47.17 1 0
github.com/sony-nurdianto/farm/auth/internal/pbgen/auth_grpc.pb.go:65.110,67.2 1 0
github.com/sony-nurdianto/farm/auth/internal/pbgen/auth_grpc.pb.go:68.82,68.83 0 0
github.com/sony-nurdianto/farm/auth/internal/pbgen/auth_grpc.pb.go:69.82,69.83 0 0
github.com/sony-nurdianto/farm/auth/internal/pbgen/auth_grpc.pb.go:78.80,83.59 1 0
github.com/sony-nurdianto/farm/auth/internal/pbgen/auth_grpc.pb.go:83.59,85.3 1 0
github.com/sony-nurdianto/farm/auth/internal/pbgen/auth_grpc.pb.go:86.2,86.50 1 0
github.com/sony-nurdianto/farm/auth/internal/pbgen/auth_grpc.pb.go:89.165,91.32 2 0
github.com/sony-nurdianto/farm/auth/internal/pbgen/auth_grpc.pb.go:91.32,93.3 1 0
github.com/sony-nurdianto/farm/auth/internal/pbgen/auth_grpc.pb.go:94.2,94.24 1 0
github.com/sony-nurdianto/farm/auth/internal/pbgen/auth_grpc.pb.go:94.24,96.3 1 0
github.com/sony-nurdianto/farm/auth/internal/pbgen/auth_grpc.pb.go:97.2,101.77 2 0
github.com/sony-nurdianto/farm/auth/internal/pbgen/auth_grpc.pb.go:101.77,103.3 1 0
github.com/sony-nurdianto/farm/auth/internal/pbgen/auth_grpc.pb.go:104.2,104.44 1 0
github.com/sony-nurdianto/farm/auth/internal/models/account.go:9.38,33.2 1 0
github.com/sony-nurdianto/farm/auth/internal/models/farmer_user.go:10.41,39.2 1 0
github.com/sony-nurdianto/farm/auth/internal/pbgen/auth.pb.go:34.35,39.2 4 0
github.com/sony-nurdianto/farm/auth/internal/pbgen/auth.pb.go:41.43,43.2 1 0
github.com/sony-nurdianto/farm/auth/internal/pbgen/auth.pb.go:45.41,45.42 0 0
github.com/sony-nurdianto/farm/auth/internal/pbgen/auth.pb.go:47.63,49.14 2 0
github.com/sony-nurdianto/farm/auth/internal/pbgen/auth.pb.go:49.14,51.34 2 0
github.com/sony-nurdianto/farm/auth/internal/pbgen/auth.pb.go:51.34,53.4 1 0
github.com/sony-nurdianto/farm/auth/internal/pbgen/auth.pb.go:54.3,54.12 1 0
github.com/sony-nurdianto/farm/auth/internal/pbgen/auth.pb.go:56.2,56.24 1 0
github.com/sony-nurdianto/farm/auth/internal/pbgen/auth.pb.go:60.54,62.2 1 0
github.com/sony-nurdianto/farm/auth/internal/pbgen/auth.pb.go:64.48,65.14 1 0
github.com/sony-nurdianto/farm/auth/internal/pbgen/auth.pb.go:65.14,67.3 1 0
github.com/sony-nurdianto/farm/auth/internal/pbgen/auth.pb.go:68.2,68.11 1 0
github.com/sony-nurdianto/farm/auth/internal/pbgen/auth.pb.go:71.51,72.14 1 0
github.com/sony-nurdianto/farm/auth/internal/pbgen/auth.pb.go:72.14,74.3 1 0
github.com/sony-nurdianto/farm/auth/internal/pbgen/auth.pb.go:75.2,75.11 1 0
github.com/sony-nurdianto/farm/auth/internal/pbgen/auth.pb.go:78.45,79.14 1 0
github.com/sony-nurdianto/farm/auth/internal/pbgen/auth.pb.go:79.14,81.3 1 0
github.com/sony-nurdianto/farm/auth/internal/pbgen/auth.pb.go:82.2,82.11 1 0
github.com/sony-nurdianto/farm/auth/internal/pbgen/auth.pb.go:85.48,86.14 1 0
github.com/sony-nurdianto/farm/auth/internal/pbgen/auth.pb.go:86.14,88.3 1 0
github.com/sony-nurdianto/farm/auth/internal/pbgen/auth.pb.go:89.2,89.11 1 0
github.com/sony-nurdianto/farm/auth/internal/pbgen/auth.pb.go:100.36,105.2 4 0
github.com/sony-nurdianto/farm/auth/internal/pbgen/auth.pb.go:107.44,109.2 1 0
github.com/sony-nurdianto/farm/auth/internal/pbgen/auth.pb.go:111.42,111.43 0 0
github.com/sony-nurdianto/farm/auth/internal/pbgen/auth.pb.go:113.64,115.14 2 0
github.com/sony-nurdianto/farm/auth/internal/pbgen/auth.pb.go:115.14,117.34 2 0
github.com/sony-nurdianto/farm/auth/internal/pbgen/auth.pb.go:117.34,119.4 1 0
github.com/sony-nurdianto/farm/auth/internal/pbgen/auth.pb.go:120.3,120.12 1 0
github.com/sony-nurdianto/farm/auth/internal/pbgen/auth.pb.go:122.2,122.24 1 0
github.com/sony-nurdianto/farm/auth/internal/pbgen/auth.pb.go:126.55,128.2 1 0
github.com/sony-nurdianto/farm/auth/internal/pbgen/auth.pb.go:130.44,131.14 1 0
github.com/sony-nurdianto/farm/auth/internal/pbgen/auth.pb.go:131.14,133.3 1 0
github.com/sony-nurdianto/farm/auth/internal/pbgen/auth.pb.go:134.2,134.11 1 0
github.com/sony-nurdianto/farm/auth/internal/pbgen/auth.pb.go:137.47,138.14 1 0
github.com/sony-nurdianto/farm/auth/internal/pbgen/auth.pb.go:138.14,140.3 1 0
github.com/sony-nurdianto/farm/auth/internal/pbgen/auth.pb.go:141.2,141.11 1 0
github.com/sony-nurdianto/farm/auth/internal/pbgen/auth.pb.go:165.51,166.48 1 0
github.com/sony-nurdianto/farm/auth/internal/pbgen/auth.pb.go:166.48,168.3 1 0
github.com/sony-nurdianto/farm/auth/internal/pbgen/auth.pb.go:169.2,169.44 1 0
github.com/sony-nurdianto/farm/auth/internal/pbgen/auth.pb.go:187.13,187.47 1 1
github.com/sony-nurdianto/farm/auth/internal/pbgen/auth.pb.go:188.37,189.36 1 1
github.com/sony-nurdianto/farm/auth/internal/pbgen/auth.pb.go:189.36,191.3 1 0
github.com/sony-nurdianto/farm/auth/internal/pbgen/auth.pb.go:192.2,208.39 5 1
github.com/sony-nurdianto/farm/auth/internal/pbgen/auth_grpc.pb.go:36.74,38.2 1 0
github.com/sony-nurdianto/farm/auth/internal/pbgen/auth_grpc.pb.go:40.132,44.16 4 0
github.com/sony-nurdianto/farm/auth/internal/pbgen/auth_grpc.pb.go:44.16,46.3 1 0
github.com/sony-nurdianto/farm/auth/internal/pbgen/auth_grpc.pb.go:47.2,47.17 1 0
github.com/sony-nurdianto/farm/auth/internal/pbgen/auth_grpc.pb.go:65.110,67.2 1 0
github.com/sony-nurdianto/farm/auth/internal/pbgen/auth_grpc.pb.go:68.82,68.83 0 0
github.com/sony-nurdianto/farm/auth/internal/pbgen/auth_grpc.pb.go:69.82,69.83 0 0
github.com/sony-nurdianto/farm/auth/internal/pbgen/auth_grpc.pb.go:78.80,83.59 1 0
github.com/sony-nurdianto/farm/auth/internal/pbgen/auth_grpc.pb.go:83.59,85.3 1 0
github.com/sony-nurdianto/farm/auth/internal/pbgen/auth_grpc.pb.go:86.2,86.50 1 0
github.com/sony-nurdianto/farm/auth/internal/pbgen/auth_grpc.pb.go:89.165,91.32 2 0
github.com/sony-nurdianto/farm/auth/internal/pbgen/auth_grpc.pb.go:91.32,93.3 1 0
github.com/sony-nurdianto/farm/auth/internal/pbgen/auth_grpc.pb.go:94.2,94.24 1 0
github.com/sony-nurdianto/farm/auth/internal/pbgen/auth_grpc.pb.go:94.24,96.3 1 0
github.com/sony-nurdianto/farm/auth/internal/pbgen/auth_grpc.pb.go:97.2,101.77 2 0
github.com/sony-nurdianto/farm/auth/internal/pbgen/auth_grpc.pb.go:101.77,103.3 1 0
github.com/sony-nurdianto/farm/auth/internal/pbgen/auth_grpc.pb.go:104.2,104.44 1 0
github.com/sony-nurdianto/farm/auth/internal/repository/create_user_async.go:18.9,24.16 2 1
github.com/sony-nurdianto/farm/auth/internal/repository/create_user_async.go:24.16,26.3 1 1
github.com/sony-nurdianto/farm/auth/internal/repository/create_user_async.go:28.2,29.16 2 1
github.com/sony-nurdianto/farm/auth/internal/repository/create_user_async.go:29.16,31.3 1 1
github.com/sony-nurdianto/farm/auth/internal/repository/create_user_async.go:33.2,34.16 2 1
github.com/sony-nurdianto/farm/auth/internal/repository/create_user_async.go:34.16,36.3 1 1
github.com/sony-nurdianto/farm/auth/internal/repository/create_user_async.go:38.2,60.59 5 1
github.com/sony-nurdianto/farm/auth/internal/repository/create_user_async.go:60.59,62.3 1 1
github.com/sony-nurdianto/farm/auth/internal/repository/create_user_async.go:64.2,64.69 1 1
github.com/sony-nurdianto/farm/auth/internal/repository/create_user_async.go:64.69,66.3 1 1
github.com/sony-nurdianto/farm/auth/internal/repository/create_user_async.go:68.2,68.66 1 1
github.com/sony-nurdianto/farm/auth/internal/repository/create_user_async.go:68.66,70.3 1 1
github.com/sony-nurdianto/farm/auth/internal/repository/create_user_async.go:72.2,72.47 1 1
github.com/sony-nurdianto/farm/auth/internal/repository/create_user_async.go:77.9,95.2 5 1
github.com/sony-nurdianto/farm/auth/internal/repository/get_user.go:10.78,21.16 5 1
github.com/sony-nurdianto/farm/auth/internal/repository/get_user.go:21.16,23.3 1 1
github.com/sony-nurdianto/farm/auth/internal/repository/get_user.go:25.2,25.18 1 1
github.com/sony-nurdianto/farm/auth/internal/repository/repo.go:37.75,44.2 2 1
github.com/sony-nurdianto/farm/auth/internal/repository/repo.go:46.84,49.14 3 1
github.com/sony-nurdianto/farm/auth/internal/repository/repo.go:49.14,51.17 2 1
github.com/sony-nurdianto/farm/auth/internal/repository/repo.go:51.17,53.4 1 1
github.com/sony-nurdianto/farm/auth/internal/repository/repo.go:54.3,56.12 2 1
github.com/sony-nurdianto/farm/auth/internal/repository/repo.go:58.2,58.83 1 1
github.com/sony-nurdianto/farm/auth/internal/repository/repo.go:66.26,68.16 2 1
github.com/sony-nurdianto/farm/auth/internal/repository/repo.go:68.16,70.3 1 1
github.com/sony-nurdianto/farm/auth/internal/repository/repo.go:72.2,75.16 3 1
github.com/sony-nurdianto/farm/auth/internal/repository/repo.go:75.16,77.3 1 1
github.com/sony-nurdianto/farm/auth/internal/repository/repo.go:79.2,82.16 3 1
github.com/sony-nurdianto/farm/auth/internal/repository/repo.go:82.16,84.3 1 1
github.com/sony-nurdianto/farm/auth/internal/repository/repo.go:86.2,101.16 4 1
github.com/sony-nurdianto/farm/auth/internal/repository/repo.go:101.16,103.3 1 1
github.com/sony-nurdianto/farm/auth/internal/repository/repo.go:105.2,111.16 5 1
github.com/sony-nurdianto/farm/auth/internal/repository/repo.go:111.16,113.3 1 1
github.com/sony-nurdianto/farm/auth/internal/repository/repo.go:115.2,122.64 3 1
github.com/sony-nurdianto/farm/auth/internal/repository/repo.go:122.64,124.3 1 1
github.com/sony-nurdianto/farm/auth/internal/repository/repo.go:126.2,128.16 2 1
github.com/sony-nurdianto/farm/auth/internal/repository/repo.go:131.32,135.2 3 1
