mode: set
github.com/sony-nurdianto/farm/shared_lib/Go/kafkaev/test/mocks/kev/mock_kafka.go:30.55,34.2 3 0
github.com/sony-nurdianto/farm/shared_lib/Go/kafkaev/test/mocks/kev/mock_kafka.go:37.53,39.2 1 0
github.com/sony-nurdianto/farm/shared_lib/Go/kafkaev/test/mocks/kev/mock_kafka.go:42.81,48.2 5 0
github.com/sony-nurdianto/farm/shared_lib/Go/kafkaev/test/mocks/kev/mock_kafka.go:51.77,54.2 2 0
github.com/sony-nurdianto/farm/shared_lib/Go/kafkaev/test/mocks/kev/mock_producer.go:29.67,33.2 3 0
github.com/sony-nurdianto/farm/shared_lib/Go/kafkaev/test/mocks/kev/mock_producer.go:36.65,38.2 1 0
github.com/sony-nurdianto/farm/shared_lib/Go/kafkaev/test/mocks/kev/mock_producer.go:41.35,44.2 2 0
github.com/sony-nurdianto/farm/shared_lib/Go/kafkaev/test/mocks/kev/mock_producer.go:47.61,50.2 2 0
github.com/sony-nurdianto/farm/shared_lib/Go/kafkaev/test/mocks/kev/mock_producer.go:53.53,58.2 4 0
github.com/sony-nurdianto/farm/shared_lib/Go/kafkaev/test/mocks/kev/mock_producer.go:61.62,64.2 2 0
github.com/sony-nurdianto/farm/shared_lib/Go/kafkaev/test/mocks/kev/mock_producer.go:67.52,72.2 4 0
github.com/sony-nurdianto/farm/shared_lib/Go/kafkaev/test/mocks/kev/mock_producer.go:75.82,78.2 2 0
github.com/sony-nurdianto/farm/shared_lib/Go/kafkaev/test/mocks/kev/mock_producer.go:81.59,86.2 4 0
github.com/sony-nurdianto/farm/shared_lib/Go/kafkaev/test/mocks/kev/mock_producer.go:89.69,92.2 2 0
github.com/sony-nurdianto/farm/shared_lib/Go/kafkaev/test/mocks/kev/mock_producer.go:95.92,100.2 4 0
github.com/sony-nurdianto/farm/shared_lib/Go/kafkaev/test/mocks/kev/mock_producer.go:103.92,106.2 2 0
github.com/sony-nurdianto/farm/shared_lib/Go/kafkaev/test/mocks/avr/mock_deserialize.go:28.75,32.2 3 0
github.com/sony-nurdianto/farm/shared_lib/Go/kafkaev/test/mocks/avr/mock_deserialize.go:35.73,37.2 1 0
github.com/sony-nurdianto/farm/shared_lib/Go/kafkaev/test/mocks/avr/mock_deserialize.go:40.92,45.2 4 0
github.com/sony-nurdianto/farm/shared_lib/Go/kafkaev/test/mocks/avr/mock_deserialize.go:48.106,51.2 2 0
github.com/sony-nurdianto/farm/shared_lib/Go/kafkaev/test/mocks/avr/mock_serde_instance.go:32.77,36.2 3 0
github.com/sony-nurdianto/farm/shared_lib/Go/kafkaev/test/mocks/avr/mock_serde_instance.go:39.75,41.2 1 0
github.com/sony-nurdianto/farm/shared_lib/Go/kafkaev/test/mocks/avr/mock_serde_instance.go:44.167,50.2 5 0
github.com/sony-nurdianto/farm/shared_lib/Go/kafkaev/test/mocks/avr/mock_serde_instance.go:53.118,56.2 2 0
github.com/sony-nurdianto/farm/shared_lib/Go/kafkaev/test/mocks/avr/mock_serde_instance.go:59.161,65.2 5 0
github.com/sony-nurdianto/farm/shared_lib/Go/kafkaev/test/mocks/avr/mock_serde_instance.go:68.116,71.2 2 0
github.com/sony-nurdianto/farm/shared_lib/Go/kafkaev/test/mocks/avr/mock_serializer.go:28.71,32.2 3 0
github.com/sony-nurdianto/farm/shared_lib/Go/kafkaev/test/mocks/avr/mock_serializer.go:35.69,37.2 1 0
github.com/sony-nurdianto/farm/shared_lib/Go/kafkaev/test/mocks/avr/mock_serializer.go:40.78,46.2 5 0
github.com/sony-nurdianto/farm/shared_lib/Go/kafkaev/test/mocks/avr/mock_serializer.go:49.89,52.2 2 0
github.com/sony-nurdianto/farm/shared_lib/Go/kafkaev/test/mocks/schrgs/mock_confluent_client.go:29.57,33.2 3 0
github.com/sony-nurdianto/farm/shared_lib/Go/kafkaev/test/mocks/schrgs/mock_confluent_client.go:36.55,38.2 1 0
github.com/sony-nurdianto/farm/shared_lib/Go/kafkaev/test/mocks/schrgs/mock_confluent_client.go:41.42,46.2 4 0
github.com/sony-nurdianto/farm/shared_lib/Go/kafkaev/test/mocks/schrgs/mock_confluent_client.go:49.62,52.2 2 0
github.com/sony-nurdianto/farm/shared_lib/Go/kafkaev/test/mocks/schrgs/mock_confluent_client.go:55.48,60.2 4 0
github.com/sony-nurdianto/farm/shared_lib/Go/kafkaev/test/mocks/schrgs/mock_confluent_client.go:63.68,66.2 2 0
github.com/sony-nurdianto/farm/shared_lib/Go/kafkaev/test/mocks/schrgs/mock_confluent_client.go:69.36,74.2 4 0
github.com/sony-nurdianto/farm/shared_lib/Go/kafkaev/test/mocks/schrgs/mock_confluent_client.go:77.56,80.2 2 0
github.com/sony-nurdianto/farm/shared_lib/Go/kafkaev/test/mocks/schrgs/mock_confluent_client.go:83.54,88.2 4 0
github.com/sony-nurdianto/farm/shared_lib/Go/kafkaev/test/mocks/schrgs/mock_confluent_client.go:91.57,94.2 2 0
github.com/sony-nurdianto/farm/shared_lib/Go/kafkaev/test/mocks/schrgs/mock_confluent_client.go:97.75,103.2 5 0
github.com/sony-nurdianto/farm/shared_lib/Go/kafkaev/test/mocks/schrgs/mock_confluent_client.go:106.86,109.2 2 0
github.com/sony-nurdianto/farm/shared_lib/Go/kafkaev/test/mocks/schrgs/mock_confluent_client.go:112.90,118.2 5 0
github.com/sony-nurdianto/farm/shared_lib/Go/kafkaev/test/mocks/schrgs/mock_confluent_client.go:121.99,124.2 2 0
github.com/sony-nurdianto/farm/shared_lib/Go/kafkaev/test/mocks/schrgs/mock_confluent_client.go:127.57,133.2 5 0
github.com/sony-nurdianto/farm/shared_lib/Go/kafkaev/test/mocks/schrgs/mock_confluent_client.go:136.65,139.2 2 0
github.com/sony-nurdianto/farm/shared_lib/Go/kafkaev/test/mocks/schrgs/mock_confluent_client.go:142.57,148.2 5 0
github.com/sony-nurdianto/farm/shared_lib/Go/kafkaev/test/mocks/schrgs/mock_confluent_client.go:151.65,154.2 2 0
github.com/sony-nurdianto/farm/shared_lib/Go/kafkaev/test/mocks/schrgs/mock_confluent_client.go:157.65,163.2 5 0
github.com/sony-nurdianto/farm/shared_lib/Go/kafkaev/test/mocks/schrgs/mock_confluent_client.go:166.81,169.2 2 0
github.com/sony-nurdianto/farm/shared_lib/Go/kafkaev/test/mocks/schrgs/mock_confluent_client.go:172.80,178.2 5 0
github.com/sony-nurdianto/farm/shared_lib/Go/kafkaev/test/mocks/schrgs/mock_confluent_client.go:181.76,184.2 2 0
github.com/sony-nurdianto/farm/shared_lib/Go/kafkaev/test/mocks/schrgs/mock_confluent_client.go:187.98,193.2 5 0
github.com/sony-nurdianto/farm/shared_lib/Go/kafkaev/test/mocks/schrgs/mock_confluent_client.go:196.90,199.2 2 0
github.com/sony-nurdianto/farm/shared_lib/Go/kafkaev/test/mocks/schrgs/mock_confluent_client.go:202.90,208.2 5 0
github.com/sony-nurdianto/farm/shared_lib/Go/kafkaev/test/mocks/schrgs/mock_confluent_client.go:211.83,214.2 2 0
github.com/sony-nurdianto/farm/shared_lib/Go/kafkaev/test/mocks/schrgs/mock_confluent_client.go:217.93,223.2 5 0
github.com/sony-nurdianto/farm/shared_lib/Go/kafkaev/test/mocks/schrgs/mock_confluent_client.go:226.82,229.2 2 0
github.com/sony-nurdianto/farm/shared_lib/Go/kafkaev/test/mocks/schrgs/mock_confluent_client.go:232.86,238.2 5 0
github.com/sony-nurdianto/farm/shared_lib/Go/kafkaev/test/mocks/schrgs/mock_confluent_client.go:241.74,244.2 2 0
github.com/sony-nurdianto/farm/shared_lib/Go/kafkaev/test/mocks/schrgs/mock_confluent_client.go:247.78,253.2 5 0
github.com/sony-nurdianto/farm/shared_lib/Go/kafkaev/test/mocks/schrgs/mock_confluent_client.go:256.67,259.2 2 0
github.com/sony-nurdianto/farm/shared_lib/Go/kafkaev/test/mocks/schrgs/mock_confluent_client.go:262.97,268.2 5 0
github.com/sony-nurdianto/farm/shared_lib/Go/kafkaev/test/mocks/schrgs/mock_confluent_client.go:271.84,274.2 2 0
github.com/sony-nurdianto/farm/shared_lib/Go/kafkaev/test/mocks/schrgs/mock_confluent_client.go:277.135,283.2 5 0
github.com/sony-nurdianto/farm/shared_lib/Go/kafkaev/test/mocks/schrgs/mock_confluent_client.go:286.96,289.2 2 0
github.com/sony-nurdianto/farm/shared_lib/Go/kafkaev/test/mocks/schrgs/mock_confluent_client.go:292.98,298.2 5 0
github.com/sony-nurdianto/farm/shared_lib/Go/kafkaev/test/mocks/schrgs/mock_confluent_client.go:301.90,304.2 2 0
github.com/sony-nurdianto/farm/shared_lib/Go/kafkaev/test/mocks/schrgs/mock_confluent_client.go:307.131,313.2 5 0
github.com/sony-nurdianto/farm/shared_lib/Go/kafkaev/test/mocks/schrgs/mock_confluent_client.go:316.100,319.2 2 0
github.com/sony-nurdianto/farm/shared_lib/Go/kafkaev/test/mocks/schrgs/mock_confluent_client.go:322.102,328.2 5 0
github.com/sony-nurdianto/farm/shared_lib/Go/kafkaev/test/mocks/schrgs/mock_confluent_client.go:331.90,334.2 2 0
github.com/sony-nurdianto/farm/shared_lib/Go/kafkaev/test/mocks/schrgs/mock_confluent_client.go:337.127,343.2 5 0
github.com/sony-nurdianto/farm/shared_lib/Go/kafkaev/test/mocks/schrgs/mock_confluent_client.go:346.110,349.2 2 0
github.com/sony-nurdianto/farm/shared_lib/Go/kafkaev/test/mocks/schrgs/mock_confluent_client.go:352.103,358.2 5 0
github.com/sony-nurdianto/farm/shared_lib/Go/kafkaev/test/mocks/schrgs/mock_confluent_client.go:361.93,364.2 2 0
github.com/sony-nurdianto/farm/shared_lib/Go/kafkaev/test/mocks/schrgs/mock_confluent_client.go:367.102,373.2 5 0
github.com/sony-nurdianto/farm/shared_lib/Go/kafkaev/test/mocks/schrgs/mock_confluent_client.go:376.89,379.2 2 0
github.com/sony-nurdianto/farm/shared_lib/Go/kafkaev/test/mocks/schrgs/mock_confluent_client.go:382.122,388.2 5 0
github.com/sony-nurdianto/farm/shared_lib/Go/kafkaev/test/mocks/schrgs/mock_confluent_client.go:391.109,394.2 2 0
github.com/sony-nurdianto/farm/shared_lib/Go/kafkaev/test/mocks/schrgs/mock_confluent_client.go:397.100,403.2 5 0
github.com/sony-nurdianto/farm/shared_lib/Go/kafkaev/test/mocks/schrgs/mock_confluent_client.go:406.87,409.2 2 0
github.com/sony-nurdianto/farm/shared_lib/Go/kafkaev/test/mocks/schrgs/mock_confluent_client.go:412.138,418.2 5 0
github.com/sony-nurdianto/farm/shared_lib/Go/kafkaev/test/mocks/schrgs/mock_confluent_client.go:421.99,424.2 2 0
github.com/sony-nurdianto/farm/shared_lib/Go/kafkaev/test/mocks/schrgs/mock_confluent_client.go:427.109,433.2 5 0
github.com/sony-nurdianto/farm/shared_lib/Go/kafkaev/test/mocks/schrgs/mock_confluent_client.go:436.96,439.2 2 0
github.com/sony-nurdianto/farm/shared_lib/Go/kafkaev/test/mocks/schrgs/mock_confluent_client.go:442.106,448.2 5 0
github.com/sony-nurdianto/farm/shared_lib/Go/kafkaev/test/mocks/schrgs/mock_confluent_client.go:451.97,454.2 2 0
github.com/sony-nurdianto/farm/shared_lib/Go/kafkaev/test/mocks/schrgs/mock_confluent_client.go:457.128,463.2 5 0
github.com/sony-nurdianto/farm/shared_lib/Go/kafkaev/test/mocks/schrgs/mock_confluent_client.go:466.92,469.2 2 0
github.com/sony-nurdianto/farm/shared_lib/Go/kafkaev/test/mocks/schrgs/mock_confluent_client.go:472.119,478.2 5 0
github.com/sony-nurdianto/farm/shared_lib/Go/kafkaev/test/mocks/schrgs/mock_confluent_client.go:481.85,484.2 2 0
github.com/sony-nurdianto/farm/shared_lib/Go/kafkaev/test/mocks/schrgs/mock_confluent_client.go:487.122,493.2 5 0
github.com/sony-nurdianto/farm/shared_lib/Go/kafkaev/test/mocks/schrgs/mock_confluent_client.go:496.93,499.2 2 0
github.com/sony-nurdianto/farm/shared_lib/Go/kafkaev/test/mocks/schrgs/mock_confluent_client.go:502.113,508.2 5 0
github.com/sony-nurdianto/farm/shared_lib/Go/kafkaev/test/mocks/schrgs/mock_confluent_client.go:511.86,514.2 2 0
github.com/sony-nurdianto/farm/shared_lib/Go/kafkaev/test/mocks/schrgs/mock_schemargs_client.go:29.87,33.2 3 0
github.com/sony-nurdianto/farm/shared_lib/Go/kafkaev/test/mocks/schrgs/mock_schemargs_client.go:36.85,38.2 1 0
github.com/sony-nurdianto/farm/shared_lib/Go/kafkaev/test/mocks/schrgs/mock_schemargs_client.go:41.116,47.2 5 0
github.com/sony-nurdianto/farm/shared_lib/Go/kafkaev/test/mocks/schrgs/mock_schemargs_client.go:50.108,53.2 2 0
github.com/sony-nurdianto/farm/shared_lib/Go/kafkaev/test/mocks/schrgs/mock_schemargs_client.go:56.125,62.2 5 0
github.com/sony-nurdianto/farm/shared_lib/Go/kafkaev/test/mocks/schrgs/mock_schemargs_client.go:65.112,68.2 2 0
github.com/sony-nurdianto/farm/shared_lib/Go/kafkaev/test/mocks/schrgs/mock_schemargs_instance.go:29.91,33.2 3 0
github.com/sony-nurdianto/farm/shared_lib/Go/kafkaev/test/mocks/schrgs/mock_schemargs_instance.go:36.89,38.2 1 0
github.com/sony-nurdianto/farm/shared_lib/Go/kafkaev/test/mocks/schrgs/mock_schemargs_instance.go:41.109,47.2 5 0
github.com/sony-nurdianto/farm/shared_lib/Go/kafkaev/test/mocks/schrgs/mock_schemargs_instance.go:50.93,53.2 2 0
github.com/sony-nurdianto/farm/shared_lib/Go/kafkaev/kev/kafka_def.go:12.30,14.2 1 1
github.com/sony-nurdianto/farm/shared_lib/Go/kafkaev/kev/kafka_def.go:16.77,18.16 2 1
github.com/sony-nurdianto/farm/shared_lib/Go/kafkaev/kev/kafka_def.go:18.16,20.3 1 0
github.com/sony-nurdianto/farm/shared_lib/Go/kafkaev/kev/kafka_def.go:22.2,22.28 1 1
github.com/sony-nurdianto/farm/shared_lib/Go/kafkaev/kev/kevmsg.go:27.46,33.2 2 0
github.com/sony-nurdianto/farm/shared_lib/Go/kafkaev/kev/kevmsg.go:44.63,55.2 2 0
github.com/sony-nurdianto/farm/shared_lib/Go/kafkaev/kev/kevmsg.go:67.48,69.31 2 0
github.com/sony-nurdianto/farm/shared_lib/Go/kafkaev/kev/kevmsg.go:69.31,71.3 1 0
github.com/sony-nurdianto/farm/shared_lib/Go/kafkaev/kev/kevmsg.go:73.2,83.12 2 0
github.com/sony-nurdianto/farm/shared_lib/Go/kafkaev/kev/producer.go:31.79,40.21 4 0
github.com/sony-nurdianto/farm/shared_lib/Go/kafkaev/kev/producer.go:40.21,43.3 2 0
github.com/sony-nurdianto/farm/shared_lib/Go/kafkaev/kev/producer.go:46.2,48.13 2 0
github.com/sony-nurdianto/farm/shared_lib/Go/kafkaev/kev/producer.go:52.45,54.23 2 0
github.com/sony-nurdianto/farm/shared_lib/Go/kafkaev/kev/producer.go:54.23,56.3 1 0
github.com/sony-nurdianto/farm/shared_lib/Go/kafkaev/kev/producer.go:57.2,60.27 3 0
github.com/sony-nurdianto/farm/shared_lib/Go/kafkaev/kev/producer.go:60.27,63.3 2 0
github.com/sony-nurdianto/farm/shared_lib/Go/kafkaev/kev/producer.go:65.2,66.32 2 0
github.com/sony-nurdianto/farm/shared_lib/Go/kafkaev/kev/producer.go:69.96,74.49 3 0
github.com/sony-nurdianto/farm/shared_lib/Go/kafkaev/kev/producer.go:74.49,78.3 3 0
github.com/sony-nurdianto/farm/shared_lib/Go/kafkaev/kev/producer.go:79.2,86.49 4 0
github.com/sony-nurdianto/farm/shared_lib/Go/kafkaev/kev/producer.go:86.49,89.3 2 0
github.com/sony-nurdianto/farm/shared_lib/Go/kafkaev/kev/producer.go:93.2,94.16 2 0
github.com/sony-nurdianto/farm/shared_lib/Go/kafkaev/kev/producer.go:94.16,96.3 1 0
github.com/sony-nurdianto/farm/shared_lib/Go/kafkaev/kev/producer.go:98.2,104.29 2 0
github.com/sony-nurdianto/farm/shared_lib/Go/kafkaev/kev/producer.go:104.29,106.3 1 0
github.com/sony-nurdianto/farm/shared_lib/Go/kafkaev/kev/producer.go:108.2,109.20 2 0
github.com/sony-nurdianto/farm/shared_lib/Go/kafkaev/kev/producer.go:112.77,113.15 1 0
github.com/sony-nurdianto/farm/shared_lib/Go/kafkaev/kev/producer.go:113.15,118.3 3 0
github.com/sony-nurdianto/farm/shared_lib/Go/kafkaev/kev/producer.go:120.2,120.35 1 0
github.com/sony-nurdianto/farm/shared_lib/Go/kafkaev/kev/producer.go:120.35,121.25 1 0
github.com/sony-nurdianto/farm/shared_lib/Go/kafkaev/kev/producer.go:122.23,123.38 1 0
github.com/sony-nurdianto/farm/shared_lib/Go/kafkaev/kev/producer.go:123.38,125.5 1 0
github.com/sony-nurdianto/farm/shared_lib/Go/kafkaev/kev/producer.go:125.10,127.5 1 0
github.com/sony-nurdianto/farm/shared_lib/Go/kafkaev/kev/producer.go:128.20,130.20 2 0
github.com/sony-nurdianto/farm/shared_lib/Go/kafkaev/kev/producer.go:130.20,133.5 2 0
github.com/sony-nurdianto/farm/shared_lib/Go/kafkaev/kev/producer.go:134.20,135.44 1 0
github.com/sony-nurdianto/farm/shared_lib/Go/kafkaev/kev/producer.go:136.23,137.81 1 0
github.com/sony-nurdianto/farm/shared_lib/Go/kafkaev/kev/producer.go:138.11,139.46 1 0
github.com/sony-nurdianto/farm/shared_lib/Go/kafkaev/kev/producer.go:144.82,148.21 3 0
github.com/sony-nurdianto/farm/shared_lib/Go/kafkaev/kev/producer.go:148.21,150.3 1 0
github.com/sony-nurdianto/farm/shared_lib/Go/kafkaev/kev/producer.go:153.78,158.40 4 0
github.com/sony-nurdianto/farm/shared_lib/Go/kafkaev/kev/producer.go:158.40,159.45 1 0
github.com/sony-nurdianto/farm/shared_lib/Go/kafkaev/kev/producer.go:159.45,163.4 3 0
github.com/sony-nurdianto/farm/shared_lib/Go/kafkaev/kev/producer.go:167.38,171.40 3 0
github.com/sony-nurdianto/farm/shared_lib/Go/kafkaev/kev/producer.go:171.40,174.3 2 0
github.com/sony-nurdianto/farm/shared_lib/Go/kafkaev/kev/producer.go:176.2,176.48 1 0
github.com/sony-nurdianto/farm/shared_lib/Go/kafkaev/kev/producer.go:179.60,185.36 3 0
github.com/sony-nurdianto/farm/shared_lib/Go/kafkaev/kev/producer.go:185.36,187.32 2 0
github.com/sony-nurdianto/farm/shared_lib/Go/kafkaev/kev/producer.go:187.32,189.5 1 0
github.com/sony-nurdianto/farm/shared_lib/Go/kafkaev/kev/producer.go:190.4,190.15 1 0
github.com/sony-nurdianto/farm/shared_lib/Go/kafkaev/kev/producer.go:195.93,197.30 2 0
github.com/sony-nurdianto/farm/shared_lib/Go/kafkaev/kev/producer.go:197.30,199.3 1 0
github.com/sony-nurdianto/farm/shared_lib/Go/kafkaev/kev/producer.go:201.2,201.18 1 0
github.com/sony-nurdianto/farm/shared_lib/Go/kafkaev/kev/producer.go:204.95,208.16 3 0
github.com/sony-nurdianto/farm/shared_lib/Go/kafkaev/kev/producer.go:208.16,210.3 1 0
github.com/sony-nurdianto/farm/shared_lib/Go/kafkaev/kev/producer.go:212.2,214.38 2 0
github.com/sony-nurdianto/farm/shared_lib/Go/kafkaev/kev/producer.go:217.102,218.20 1 0
github.com/sony-nurdianto/farm/shared_lib/Go/kafkaev/kev/producer.go:218.20,220.3 1 0
github.com/sony-nurdianto/farm/shared_lib/Go/kafkaev/kev/producer.go:222.2,225.16 3 0
github.com/sony-nurdianto/farm/shared_lib/Go/kafkaev/kev/producer.go:225.16,227.3 1 0
github.com/sony-nurdianto/farm/shared_lib/Go/kafkaev/kev/producer.go:229.2,231.27 2 0
github.com/sony-nurdianto/farm/shared_lib/Go/kafkaev/kev/producer.go:231.27,232.17 1 0
github.com/sony-nurdianto/farm/shared_lib/Go/kafkaev/kev/producer.go:232.17,233.12 1 0
github.com/sony-nurdianto/farm/shared_lib/Go/kafkaev/kev/producer.go:236.3,240.17 4 0
github.com/sony-nurdianto/farm/shared_lib/Go/kafkaev/kev/producer.go:240.17,242.4 1 0
github.com/sony-nurdianto/farm/shared_lib/Go/kafkaev/kev/producer.go:244.3,244.13 1 0
github.com/sony-nurdianto/farm/shared_lib/Go/kafkaev/kev/producer.go:244.13,246.11 2 0
github.com/sony-nurdianto/farm/shared_lib/Go/kafkaev/kev/producer.go:246.11,248.5 1 0
github.com/sony-nurdianto/farm/shared_lib/Go/kafkaev/kev/producer.go:250.4,250.39 1 0
github.com/sony-nurdianto/farm/shared_lib/Go/kafkaev/kev/producer.go:250.39,251.38 1 0
github.com/sony-nurdianto/farm/shared_lib/Go/kafkaev/kev/producer.go:251.38,253.6 1 0
github.com/sony-nurdianto/farm/shared_lib/Go/kafkaev/kev/producer.go:257.4,257.11 1 0
github.com/sony-nurdianto/farm/shared_lib/Go/kafkaev/kev/producer.go:258.33,259.12 1 0
github.com/sony-nurdianto/farm/shared_lib/Go/kafkaev/kev/producer.go:259.12,261.6 1 0
github.com/sony-nurdianto/farm/shared_lib/Go/kafkaev/kev/producer.go:262.12,263.24 1 0
github.com/sony-nurdianto/farm/shared_lib/Go/kafkaev/kev/producer.go:268.2,269.19 2 0
github.com/sony-nurdianto/farm/shared_lib/Go/kafkaev/kev/producer.go:269.19,271.3 1 0
github.com/sony-nurdianto/farm/shared_lib/Go/kafkaev/kev/producer.go:273.2,273.12 1 0
github.com/sony-nurdianto/farm/shared_lib/Go/kafkaev/kev/producer_def.go:18.50,22.2 1 1
github.com/sony-nurdianto/farm/shared_lib/Go/kafkaev/kev/producer_def.go:24.51,26.2 1 0
github.com/sony-nurdianto/farm/shared_lib/Go/kafkaev/kev/producer_def.go:28.45,30.2 1 0
github.com/sony-nurdianto/farm/shared_lib/Go/kafkaev/kev/producer_def.go:32.84,34.2 1 0
github.com/sony-nurdianto/farm/shared_lib/Go/kafkaev/kev/producer_def.go:36.44,38.2 1 0
github.com/sony-nurdianto/farm/shared_lib/Go/kafkaev/kev/producer_def.go:40.27,42.2 1 0
github.com/sony-nurdianto/farm/shared_lib/Go/kafkaev/test/mocks/avr/mock_deserialize.go:28.75,32.2 3 0
github.com/sony-nurdianto/farm/shared_lib/Go/kafkaev/test/mocks/avr/mock_deserialize.go:35.73,37.2 1 0
github.com/sony-nurdianto/farm/shared_lib/Go/kafkaev/test/mocks/avr/mock_deserialize.go:40.92,45.2 4 0
github.com/sony-nurdianto/farm/shared_lib/Go/kafkaev/test/mocks/avr/mock_deserialize.go:48.106,51.2 2 0
github.com/sony-nurdianto/farm/shared_lib/Go/kafkaev/test/mocks/avr/mock_serde_instance.go:32.77,36.2 3 0
github.com/sony-nurdianto/farm/shared_lib/Go/kafkaev/test/mocks/avr/mock_serde_instance.go:39.75,41.2 1 0
github.com/sony-nurdianto/farm/shared_lib/Go/kafkaev/test/mocks/avr/mock_serde_instance.go:44.167,50.2 5 0
github.com/sony-nurdianto/farm/shared_lib/Go/kafkaev/test/mocks/avr/mock_serde_instance.go:53.118,56.2 2 0
github.com/sony-nurdianto/farm/shared_lib/Go/kafkaev/test/mocks/avr/mock_serde_instance.go:59.161,65.2 5 0
github.com/sony-nurdianto/farm/shared_lib/Go/kafkaev/test/mocks/avr/mock_serde_instance.go:68.116,71.2 2 0
github.com/sony-nurdianto/farm/shared_lib/Go/kafkaev/test/mocks/avr/mock_serializer.go:28.71,32.2 3 0
github.com/sony-nurdianto/farm/shared_lib/Go/kafkaev/test/mocks/avr/mock_serializer.go:35.69,37.2 1 0
github.com/sony-nurdianto/farm/shared_lib/Go/kafkaev/test/mocks/avr/mock_serializer.go:40.78,46.2 5 0
github.com/sony-nurdianto/farm/shared_lib/Go/kafkaev/test/mocks/avr/mock_serializer.go:49.89,52.2 2 0
github.com/sony-nurdianto/farm/shared_lib/Go/kafkaev/test/mocks/kev/mock_kafka.go:30.55,34.2 3 0
github.com/sony-nurdianto/farm/shared_lib/Go/kafkaev/test/mocks/kev/mock_kafka.go:37.53,39.2 1 0
github.com/sony-nurdianto/farm/shared_lib/Go/kafkaev/test/mocks/kev/mock_kafka.go:42.81,48.2 5 0
github.com/sony-nurdianto/farm/shared_lib/Go/kafkaev/test/mocks/kev/mock_kafka.go:51.77,54.2 2 0
github.com/sony-nurdianto/farm/shared_lib/Go/kafkaev/test/mocks/kev/mock_producer.go:29.67,33.2 3 0
github.com/sony-nurdianto/farm/shared_lib/Go/kafkaev/test/mocks/kev/mock_producer.go:36.65,38.2 1 0
github.com/sony-nurdianto/farm/shared_lib/Go/kafkaev/test/mocks/kev/mock_producer.go:41.35,44.2 2 0
github.com/sony-nurdianto/farm/shared_lib/Go/kafkaev/test/mocks/kev/mock_producer.go:47.61,50.2 2 0
github.com/sony-nurdianto/farm/shared_lib/Go/kafkaev/test/mocks/kev/mock_producer.go:53.53,58.2 4 0
github.com/sony-nurdianto/farm/shared_lib/Go/kafkaev/test/mocks/kev/mock_producer.go:61.62,64.2 2 0
github.com/sony-nurdianto/farm/shared_lib/Go/kafkaev/test/mocks/kev/mock_producer.go:67.52,72.2 4 0
github.com/sony-nurdianto/farm/shared_lib/Go/kafkaev/test/mocks/kev/mock_producer.go:75.82,78.2 2 0
github.com/sony-nurdianto/farm/shared_lib/Go/kafkaev/test/mocks/kev/mock_producer.go:81.59,86.2 4 0
github.com/sony-nurdianto/farm/shared_lib/Go/kafkaev/test/mocks/kev/mock_producer.go:89.69,92.2 2 0
github.com/sony-nurdianto/farm/shared_lib/Go/kafkaev/test/mocks/kev/mock_producer.go:95.92,100.2 4 0
github.com/sony-nurdianto/farm/shared_lib/Go/kafkaev/test/mocks/kev/mock_producer.go:103.92,106.2 2 0
github.com/sony-nurdianto/farm/shared_lib/Go/kafkaev/test/mocks/schrgs/mock_confluent_client.go:29.57,33.2 3 0
github.com/sony-nurdianto/farm/shared_lib/Go/kafkaev/test/mocks/schrgs/mock_confluent_client.go:36.55,38.2 1 0
github.com/sony-nurdianto/farm/shared_lib/Go/kafkaev/test/mocks/schrgs/mock_confluent_client.go:41.42,46.2 4 0
github.com/sony-nurdianto/farm/shared_lib/Go/kafkaev/test/mocks/schrgs/mock_confluent_client.go:49.62,52.2 2 0
github.com/sony-nurdianto/farm/shared_lib/Go/kafkaev/test/mocks/schrgs/mock_confluent_client.go:55.48,60.2 4 0
github.com/sony-nurdianto/farm/shared_lib/Go/kafkaev/test/mocks/schrgs/mock_confluent_client.go:63.68,66.2 2 0
github.com/sony-nurdianto/farm/shared_lib/Go/kafkaev/test/mocks/schrgs/mock_confluent_client.go:69.36,74.2 4 0
github.com/sony-nurdianto/farm/shared_lib/Go/kafkaev/test/mocks/schrgs/mock_confluent_client.go:77.56,80.2 2 0
github.com/sony-nurdianto/farm/shared_lib/Go/kafkaev/test/mocks/schrgs/mock_confluent_client.go:83.54,88.2 4 0
github.com/sony-nurdianto/farm/shared_lib/Go/kafkaev/test/mocks/schrgs/mock_confluent_client.go:91.57,94.2 2 0
github.com/sony-nurdianto/farm/shared_lib/Go/kafkaev/test/mocks/schrgs/mock_confluent_client.go:97.75,103.2 5 0
github.com/sony-nurdianto/farm/shared_lib/Go/kafkaev/test/mocks/schrgs/mock_confluent_client.go:106.86,109.2 2 0
github.com/sony-nurdianto/farm/shared_lib/Go/kafkaev/test/mocks/schrgs/mock_confluent_client.go:112.90,118.2 5 0
github.com/sony-nurdianto/farm/shared_lib/Go/kafkaev/test/mocks/schrgs/mock_confluent_client.go:121.99,124.2 2 0
github.com/sony-nurdianto/farm/shared_lib/Go/kafkaev/test/mocks/schrgs/mock_confluent_client.go:127.57,133.2 5 0
github.com/sony-nurdianto/farm/shared_lib/Go/kafkaev/test/mocks/schrgs/mock_confluent_client.go:136.65,139.2 2 0
github.com/sony-nurdianto/farm/shared_lib/Go/kafkaev/test/mocks/schrgs/mock_confluent_client.go:142.57,148.2 5 0
github.com/sony-nurdianto/farm/shared_lib/Go/kafkaev/test/mocks/schrgs/mock_confluent_client.go:151.65,154.2 2 0
github.com/sony-nurdianto/farm/shared_lib/Go/kafkaev/test/mocks/schrgs/mock_confluent_client.go:157.65,163.2 5 0
github.com/sony-nurdianto/farm/shared_lib/Go/kafkaev/test/mocks/schrgs/mock_confluent_client.go:166.81,169.2 2 0
github.com/sony-nurdianto/farm/shared_lib/Go/kafkaev/test/mocks/schrgs/mock_confluent_client.go:172.80,178.2 5 0
github.com/sony-nurdianto/farm/shared_lib/Go/kafkaev/test/mocks/schrgs/mock_confluent_client.go:181.76,184.2 2 0
github.com/sony-nurdianto/farm/shared_lib/Go/kafkaev/test/mocks/schrgs/mock_confluent_client.go:187.98,193.2 5 0
github.com/sony-nurdianto/farm/shared_lib/Go/kafkaev/test/mocks/schrgs/mock_confluent_client.go:196.90,199.2 2 0
github.com/sony-nurdianto/farm/shared_lib/Go/kafkaev/test/mocks/schrgs/mock_confluent_client.go:202.90,208.2 5 0
github.com/sony-nurdianto/farm/shared_lib/Go/kafkaev/test/mocks/schrgs/mock_confluent_client.go:211.83,214.2 2 0
github.com/sony-nurdianto/farm/shared_lib/Go/kafkaev/test/mocks/schrgs/mock_confluent_client.go:217.93,223.2 5 0
github.com/sony-nurdianto/farm/shared_lib/Go/kafkaev/test/mocks/schrgs/mock_confluent_client.go:226.82,229.2 2 0
github.com/sony-nurdianto/farm/shared_lib/Go/kafkaev/test/mocks/schrgs/mock_confluent_client.go:232.86,238.2 5 0
github.com/sony-nurdianto/farm/shared_lib/Go/kafkaev/test/mocks/schrgs/mock_confluent_client.go:241.74,244.2 2 0
github.com/sony-nurdianto/farm/shared_lib/Go/kafkaev/test/mocks/schrgs/mock_confluent_client.go:247.78,253.2 5 0
github.com/sony-nurdianto/farm/shared_lib/Go/kafkaev/test/mocks/schrgs/mock_confluent_client.go:256.67,259.2 2 0
github.com/sony-nurdianto/farm/shared_lib/Go/kafkaev/test/mocks/schrgs/mock_confluent_client.go:262.97,268.2 5 0
github.com/sony-nurdianto/farm/shared_lib/Go/kafkaev/test/mocks/schrgs/mock_confluent_client.go:271.84,274.2 2 0
github.com/sony-nurdianto/farm/shared_lib/Go/kafkaev/test/mocks/schrgs/mock_confluent_client.go:277.135,283.2 5 0
github.com/sony-nurdianto/farm/shared_lib/Go/kafkaev/test/mocks/schrgs/mock_confluent_client.go:286.96,289.2 2 0
github.com/sony-nurdianto/farm/shared_lib/Go/kafkaev/test/mocks/schrgs/mock_confluent_client.go:292.98,298.2 5 0
github.com/sony-nurdianto/farm/shared_lib/Go/kafkaev/test/mocks/schrgs/mock_confluent_client.go:301.90,304.2 2 0
github.com/sony-nurdianto/farm/shared_lib/Go/kafkaev/test/mocks/schrgs/mock_confluent_client.go:307.131,313.2 5 0
github.com/sony-nurdianto/farm/shared_lib/Go/kafkaev/test/mocks/schrgs/mock_confluent_client.go:316.100,319.2 2 0
github.com/sony-nurdianto/farm/shared_lib/Go/kafkaev/test/mocks/schrgs/mock_confluent_client.go:322.102,328.2 5 0
github.com/sony-nurdianto/farm/shared_lib/Go/kafkaev/test/mocks/schrgs/mock_confluent_client.go:331.90,334.2 2 0
github.com/sony-nurdianto/farm/shared_lib/Go/kafkaev/test/mocks/schrgs/mock_confluent_client.go:337.127,343.2 5 0
github.com/sony-nurdianto/farm/shared_lib/Go/kafkaev/test/mocks/schrgs/mock_confluent_client.go:346.110,349.2 2 0
github.com/sony-nurdianto/farm/shared_lib/Go/kafkaev/test/mocks/schrgs/mock_confluent_client.go:352.103,358.2 5 0
github.com/sony-nurdianto/farm/shared_lib/Go/kafkaev/test/mocks/schrgs/mock_confluent_client.go:361.93,364.2 2 0
github.com/sony-nurdianto/farm/shared_lib/Go/kafkaev/test/mocks/schrgs/mock_confluent_client.go:367.102,373.2 5 0
github.com/sony-nurdianto/farm/shared_lib/Go/kafkaev/test/mocks/schrgs/mock_confluent_client.go:376.89,379.2 2 0
github.com/sony-nurdianto/farm/shared_lib/Go/kafkaev/test/mocks/schrgs/mock_confluent_client.go:382.122,388.2 5 0
github.com/sony-nurdianto/farm/shared_lib/Go/kafkaev/test/mocks/schrgs/mock_confluent_client.go:391.109,394.2 2 0
github.com/sony-nurdianto/farm/shared_lib/Go/kafkaev/test/mocks/schrgs/mock_confluent_client.go:397.100,403.2 5 0
github.com/sony-nurdianto/farm/shared_lib/Go/kafkaev/test/mocks/schrgs/mock_confluent_client.go:406.87,409.2 2 0
github.com/sony-nurdianto/farm/shared_lib/Go/kafkaev/test/mocks/schrgs/mock_confluent_client.go:412.138,418.2 5 0
github.com/sony-nurdianto/farm/shared_lib/Go/kafkaev/test/mocks/schrgs/mock_confluent_client.go:421.99,424.2 2 0
github.com/sony-nurdianto/farm/shared_lib/Go/kafkaev/test/mocks/schrgs/mock_confluent_client.go:427.109,433.2 5 0
github.com/sony-nurdianto/farm/shared_lib/Go/kafkaev/test/mocks/schrgs/mock_confluent_client.go:436.96,439.2 2 0
github.com/sony-nurdianto/farm/shared_lib/Go/kafkaev/test/mocks/schrgs/mock_confluent_client.go:442.106,448.2 5 0
github.com/sony-nurdianto/farm/shared_lib/Go/kafkaev/test/mocks/schrgs/mock_confluent_client.go:451.97,454.2 2 0
github.com/sony-nurdianto/farm/shared_lib/Go/kafkaev/test/mocks/schrgs/mock_confluent_client.go:457.128,463.2 5 0
github.com/sony-nurdianto/farm/shared_lib/Go/kafkaev/test/mocks/schrgs/mock_confluent_client.go:466.92,469.2 2 0
github.com/sony-nurdianto/farm/shared_lib/Go/kafkaev/test/mocks/schrgs/mock_confluent_client.go:472.119,478.2 5 0
github.com/sony-nurdianto/farm/shared_lib/Go/kafkaev/test/mocks/schrgs/mock_confluent_client.go:481.85,484.2 2 0
github.com/sony-nurdianto/farm/shared_lib/Go/kafkaev/test/mocks/schrgs/mock_confluent_client.go:487.122,493.2 5 0
github.com/sony-nurdianto/farm/shared_lib/Go/kafkaev/test/mocks/schrgs/mock_confluent_client.go:496.93,499.2 2 0
github.com/sony-nurdianto/farm/shared_lib/Go/kafkaev/test/mocks/schrgs/mock_confluent_client.go:502.113,508.2 5 0
github.com/sony-nurdianto/farm/shared_lib/Go/kafkaev/test/mocks/schrgs/mock_confluent_client.go:511.86,514.2 2 0
github.com/sony-nurdianto/farm/shared_lib/Go/kafkaev/test/mocks/schrgs/mock_schemargs_client.go:29.87,33.2 3 0
github.com/sony-nurdianto/farm/shared_lib/Go/kafkaev/test/mocks/schrgs/mock_schemargs_client.go:36.85,38.2 1 0
github.com/sony-nurdianto/farm/shared_lib/Go/kafkaev/test/mocks/schrgs/mock_schemargs_client.go:41.116,47.2 5 0
github.com/sony-nurdianto/farm/shared_lib/Go/kafkaev/test/mocks/schrgs/mock_schemargs_client.go:50.108,53.2 2 0
github.com/sony-nurdianto/farm/shared_lib/Go/kafkaev/test/mocks/schrgs/mock_schemargs_client.go:56.125,62.2 5 0
github.com/sony-nurdianto/farm/shared_lib/Go/kafkaev/test/mocks/schrgs/mock_schemargs_client.go:65.112,68.2 2 0
github.com/sony-nurdianto/farm/shared_lib/Go/kafkaev/test/mocks/schrgs/mock_schemargs_instance.go:29.91,33.2 3 0
github.com/sony-nurdianto/farm/shared_lib/Go/kafkaev/test/mocks/schrgs/mock_schemargs_instance.go:36.89,38.2 1 0
github.com/sony-nurdianto/farm/shared_lib/Go/kafkaev/test/mocks/schrgs/mock_schemargs_instance.go:41.109,47.2 5 0
github.com/sony-nurdianto/farm/shared_lib/Go/kafkaev/test/mocks/schrgs/mock_schemargs_instance.go:50.93,53.2 2 0
github.com/sony-nurdianto/farm/shared_lib/Go/kafkaev/schrgs/schemargs.go:15.101,19.16 2 1
github.com/sony-nurdianto/farm/shared_lib/Go/kafkaev/schrgs/schemargs.go:19.16,21.3 1 1
github.com/sony-nurdianto/farm/shared_lib/Go/kafkaev/schrgs/schemargs.go:23.2,25.17 2 1
github.com/sony-nurdianto/farm/shared_lib/Go/kafkaev/schrgs/schemargs.go:28.115,30.16 2 1
github.com/sony-nurdianto/farm/shared_lib/Go/kafkaev/schrgs/schemargs.go:30.16,31.45 1 1
github.com/sony-nurdianto/farm/shared_lib/Go/kafkaev/schrgs/schemargs.go:31.45,34.4 2 1
github.com/sony-nurdianto/farm/shared_lib/Go/kafkaev/schrgs/schemargs.go:36.3,36.17 1 1
github.com/sony-nurdianto/farm/shared_lib/Go/kafkaev/schrgs/schemargs.go:39.2,39.16 1 1
github.com/sony-nurdianto/farm/shared_lib/Go/kafkaev/schrgs/schemargs.go:42.113,47.16 2 1
github.com/sony-nurdianto/farm/shared_lib/Go/kafkaev/schrgs/schemargs.go:47.16,49.3 1 1
github.com/sony-nurdianto/farm/shared_lib/Go/kafkaev/schrgs/schemargs.go:51.2,51.16 1 1
github.com/sony-nurdianto/farm/shared_lib/Go/kafkaev/schrgs/schemargs.go:54.75,56.16 2 1
github.com/sony-nurdianto/farm/shared_lib/Go/kafkaev/schrgs/schemargs.go:56.16,58.3 1 1
github.com/sony-nurdianto/farm/shared_lib/Go/kafkaev/schrgs/schemargs.go:60.2,60.23 1 1
github.com/sony-nurdianto/farm/shared_lib/Go/kafkaev/schrgs/schemargs_client_def.go:16.83,18.2 1 1
github.com/sony-nurdianto/farm/shared_lib/Go/kafkaev/schrgs/schemargs_client_def.go:20.111,22.2 1 1
github.com/sony-nurdianto/farm/shared_lib/Go/kafkaev/schrgs/schemargs_client_def.go:24.127,26.2 1 1
github.com/sony-nurdianto/farm/shared_lib/Go/kafkaev/schrgs/schemargs_client_def.go:28.63,30.2 1 0
github.com/sony-nurdianto/farm/shared_lib/Go/kafkaev/schrgs/schemargs_instance_def.go:12.45,14.2 1 0
github.com/sony-nurdianto/farm/shared_lib/Go/kafkaev/schrgs/schemargs_instance_def.go:16.102,18.2 1 0
github.com/sony-nurdianto/farm/shared_lib/Go/kafkaev/test/mocks/avr/mock_deserialize.go:28.75,32.2 3 0
github.com/sony-nurdianto/farm/shared_lib/Go/kafkaev/test/mocks/avr/mock_deserialize.go:35.73,37.2 1 0
github.com/sony-nurdianto/farm/shared_lib/Go/kafkaev/test/mocks/avr/mock_deserialize.go:40.92,45.2 4 0
github.com/sony-nurdianto/farm/shared_lib/Go/kafkaev/test/mocks/avr/mock_deserialize.go:48.106,51.2 2 0
github.com/sony-nurdianto/farm/shared_lib/Go/kafkaev/test/mocks/avr/mock_serde_instance.go:32.77,36.2 3 0
github.com/sony-nurdianto/farm/shared_lib/Go/kafkaev/test/mocks/avr/mock_serde_instance.go:39.75,41.2 1 0
github.com/sony-nurdianto/farm/shared_lib/Go/kafkaev/test/mocks/avr/mock_serde_instance.go:44.167,50.2 5 0
github.com/sony-nurdianto/farm/shared_lib/Go/kafkaev/test/mocks/avr/mock_serde_instance.go:53.118,56.2 2 0
github.com/sony-nurdianto/farm/shared_lib/Go/kafkaev/test/mocks/avr/mock_serde_instance.go:59.161,65.2 5 0
github.com/sony-nurdianto/farm/shared_lib/Go/kafkaev/test/mocks/avr/mock_serde_instance.go:68.116,71.2 2 0
github.com/sony-nurdianto/farm/shared_lib/Go/kafkaev/test/mocks/avr/mock_serializer.go:28.71,32.2 3 0
github.com/sony-nurdianto/farm/shared_lib/Go/kafkaev/test/mocks/avr/mock_serializer.go:35.69,37.2 1 0
github.com/sony-nurdianto/farm/shared_lib/Go/kafkaev/test/mocks/avr/mock_serializer.go:40.78,46.2 5 0
github.com/sony-nurdianto/farm/shared_lib/Go/kafkaev/test/mocks/avr/mock_serializer.go:49.89,52.2 2 0
github.com/sony-nurdianto/farm/shared_lib/Go/kafkaev/test/mocks/kev/mock_kafka.go:30.55,34.2 3 0
github.com/sony-nurdianto/farm/shared_lib/Go/kafkaev/test/mocks/kev/mock_kafka.go:37.53,39.2 1 0
github.com/sony-nurdianto/farm/shared_lib/Go/kafkaev/test/mocks/kev/mock_kafka.go:42.81,48.2 5 0
github.com/sony-nurdianto/farm/shared_lib/Go/kafkaev/test/mocks/kev/mock_kafka.go:51.77,54.2 2 0
github.com/sony-nurdianto/farm/shared_lib/Go/kafkaev/test/mocks/kev/mock_producer.go:29.67,33.2 3 0
github.com/sony-nurdianto/farm/shared_lib/Go/kafkaev/test/mocks/kev/mock_producer.go:36.65,38.2 1 0
github.com/sony-nurdianto/farm/shared_lib/Go/kafkaev/test/mocks/kev/mock_producer.go:41.35,44.2 2 0
github.com/sony-nurdianto/farm/shared_lib/Go/kafkaev/test/mocks/kev/mock_producer.go:47.61,50.2 2 0
github.com/sony-nurdianto/farm/shared_lib/Go/kafkaev/test/mocks/kev/mock_producer.go:53.53,58.2 4 0
github.com/sony-nurdianto/farm/shared_lib/Go/kafkaev/test/mocks/kev/mock_producer.go:61.62,64.2 2 0
github.com/sony-nurdianto/farm/shared_lib/Go/kafkaev/test/mocks/kev/mock_producer.go:67.52,72.2 4 0
github.com/sony-nurdianto/farm/shared_lib/Go/kafkaev/test/mocks/kev/mock_producer.go:75.82,78.2 2 0
github.com/sony-nurdianto/farm/shared_lib/Go/kafkaev/test/mocks/kev/mock_producer.go:81.59,86.2 4 0
github.com/sony-nurdianto/farm/shared_lib/Go/kafkaev/test/mocks/kev/mock_producer.go:89.69,92.2 2 0
github.com/sony-nurdianto/farm/shared_lib/Go/kafkaev/test/mocks/kev/mock_producer.go:95.92,100.2 4 0
github.com/sony-nurdianto/farm/shared_lib/Go/kafkaev/test/mocks/kev/mock_producer.go:103.92,106.2 2 0
github.com/sony-nurdianto/farm/shared_lib/Go/kafkaev/test/mocks/schrgs/mock_confluent_client.go:29.57,33.2 3 1
github.com/sony-nurdianto/farm/shared_lib/Go/kafkaev/test/mocks/schrgs/mock_confluent_client.go:36.55,38.2 1 1
github.com/sony-nurdianto/farm/shared_lib/Go/kafkaev/test/mocks/schrgs/mock_confluent_client.go:41.42,46.2 4 0
github.com/sony-nurdianto/farm/shared_lib/Go/kafkaev/test/mocks/schrgs/mock_confluent_client.go:49.62,52.2 2 0
github.com/sony-nurdianto/farm/shared_lib/Go/kafkaev/test/mocks/schrgs/mock_confluent_client.go:55.48,60.2 4 0
github.com/sony-nurdianto/farm/shared_lib/Go/kafkaev/test/mocks/schrgs/mock_confluent_client.go:63.68,66.2 2 0
github.com/sony-nurdianto/farm/shared_lib/Go/kafkaev/test/mocks/schrgs/mock_confluent_client.go:69.36,74.2 4 0
github.com/sony-nurdianto/farm/shared_lib/Go/kafkaev/test/mocks/schrgs/mock_confluent_client.go:77.56,80.2 2 0
github.com/sony-nurdianto/farm/shared_lib/Go/kafkaev/test/mocks/schrgs/mock_confluent_client.go:83.54,88.2 4 0
github.com/sony-nurdianto/farm/shared_lib/Go/kafkaev/test/mocks/schrgs/mock_confluent_client.go:91.57,94.2 2 0
github.com/sony-nurdianto/farm/shared_lib/Go/kafkaev/test/mocks/schrgs/mock_confluent_client.go:97.75,103.2 5 0
github.com/sony-nurdianto/farm/shared_lib/Go/kafkaev/test/mocks/schrgs/mock_confluent_client.go:106.86,109.2 2 0
github.com/sony-nurdianto/farm/shared_lib/Go/kafkaev/test/mocks/schrgs/mock_confluent_client.go:112.90,118.2 5 0
github.com/sony-nurdianto/farm/shared_lib/Go/kafkaev/test/mocks/schrgs/mock_confluent_client.go:121.99,124.2 2 0
github.com/sony-nurdianto/farm/shared_lib/Go/kafkaev/test/mocks/schrgs/mock_confluent_client.go:127.57,133.2 5 0
github.com/sony-nurdianto/farm/shared_lib/Go/kafkaev/test/mocks/schrgs/mock_confluent_client.go:136.65,139.2 2 0
github.com/sony-nurdianto/farm/shared_lib/Go/kafkaev/test/mocks/schrgs/mock_confluent_client.go:142.57,148.2 5 0
github.com/sony-nurdianto/farm/shared_lib/Go/kafkaev/test/mocks/schrgs/mock_confluent_client.go:151.65,154.2 2 0
github.com/sony-nurdianto/farm/shared_lib/Go/kafkaev/test/mocks/schrgs/mock_confluent_client.go:157.65,163.2 5 0
github.com/sony-nurdianto/farm/shared_lib/Go/kafkaev/test/mocks/schrgs/mock_confluent_client.go:166.81,169.2 2 0
github.com/sony-nurdianto/farm/shared_lib/Go/kafkaev/test/mocks/schrgs/mock_confluent_client.go:172.80,178.2 5 0
github.com/sony-nurdianto/farm/shared_lib/Go/kafkaev/test/mocks/schrgs/mock_confluent_client.go:181.76,184.2 2 0
github.com/sony-nurdianto/farm/shared_lib/Go/kafkaev/test/mocks/schrgs/mock_confluent_client.go:187.98,193.2 5 0
github.com/sony-nurdianto/farm/shared_lib/Go/kafkaev/test/mocks/schrgs/mock_confluent_client.go:196.90,199.2 2 0
github.com/sony-nurdianto/farm/shared_lib/Go/kafkaev/test/mocks/schrgs/mock_confluent_client.go:202.90,208.2 5 0
github.com/sony-nurdianto/farm/shared_lib/Go/kafkaev/test/mocks/schrgs/mock_confluent_client.go:211.83,214.2 2 0
github.com/sony-nurdianto/farm/shared_lib/Go/kafkaev/test/mocks/schrgs/mock_confluent_client.go:217.93,223.2 5 0
github.com/sony-nurdianto/farm/shared_lib/Go/kafkaev/test/mocks/schrgs/mock_confluent_client.go:226.82,229.2 2 0
github.com/sony-nurdianto/farm/shared_lib/Go/kafkaev/test/mocks/schrgs/mock_confluent_client.go:232.86,238.2 5 0
github.com/sony-nurdianto/farm/shared_lib/Go/kafkaev/test/mocks/schrgs/mock_confluent_client.go:241.74,244.2 2 0
github.com/sony-nurdianto/farm/shared_lib/Go/kafkaev/test/mocks/schrgs/mock_confluent_client.go:247.78,253.2 5 0
github.com/sony-nurdianto/farm/shared_lib/Go/kafkaev/test/mocks/schrgs/mock_confluent_client.go:256.67,259.2 2 0
github.com/sony-nurdianto/farm/shared_lib/Go/kafkaev/test/mocks/schrgs/mock_confluent_client.go:262.97,268.2 5 0
github.com/sony-nurdianto/farm/shared_lib/Go/kafkaev/test/mocks/schrgs/mock_confluent_client.go:271.84,274.2 2 0
github.com/sony-nurdianto/farm/shared_lib/Go/kafkaev/test/mocks/schrgs/mock_confluent_client.go:277.135,283.2 5 0
github.com/sony-nurdianto/farm/shared_lib/Go/kafkaev/test/mocks/schrgs/mock_confluent_client.go:286.96,289.2 2 0
github.com/sony-nurdianto/farm/shared_lib/Go/kafkaev/test/mocks/schrgs/mock_confluent_client.go:292.98,298.2 5 1
github.com/sony-nurdianto/farm/shared_lib/Go/kafkaev/test/mocks/schrgs/mock_confluent_client.go:301.90,304.2 2 1
github.com/sony-nurdianto/farm/shared_lib/Go/kafkaev/test/mocks/schrgs/mock_confluent_client.go:307.131,313.2 5 0
github.com/sony-nurdianto/farm/shared_lib/Go/kafkaev/test/mocks/schrgs/mock_confluent_client.go:316.100,319.2 2 0
github.com/sony-nurdianto/farm/shared_lib/Go/kafkaev/test/mocks/schrgs/mock_confluent_client.go:322.102,328.2 5 0
github.com/sony-nurdianto/farm/shared_lib/Go/kafkaev/test/mocks/schrgs/mock_confluent_client.go:331.90,334.2 2 0
github.com/sony-nurdianto/farm/shared_lib/Go/kafkaev/test/mocks/schrgs/mock_confluent_client.go:337.127,343.2 5 0
github.com/sony-nurdianto/farm/shared_lib/Go/kafkaev/test/mocks/schrgs/mock_confluent_client.go:346.110,349.2 2 0
github.com/sony-nurdianto/farm/shared_lib/Go/kafkaev/test/mocks/schrgs/mock_confluent_client.go:352.103,358.2 5 0
github.com/sony-nurdianto/farm/shared_lib/Go/kafkaev/test/mocks/schrgs/mock_confluent_client.go:361.93,364.2 2 0
github.com/sony-nurdianto/farm/shared_lib/Go/kafkaev/test/mocks/schrgs/mock_confluent_client.go:367.102,373.2 5 0
github.com/sony-nurdianto/farm/shared_lib/Go/kafkaev/test/mocks/schrgs/mock_confluent_client.go:376.89,379.2 2 0
github.com/sony-nurdianto/farm/shared_lib/Go/kafkaev/test/mocks/schrgs/mock_confluent_client.go:382.122,388.2 5 0
github.com/sony-nurdianto/farm/shared_lib/Go/kafkaev/test/mocks/schrgs/mock_confluent_client.go:391.109,394.2 2 0
github.com/sony-nurdianto/farm/shared_lib/Go/kafkaev/test/mocks/schrgs/mock_confluent_client.go:397.100,403.2 5 1
github.com/sony-nurdianto/farm/shared_lib/Go/kafkaev/test/mocks/schrgs/mock_confluent_client.go:406.87,409.2 2 1
github.com/sony-nurdianto/farm/shared_lib/Go/kafkaev/test/mocks/schrgs/mock_confluent_client.go:412.138,418.2 5 0
github.com/sony-nurdianto/farm/shared_lib/Go/kafkaev/test/mocks/schrgs/mock_confluent_client.go:421.99,424.2 2 0
github.com/sony-nurdianto/farm/shared_lib/Go/kafkaev/test/mocks/schrgs/mock_confluent_client.go:427.109,433.2 5 0
github.com/sony-nurdianto/farm/shared_lib/Go/kafkaev/test/mocks/schrgs/mock_confluent_client.go:436.96,439.2 2 0
github.com/sony-nurdianto/farm/shared_lib/Go/kafkaev/test/mocks/schrgs/mock_confluent_client.go:442.106,448.2 5 0
github.com/sony-nurdianto/farm/shared_lib/Go/kafkaev/test/mocks/schrgs/mock_confluent_client.go:451.97,454.2 2 0
github.com/sony-nurdianto/farm/shared_lib/Go/kafkaev/test/mocks/schrgs/mock_confluent_client.go:457.128,463.2 5 0
github.com/sony-nurdianto/farm/shared_lib/Go/kafkaev/test/mocks/schrgs/mock_confluent_client.go:466.92,469.2 2 0
github.com/sony-nurdianto/farm/shared_lib/Go/kafkaev/test/mocks/schrgs/mock_confluent_client.go:472.119,478.2 5 0
github.com/sony-nurdianto/farm/shared_lib/Go/kafkaev/test/mocks/schrgs/mock_confluent_client.go:481.85,484.2 2 0
github.com/sony-nurdianto/farm/shared_lib/Go/kafkaev/test/mocks/schrgs/mock_confluent_client.go:487.122,493.2 5 0
github.com/sony-nurdianto/farm/shared_lib/Go/kafkaev/test/mocks/schrgs/mock_confluent_client.go:496.93,499.2 2 0
github.com/sony-nurdianto/farm/shared_lib/Go/kafkaev/test/mocks/schrgs/mock_confluent_client.go:502.113,508.2 5 0
github.com/sony-nurdianto/farm/shared_lib/Go/kafkaev/test/mocks/schrgs/mock_confluent_client.go:511.86,514.2 2 0
github.com/sony-nurdianto/farm/shared_lib/Go/kafkaev/test/mocks/schrgs/mock_schemargs_client.go:29.87,33.2 3 0
github.com/sony-nurdianto/farm/shared_lib/Go/kafkaev/test/mocks/schrgs/mock_schemargs_client.go:36.85,38.2 1 0
github.com/sony-nurdianto/farm/shared_lib/Go/kafkaev/test/mocks/schrgs/mock_schemargs_client.go:41.116,47.2 5 0
github.com/sony-nurdianto/farm/shared_lib/Go/kafkaev/test/mocks/schrgs/mock_schemargs_client.go:50.108,53.2 2 0
github.com/sony-nurdianto/farm/shared_lib/Go/kafkaev/test/mocks/schrgs/mock_schemargs_client.go:56.125,62.2 5 0
github.com/sony-nurdianto/farm/shared_lib/Go/kafkaev/test/mocks/schrgs/mock_schemargs_client.go:65.112,68.2 2 0
github.com/sony-nurdianto/farm/shared_lib/Go/kafkaev/test/mocks/schrgs/mock_schemargs_instance.go:29.91,33.2 3 1
github.com/sony-nurdianto/farm/shared_lib/Go/kafkaev/test/mocks/schrgs/mock_schemargs_instance.go:36.89,38.2 1 1
github.com/sony-nurdianto/farm/shared_lib/Go/kafkaev/test/mocks/schrgs/mock_schemargs_instance.go:41.109,47.2 5 1
github.com/sony-nurdianto/farm/shared_lib/Go/kafkaev/test/mocks/schrgs/mock_schemargs_instance.go:50.93,53.2 2 1
github.com/sony-nurdianto/farm/shared_lib/Go/kafkaev/avr/deserializer_def.go:14.73,18.2 1 1
github.com/sony-nurdianto/farm/shared_lib/Go/kafkaev/avr/deserializer_def.go:20.88,22.2 1 1
github.com/sony-nurdianto/farm/shared_lib/Go/kafkaev/avr/serde.go:14.112,16.16 2 1
github.com/sony-nurdianto/farm/shared_lib/Go/kafkaev/avr/serde.go:16.16,18.3 1 1
github.com/sony-nurdianto/farm/shared_lib/Go/kafkaev/avr/serde.go:20.2,21.16 2 1
github.com/sony-nurdianto/farm/shared_lib/Go/kafkaev/avr/serde.go:21.16,23.3 1 1
github.com/sony-nurdianto/farm/shared_lib/Go/kafkaev/avr/serde.go:25.2,25.17 1 1
github.com/sony-nurdianto/farm/shared_lib/Go/kafkaev/avr/serde_instance_def.go:26.45,28.2 1 1
github.com/sony-nurdianto/farm/shared_lib/Go/kafkaev/avr/serde_instance_def.go:34.26,36.16 2 1
github.com/sony-nurdianto/farm/shared_lib/Go/kafkaev/avr/serde_instance_def.go:36.16,38.3 1 1
github.com/sony-nurdianto/farm/shared_lib/Go/kafkaev/avr/serde_instance_def.go:40.2,40.34 1 1
github.com/sony-nurdianto/farm/shared_lib/Go/kafkaev/avr/serde_instance_def.go:47.28,49.16 2 1
github.com/sony-nurdianto/farm/shared_lib/Go/kafkaev/avr/serde_instance_def.go:49.16,51.3 1 1
github.com/sony-nurdianto/farm/shared_lib/Go/kafkaev/avr/serde_instance_def.go:53.2,53.37 1 1
github.com/sony-nurdianto/farm/shared_lib/Go/kafkaev/avr/serializer_def.go:14.67,18.2 1 1
github.com/sony-nurdianto/farm/shared_lib/Go/kafkaev/avr/serializer_def.go:20.74,22.2 1 1
github.com/sony-nurdianto/farm/shared_lib/Go/kafkaev/test/mocks/avr/mock_deserialize.go:28.75,32.2 3 1
github.com/sony-nurdianto/farm/shared_lib/Go/kafkaev/test/mocks/avr/mock_deserialize.go:35.73,37.2 1 1
github.com/sony-nurdianto/farm/shared_lib/Go/kafkaev/test/mocks/avr/mock_deserialize.go:40.92,45.2 4 1
github.com/sony-nurdianto/farm/shared_lib/Go/kafkaev/test/mocks/avr/mock_deserialize.go:48.106,51.2 2 1
github.com/sony-nurdianto/farm/shared_lib/Go/kafkaev/test/mocks/avr/mock_serde_instance.go:32.77,36.2 3 1
github.com/sony-nurdianto/farm/shared_lib/Go/kafkaev/test/mocks/avr/mock_serde_instance.go:39.75,41.2 1 1
github.com/sony-nurdianto/farm/shared_lib/Go/kafkaev/test/mocks/avr/mock_serde_instance.go:44.167,50.2 5 1
github.com/sony-nurdianto/farm/shared_lib/Go/kafkaev/test/mocks/avr/mock_serde_instance.go:53.118,56.2 2 1
github.com/sony-nurdianto/farm/shared_lib/Go/kafkaev/test/mocks/avr/mock_serde_instance.go:59.161,65.2 5 1
github.com/sony-nurdianto/farm/shared_lib/Go/kafkaev/test/mocks/avr/mock_serde_instance.go:68.116,71.2 2 1
github.com/sony-nurdianto/farm/shared_lib/Go/kafkaev/test/mocks/avr/mock_serializer.go:28.71,32.2 3 1
github.com/sony-nurdianto/farm/shared_lib/Go/kafkaev/test/mocks/avr/mock_serializer.go:35.69,37.2 1 1
github.com/sony-nurdianto/farm/shared_lib/Go/kafkaev/test/mocks/avr/mock_serializer.go:40.78,46.2 5 1
github.com/sony-nurdianto/farm/shared_lib/Go/kafkaev/test/mocks/avr/mock_serializer.go:49.89,52.2 2 1
github.com/sony-nurdianto/farm/shared_lib/Go/kafkaev/test/mocks/kev/mock_kafka.go:30.55,34.2 3 0
github.com/sony-nurdianto/farm/shared_lib/Go/kafkaev/test/mocks/kev/mock_kafka.go:37.53,39.2 1 0
github.com/sony-nurdianto/farm/shared_lib/Go/kafkaev/test/mocks/kev/mock_kafka.go:42.81,48.2 5 0
github.com/sony-nurdianto/farm/shared_lib/Go/kafkaev/test/mocks/kev/mock_kafka.go:51.77,54.2 2 0
github.com/sony-nurdianto/farm/shared_lib/Go/kafkaev/test/mocks/kev/mock_producer.go:29.67,33.2 3 0
github.com/sony-nurdianto/farm/shared_lib/Go/kafkaev/test/mocks/kev/mock_producer.go:36.65,38.2 1 0
github.com/sony-nurdianto/farm/shared_lib/Go/kafkaev/test/mocks/kev/mock_producer.go:41.35,44.2 2 0
github.com/sony-nurdianto/farm/shared_lib/Go/kafkaev/test/mocks/kev/mock_producer.go:47.61,50.2 2 0
github.com/sony-nurdianto/farm/shared_lib/Go/kafkaev/test/mocks/kev/mock_producer.go:53.53,58.2 4 0
github.com/sony-nurdianto/farm/shared_lib/Go/kafkaev/test/mocks/kev/mock_producer.go:61.62,64.2 2 0
github.com/sony-nurdianto/farm/shared_lib/Go/kafkaev/test/mocks/kev/mock_producer.go:67.52,72.2 4 0
github.com/sony-nurdianto/farm/shared_lib/Go/kafkaev/test/mocks/kev/mock_producer.go:75.82,78.2 2 0
github.com/sony-nurdianto/farm/shared_lib/Go/kafkaev/test/mocks/kev/mock_producer.go:81.59,86.2 4 0
github.com/sony-nurdianto/farm/shared_lib/Go/kafkaev/test/mocks/kev/mock_producer.go:89.69,92.2 2 0
github.com/sony-nurdianto/farm/shared_lib/Go/kafkaev/test/mocks/kev/mock_producer.go:95.92,100.2 4 0
github.com/sony-nurdianto/farm/shared_lib/Go/kafkaev/test/mocks/kev/mock_producer.go:103.92,106.2 2 0
github.com/sony-nurdianto/farm/shared_lib/Go/kafkaev/test/mocks/schrgs/mock_confluent_client.go:29.57,33.2 3 1
github.com/sony-nurdianto/farm/shared_lib/Go/kafkaev/test/mocks/schrgs/mock_confluent_client.go:36.55,38.2 1 1
github.com/sony-nurdianto/farm/shared_lib/Go/kafkaev/test/mocks/schrgs/mock_confluent_client.go:41.42,46.2 4 0
github.com/sony-nurdianto/farm/shared_lib/Go/kafkaev/test/mocks/schrgs/mock_confluent_client.go:49.62,52.2 2 0
github.com/sony-nurdianto/farm/shared_lib/Go/kafkaev/test/mocks/schrgs/mock_confluent_client.go:55.48,60.2 4 0
github.com/sony-nurdianto/farm/shared_lib/Go/kafkaev/test/mocks/schrgs/mock_confluent_client.go:63.68,66.2 2 0
github.com/sony-nurdianto/farm/shared_lib/Go/kafkaev/test/mocks/schrgs/mock_confluent_client.go:69.36,74.2 4 0
github.com/sony-nurdianto/farm/shared_lib/Go/kafkaev/test/mocks/schrgs/mock_confluent_client.go:77.56,80.2 2 0
github.com/sony-nurdianto/farm/shared_lib/Go/kafkaev/test/mocks/schrgs/mock_confluent_client.go:83.54,88.2 4 0
github.com/sony-nurdianto/farm/shared_lib/Go/kafkaev/test/mocks/schrgs/mock_confluent_client.go:91.57,94.2 2 0
github.com/sony-nurdianto/farm/shared_lib/Go/kafkaev/test/mocks/schrgs/mock_confluent_client.go:97.75,103.2 5 0
github.com/sony-nurdianto/farm/shared_lib/Go/kafkaev/test/mocks/schrgs/mock_confluent_client.go:106.86,109.2 2 0
github.com/sony-nurdianto/farm/shared_lib/Go/kafkaev/test/mocks/schrgs/mock_confluent_client.go:112.90,118.2 5 0
github.com/sony-nurdianto/farm/shared_lib/Go/kafkaev/test/mocks/schrgs/mock_confluent_client.go:121.99,124.2 2 0
github.com/sony-nurdianto/farm/shared_lib/Go/kafkaev/test/mocks/schrgs/mock_confluent_client.go:127.57,133.2 5 0
github.com/sony-nurdianto/farm/shared_lib/Go/kafkaev/test/mocks/schrgs/mock_confluent_client.go:136.65,139.2 2 0
github.com/sony-nurdianto/farm/shared_lib/Go/kafkaev/test/mocks/schrgs/mock_confluent_client.go:142.57,148.2 5 0
github.com/sony-nurdianto/farm/shared_lib/Go/kafkaev/test/mocks/schrgs/mock_confluent_client.go:151.65,154.2 2 0
github.com/sony-nurdianto/farm/shared_lib/Go/kafkaev/test/mocks/schrgs/mock_confluent_client.go:157.65,163.2 5 0
github.com/sony-nurdianto/farm/shared_lib/Go/kafkaev/test/mocks/schrgs/mock_confluent_client.go:166.81,169.2 2 0
github.com/sony-nurdianto/farm/shared_lib/Go/kafkaev/test/mocks/schrgs/mock_confluent_client.go:172.80,178.2 5 0
github.com/sony-nurdianto/farm/shared_lib/Go/kafkaev/test/mocks/schrgs/mock_confluent_client.go:181.76,184.2 2 0
github.com/sony-nurdianto/farm/shared_lib/Go/kafkaev/test/mocks/schrgs/mock_confluent_client.go:187.98,193.2 5 0
github.com/sony-nurdianto/farm/shared_lib/Go/kafkaev/test/mocks/schrgs/mock_confluent_client.go:196.90,199.2 2 0
github.com/sony-nurdianto/farm/shared_lib/Go/kafkaev/test/mocks/schrgs/mock_confluent_client.go:202.90,208.2 5 0
github.com/sony-nurdianto/farm/shared_lib/Go/kafkaev/test/mocks/schrgs/mock_confluent_client.go:211.83,214.2 2 0
github.com/sony-nurdianto/farm/shared_lib/Go/kafkaev/test/mocks/schrgs/mock_confluent_client.go:217.93,223.2 5 0
github.com/sony-nurdianto/farm/shared_lib/Go/kafkaev/test/mocks/schrgs/mock_confluent_client.go:226.82,229.2 2 0
github.com/sony-nurdianto/farm/shared_lib/Go/kafkaev/test/mocks/schrgs/mock_confluent_client.go:232.86,238.2 5 0
github.com/sony-nurdianto/farm/shared_lib/Go/kafkaev/test/mocks/schrgs/mock_confluent_client.go:241.74,244.2 2 0
github.com/sony-nurdianto/farm/shared_lib/Go/kafkaev/test/mocks/schrgs/mock_confluent_client.go:247.78,253.2 5 0
github.com/sony-nurdianto/farm/shared_lib/Go/kafkaev/test/mocks/schrgs/mock_confluent_client.go:256.67,259.2 2 0
github.com/sony-nurdianto/farm/shared_lib/Go/kafkaev/test/mocks/schrgs/mock_confluent_client.go:262.97,268.2 5 0
github.com/sony-nurdianto/farm/shared_lib/Go/kafkaev/test/mocks/schrgs/mock_confluent_client.go:271.84,274.2 2 0
github.com/sony-nurdianto/farm/shared_lib/Go/kafkaev/test/mocks/schrgs/mock_confluent_client.go:277.135,283.2 5 0
github.com/sony-nurdianto/farm/shared_lib/Go/kafkaev/test/mocks/schrgs/mock_confluent_client.go:286.96,289.2 2 0
github.com/sony-nurdianto/farm/shared_lib/Go/kafkaev/test/mocks/schrgs/mock_confluent_client.go:292.98,298.2 5 0
github.com/sony-nurdianto/farm/shared_lib/Go/kafkaev/test/mocks/schrgs/mock_confluent_client.go:301.90,304.2 2 1
github.com/sony-nurdianto/farm/shared_lib/Go/kafkaev/test/mocks/schrgs/mock_confluent_client.go:307.131,313.2 5 0
github.com/sony-nurdianto/farm/shared_lib/Go/kafkaev/test/mocks/schrgs/mock_confluent_client.go:316.100,319.2 2 0
github.com/sony-nurdianto/farm/shared_lib/Go/kafkaev/test/mocks/schrgs/mock_confluent_client.go:322.102,328.2 5 0
github.com/sony-nurdianto/farm/shared_lib/Go/kafkaev/test/mocks/schrgs/mock_confluent_client.go:331.90,334.2 2 0
github.com/sony-nurdianto/farm/shared_lib/Go/kafkaev/test/mocks/schrgs/mock_confluent_client.go:337.127,343.2 5 0
github.com/sony-nurdianto/farm/shared_lib/Go/kafkaev/test/mocks/schrgs/mock_confluent_client.go:346.110,349.2 2 0
github.com/sony-nurdianto/farm/shared_lib/Go/kafkaev/test/mocks/schrgs/mock_confluent_client.go:352.103,358.2 5 0
github.com/sony-nurdianto/farm/shared_lib/Go/kafkaev/test/mocks/schrgs/mock_confluent_client.go:361.93,364.2 2 0
github.com/sony-nurdianto/farm/shared_lib/Go/kafkaev/test/mocks/schrgs/mock_confluent_client.go:367.102,373.2 5 0
github.com/sony-nurdianto/farm/shared_lib/Go/kafkaev/test/mocks/schrgs/mock_confluent_client.go:376.89,379.2 2 0
github.com/sony-nurdianto/farm/shared_lib/Go/kafkaev/test/mocks/schrgs/mock_confluent_client.go:382.122,388.2 5 0
github.com/sony-nurdianto/farm/shared_lib/Go/kafkaev/test/mocks/schrgs/mock_confluent_client.go:391.109,394.2 2 0
github.com/sony-nurdianto/farm/shared_lib/Go/kafkaev/test/mocks/schrgs/mock_confluent_client.go:397.100,403.2 5 0
github.com/sony-nurdianto/farm/shared_lib/Go/kafkaev/test/mocks/schrgs/mock_confluent_client.go:406.87,409.2 2 0
github.com/sony-nurdianto/farm/shared_lib/Go/kafkaev/test/mocks/schrgs/mock_confluent_client.go:412.138,418.2 5 1
github.com/sony-nurdianto/farm/shared_lib/Go/kafkaev/test/mocks/schrgs/mock_confluent_client.go:421.99,424.2 2 1
github.com/sony-nurdianto/farm/shared_lib/Go/kafkaev/test/mocks/schrgs/mock_confluent_client.go:427.109,433.2 5 0
github.com/sony-nurdianto/farm/shared_lib/Go/kafkaev/test/mocks/schrgs/mock_confluent_client.go:436.96,439.2 2 0
github.com/sony-nurdianto/farm/shared_lib/Go/kafkaev/test/mocks/schrgs/mock_confluent_client.go:442.106,448.2 5 0
github.com/sony-nurdianto/farm/shared_lib/Go/kafkaev/test/mocks/schrgs/mock_confluent_client.go:451.97,454.2 2 0
github.com/sony-nurdianto/farm/shared_lib/Go/kafkaev/test/mocks/schrgs/mock_confluent_client.go:457.128,463.2 5 0
github.com/sony-nurdianto/farm/shared_lib/Go/kafkaev/test/mocks/schrgs/mock_confluent_client.go:466.92,469.2 2 0
github.com/sony-nurdianto/farm/shared_lib/Go/kafkaev/test/mocks/schrgs/mock_confluent_client.go:472.119,478.2 5 0
github.com/sony-nurdianto/farm/shared_lib/Go/kafkaev/test/mocks/schrgs/mock_confluent_client.go:481.85,484.2 2 0
github.com/sony-nurdianto/farm/shared_lib/Go/kafkaev/test/mocks/schrgs/mock_confluent_client.go:487.122,493.2 5 0
github.com/sony-nurdianto/farm/shared_lib/Go/kafkaev/test/mocks/schrgs/mock_confluent_client.go:496.93,499.2 2 0
github.com/sony-nurdianto/farm/shared_lib/Go/kafkaev/test/mocks/schrgs/mock_confluent_client.go:502.113,508.2 5 0
github.com/sony-nurdianto/farm/shared_lib/Go/kafkaev/test/mocks/schrgs/mock_confluent_client.go:511.86,514.2 2 0
github.com/sony-nurdianto/farm/shared_lib/Go/kafkaev/test/mocks/schrgs/mock_schemargs_client.go:29.87,33.2 3 0
github.com/sony-nurdianto/farm/shared_lib/Go/kafkaev/test/mocks/schrgs/mock_schemargs_client.go:36.85,38.2 1 0
github.com/sony-nurdianto/farm/shared_lib/Go/kafkaev/test/mocks/schrgs/mock_schemargs_client.go:41.116,47.2 5 0
github.com/sony-nurdianto/farm/shared_lib/Go/kafkaev/test/mocks/schrgs/mock_schemargs_client.go:50.108,53.2 2 0
github.com/sony-nurdianto/farm/shared_lib/Go/kafkaev/test/mocks/schrgs/mock_schemargs_client.go:56.125,62.2 5 0
github.com/sony-nurdianto/farm/shared_lib/Go/kafkaev/test/mocks/schrgs/mock_schemargs_client.go:65.112,68.2 2 0
github.com/sony-nurdianto/farm/shared_lib/Go/kafkaev/test/mocks/schrgs/mock_schemargs_instance.go:29.91,33.2 3 0
github.com/sony-nurdianto/farm/shared_lib/Go/kafkaev/test/mocks/schrgs/mock_schemargs_instance.go:36.89,38.2 1 0
github.com/sony-nurdianto/farm/shared_lib/Go/kafkaev/test/mocks/schrgs/mock_schemargs_instance.go:41.109,47.2 5 0
github.com/sony-nurdianto/farm/shared_lib/Go/kafkaev/test/mocks/schrgs/mock_schemargs_instance.go:50.93,53.2 2 0
github.com/sony-nurdianto/farm/shared_lib/Go/kafkaev/kev/kafka_def.go:12.30,14.2 1 1
github.com/sony-nurdianto/farm/shared_lib/Go/kafkaev/kev/kafka_def.go:16.77,18.16 2 1
github.com/sony-nurdianto/farm/shared_lib/Go/kafkaev/kev/kafka_def.go:18.16,20.3 1 1
github.com/sony-nurdianto/farm/shared_lib/Go/kafkaev/kev/kafka_def.go:22.2,22.28 1 0
github.com/sony-nurdianto/farm/shared_lib/Go/kafkaev/kev/kevmsg.go:27.46,33.2 2 0
github.com/sony-nurdianto/farm/shared_lib/Go/kafkaev/kev/kevmsg.go:44.63,55.2 2 1
github.com/sony-nurdianto/farm/shared_lib/Go/kafkaev/kev/kevmsg.go:67.48,69.31 2 1
github.com/sony-nurdianto/farm/shared_lib/Go/kafkaev/kev/kevmsg.go:69.31,71.3 1 0
github.com/sony-nurdianto/farm/shared_lib/Go/kafkaev/kev/kevmsg.go:73.2,83.12 2 1
github.com/sony-nurdianto/farm/shared_lib/Go/kafkaev/kev/producer.go:31.79,40.21 4 1
github.com/sony-nurdianto/farm/shared_lib/Go/kafkaev/kev/producer.go:40.21,43.3 2 1
github.com/sony-nurdianto/farm/shared_lib/Go/kafkaev/kev/producer.go:46.2,48.13 2 1
github.com/sony-nurdianto/farm/shared_lib/Go/kafkaev/kev/producer.go:52.45,54.23 2 1
github.com/sony-nurdianto/farm/shared_lib/Go/kafkaev/kev/producer.go:54.23,56.3 1 1
github.com/sony-nurdianto/farm/shared_lib/Go/kafkaev/kev/producer.go:57.2,60.27 3 1
github.com/sony-nurdianto/farm/shared_lib/Go/kafkaev/kev/producer.go:60.27,63.3 2 1
github.com/sony-nurdianto/farm/shared_lib/Go/kafkaev/kev/producer.go:65.2,66.32 2 1
github.com/sony-nurdianto/farm/shared_lib/Go/kafkaev/kev/producer.go:69.96,74.49 3 1
github.com/sony-nurdianto/farm/shared_lib/Go/kafkaev/kev/producer.go:74.49,78.3 3 0
github.com/sony-nurdianto/farm/shared_lib/Go/kafkaev/kev/producer.go:79.2,86.49 4 1
github.com/sony-nurdianto/farm/shared_lib/Go/kafkaev/kev/producer.go:86.49,89.3 2 0
github.com/sony-nurdianto/farm/shared_lib/Go/kafkaev/kev/producer.go:93.2,94.16 2 1
github.com/sony-nurdianto/farm/shared_lib/Go/kafkaev/kev/producer.go:94.16,96.3 1 1
github.com/sony-nurdianto/farm/shared_lib/Go/kafkaev/kev/producer.go:98.2,104.29 2 1
github.com/sony-nurdianto/farm/shared_lib/Go/kafkaev/kev/producer.go:104.29,106.3 1 1
github.com/sony-nurdianto/farm/shared_lib/Go/kafkaev/kev/producer.go:108.2,109.20 2 1
github.com/sony-nurdianto/farm/shared_lib/Go/kafkaev/kev/producer.go:112.77,113.15 1 1
github.com/sony-nurdianto/farm/shared_lib/Go/kafkaev/kev/producer.go:113.15,118.3 3 1
github.com/sony-nurdianto/farm/shared_lib/Go/kafkaev/kev/producer.go:120.2,120.35 1 1
github.com/sony-nurdianto/farm/shared_lib/Go/kafkaev/kev/producer.go:120.35,121.25 1 1
github.com/sony-nurdianto/farm/shared_lib/Go/kafkaev/kev/producer.go:122.23,123.38 1 1
github.com/sony-nurdianto/farm/shared_lib/Go/kafkaev/kev/producer.go:123.38,125.5 1 1
github.com/sony-nurdianto/farm/shared_lib/Go/kafkaev/kev/producer.go:125.10,127.5 1 1
github.com/sony-nurdianto/farm/shared_lib/Go/kafkaev/kev/producer.go:128.20,130.20 2 1
github.com/sony-nurdianto/farm/shared_lib/Go/kafkaev/kev/producer.go:130.20,133.5 2 1
github.com/sony-nurdianto/farm/shared_lib/Go/kafkaev/kev/producer.go:134.20,135.44 1 1
github.com/sony-nurdianto/farm/shared_lib/Go/kafkaev/kev/producer.go:136.23,137.81 1 1
github.com/sony-nurdianto/farm/shared_lib/Go/kafkaev/kev/producer.go:138.11,139.46 1 1
github.com/sony-nurdianto/farm/shared_lib/Go/kafkaev/kev/producer.go:144.82,148.21 3 1
github.com/sony-nurdianto/farm/shared_lib/Go/kafkaev/kev/producer.go:148.21,150.3 1 1
github.com/sony-nurdianto/farm/shared_lib/Go/kafkaev/kev/producer.go:153.78,158.40 4 1
github.com/sony-nurdianto/farm/shared_lib/Go/kafkaev/kev/producer.go:158.40,159.45 1 1
github.com/sony-nurdianto/farm/shared_lib/Go/kafkaev/kev/producer.go:159.45,163.4 3 1
github.com/sony-nurdianto/farm/shared_lib/Go/kafkaev/kev/producer.go:167.38,171.40 3 1
github.com/sony-nurdianto/farm/shared_lib/Go/kafkaev/kev/producer.go:171.40,174.3 2 1
github.com/sony-nurdianto/farm/shared_lib/Go/kafkaev/kev/producer.go:176.2,176.48 1 1
github.com/sony-nurdianto/farm/shared_lib/Go/kafkaev/kev/producer.go:179.60,185.36 3 1
github.com/sony-nurdianto/farm/shared_lib/Go/kafkaev/kev/producer.go:185.36,187.32 2 1
github.com/sony-nurdianto/farm/shared_lib/Go/kafkaev/kev/producer.go:187.32,189.5 1 1
github.com/sony-nurdianto/farm/shared_lib/Go/kafkaev/kev/producer.go:190.4,190.15 1 1
github.com/sony-nurdianto/farm/shared_lib/Go/kafkaev/kev/producer.go:195.93,197.30 2 1
github.com/sony-nurdianto/farm/shared_lib/Go/kafkaev/kev/producer.go:197.30,199.3 1 1
github.com/sony-nurdianto/farm/shared_lib/Go/kafkaev/kev/producer.go:201.2,201.18 1 1
github.com/sony-nurdianto/farm/shared_lib/Go/kafkaev/kev/producer.go:204.95,208.16 3 1
github.com/sony-nurdianto/farm/shared_lib/Go/kafkaev/kev/producer.go:208.16,210.3 1 1
github.com/sony-nurdianto/farm/shared_lib/Go/kafkaev/kev/producer.go:212.2,214.38 2 1
github.com/sony-nurdianto/farm/shared_lib/Go/kafkaev/kev/producer.go:217.102,218.20 1 1
github.com/sony-nurdianto/farm/shared_lib/Go/kafkaev/kev/producer.go:218.20,220.3 1 1
github.com/sony-nurdianto/farm/shared_lib/Go/kafkaev/kev/producer.go:222.2,225.16 3 1
github.com/sony-nurdianto/farm/shared_lib/Go/kafkaev/kev/producer.go:225.16,227.3 1 1
github.com/sony-nurdianto/farm/shared_lib/Go/kafkaev/kev/producer.go:229.2,231.27 2 1
github.com/sony-nurdianto/farm/shared_lib/Go/kafkaev/kev/producer.go:231.27,232.17 1 1
github.com/sony-nurdianto/farm/shared_lib/Go/kafkaev/kev/producer.go:232.17,233.12 1 0
github.com/sony-nurdianto/farm/shared_lib/Go/kafkaev/kev/producer.go:236.3,240.17 4 1
github.com/sony-nurdianto/farm/shared_lib/Go/kafkaev/kev/producer.go:240.17,242.4 1 1
github.com/sony-nurdianto/farm/shared_lib/Go/kafkaev/kev/producer.go:244.3,244.13 1 1
github.com/sony-nurdianto/farm/shared_lib/Go/kafkaev/kev/producer.go:244.13,246.11 2 1
github.com/sony-nurdianto/farm/shared_lib/Go/kafkaev/kev/producer.go:246.11,248.5 1 1
github.com/sony-nurdianto/farm/shared_lib/Go/kafkaev/kev/producer.go:250.4,250.39 1 1
github.com/sony-nurdianto/farm/shared_lib/Go/kafkaev/kev/producer.go:250.39,251.38 1 1
github.com/sony-nurdianto/farm/shared_lib/Go/kafkaev/kev/producer.go:251.38,253.6 1 1
github.com/sony-nurdianto/farm/shared_lib/Go/kafkaev/kev/producer.go:257.4,257.11 1 1
github.com/sony-nurdianto/farm/shared_lib/Go/kafkaev/kev/producer.go:258.33,259.12 1 1
github.com/sony-nurdianto/farm/shared_lib/Go/kafkaev/kev/producer.go:259.12,261.6 1 1
github.com/sony-nurdianto/farm/shared_lib/Go/kafkaev/kev/producer.go:262.12,263.24 1 0
github.com/sony-nurdianto/farm/shared_lib/Go/kafkaev/kev/producer.go:268.2,269.19 2 1
github.com/sony-nurdianto/farm/shared_lib/Go/kafkaev/kev/producer.go:269.19,271.3 1 1
github.com/sony-nurdianto/farm/shared_lib/Go/kafkaev/kev/producer.go:273.2,273.12 1 1
github.com/sony-nurdianto/farm/shared_lib/Go/kafkaev/kev/producer_def.go:18.50,22.2 1 0
github.com/sony-nurdianto/farm/shared_lib/Go/kafkaev/kev/producer_def.go:24.51,26.2 1 0
github.com/sony-nurdianto/farm/shared_lib/Go/kafkaev/kev/producer_def.go:28.45,30.2 1 0
github.com/sony-nurdianto/farm/shared_lib/Go/kafkaev/kev/producer_def.go:32.84,34.2 1 0
github.com/sony-nurdianto/farm/shared_lib/Go/kafkaev/kev/producer_def.go:36.44,38.2 1 0
github.com/sony-nurdianto/farm/shared_lib/Go/kafkaev/kev/producer_def.go:40.27,42.2 1 0
github.com/sony-nurdianto/farm/shared_lib/Go/kafkaev/test/mocks/avr/mock_deserialize.go:28.75,32.2 3 0
github.com/sony-nurdianto/farm/shared_lib/Go/kafkaev/test/mocks/avr/mock_deserialize.go:35.73,37.2 1 0
github.com/sony-nurdianto/farm/shared_lib/Go/kafkaev/test/mocks/avr/mock_deserialize.go:40.92,45.2 4 0
github.com/sony-nurdianto/farm/shared_lib/Go/kafkaev/test/mocks/avr/mock_deserialize.go:48.106,51.2 2 0
github.com/sony-nurdianto/farm/shared_lib/Go/kafkaev/test/mocks/avr/mock_serde_instance.go:32.77,36.2 3 0
github.com/sony-nurdianto/farm/shared_lib/Go/kafkaev/test/mocks/avr/mock_serde_instance.go:39.75,41.2 1 0
github.com/sony-nurdianto/farm/shared_lib/Go/kafkaev/test/mocks/avr/mock_serde_instance.go:44.167,50.2 5 0
github.com/sony-nurdianto/farm/shared_lib/Go/kafkaev/test/mocks/avr/mock_serde_instance.go:53.118,56.2 2 0
github.com/sony-nurdianto/farm/shared_lib/Go/kafkaev/test/mocks/avr/mock_serde_instance.go:59.161,65.2 5 0
github.com/sony-nurdianto/farm/shared_lib/Go/kafkaev/test/mocks/avr/mock_serde_instance.go:68.116,71.2 2 0
github.com/sony-nurdianto/farm/shared_lib/Go/kafkaev/test/mocks/avr/mock_serializer.go:28.71,32.2 3 0
github.com/sony-nurdianto/farm/shared_lib/Go/kafkaev/test/mocks/avr/mock_serializer.go:35.69,37.2 1 0
github.com/sony-nurdianto/farm/shared_lib/Go/kafkaev/test/mocks/avr/mock_serializer.go:40.78,46.2 5 0
github.com/sony-nurdianto/farm/shared_lib/Go/kafkaev/test/mocks/avr/mock_serializer.go:49.89,52.2 2 0
github.com/sony-nurdianto/farm/shared_lib/Go/kafkaev/test/mocks/kev/mock_kafka.go:30.55,34.2 3 1
github.com/sony-nurdianto/farm/shared_lib/Go/kafkaev/test/mocks/kev/mock_kafka.go:37.53,39.2 1 1
github.com/sony-nurdianto/farm/shared_lib/Go/kafkaev/test/mocks/kev/mock_kafka.go:42.81,48.2 5 1
github.com/sony-nurdianto/farm/shared_lib/Go/kafkaev/test/mocks/kev/mock_kafka.go:51.77,54.2 2 1
github.com/sony-nurdianto/farm/shared_lib/Go/kafkaev/test/mocks/kev/mock_producer.go:29.67,33.2 3 1
github.com/sony-nurdianto/farm/shared_lib/Go/kafkaev/test/mocks/kev/mock_producer.go:36.65,38.2 1 1
github.com/sony-nurdianto/farm/shared_lib/Go/kafkaev/test/mocks/kev/mock_producer.go:41.35,44.2 2 1
github.com/sony-nurdianto/farm/shared_lib/Go/kafkaev/test/mocks/kev/mock_producer.go:47.61,50.2 2 1
github.com/sony-nurdianto/farm/shared_lib/Go/kafkaev/test/mocks/kev/mock_producer.go:53.53,58.2 4 1
github.com/sony-nurdianto/farm/shared_lib/Go/kafkaev/test/mocks/kev/mock_producer.go:61.62,64.2 2 1
github.com/sony-nurdianto/farm/shared_lib/Go/kafkaev/test/mocks/kev/mock_producer.go:67.52,72.2 4 1
github.com/sony-nurdianto/farm/shared_lib/Go/kafkaev/test/mocks/kev/mock_producer.go:75.82,78.2 2 1
github.com/sony-nurdianto/farm/shared_lib/Go/kafkaev/test/mocks/kev/mock_producer.go:81.59,86.2 4 1
github.com/sony-nurdianto/farm/shared_lib/Go/kafkaev/test/mocks/kev/mock_producer.go:89.69,92.2 2 1
github.com/sony-nurdianto/farm/shared_lib/Go/kafkaev/test/mocks/kev/mock_producer.go:95.92,100.2 4 1
github.com/sony-nurdianto/farm/shared_lib/Go/kafkaev/test/mocks/kev/mock_producer.go:103.92,106.2 2 1
github.com/sony-nurdianto/farm/shared_lib/Go/kafkaev/test/mocks/schrgs/mock_confluent_client.go:29.57,33.2 3 0
github.com/sony-nurdianto/farm/shared_lib/Go/kafkaev/test/mocks/schrgs/mock_confluent_client.go:36.55,38.2 1 0
github.com/sony-nurdianto/farm/shared_lib/Go/kafkaev/test/mocks/schrgs/mock_confluent_client.go:41.42,46.2 4 0
github.com/sony-nurdianto/farm/shared_lib/Go/kafkaev/test/mocks/schrgs/mock_confluent_client.go:49.62,52.2 2 0
github.com/sony-nurdianto/farm/shared_lib/Go/kafkaev/test/mocks/schrgs/mock_confluent_client.go:55.48,60.2 4 0
github.com/sony-nurdianto/farm/shared_lib/Go/kafkaev/test/mocks/schrgs/mock_confluent_client.go:63.68,66.2 2 0
github.com/sony-nurdianto/farm/shared_lib/Go/kafkaev/test/mocks/schrgs/mock_confluent_client.go:69.36,74.2 4 0
github.com/sony-nurdianto/farm/shared_lib/Go/kafkaev/test/mocks/schrgs/mock_confluent_client.go:77.56,80.2 2 0
github.com/sony-nurdianto/farm/shared_lib/Go/kafkaev/test/mocks/schrgs/mock_confluent_client.go:83.54,88.2 4 0
github.com/sony-nurdianto/farm/shared_lib/Go/kafkaev/test/mocks/schrgs/mock_confluent_client.go:91.57,94.2 2 0
github.com/sony-nurdianto/farm/shared_lib/Go/kafkaev/test/mocks/schrgs/mock_confluent_client.go:97.75,103.2 5 0
github.com/sony-nurdianto/farm/shared_lib/Go/kafkaev/test/mocks/schrgs/mock_confluent_client.go:106.86,109.2 2 0
github.com/sony-nurdianto/farm/shared_lib/Go/kafkaev/test/mocks/schrgs/mock_confluent_client.go:112.90,118.2 5 0
github.com/sony-nurdianto/farm/shared_lib/Go/kafkaev/test/mocks/schrgs/mock_confluent_client.go:121.99,124.2 2 0
github.com/sony-nurdianto/farm/shared_lib/Go/kafkaev/test/mocks/schrgs/mock_confluent_client.go:127.57,133.2 5 0
github.com/sony-nurdianto/farm/shared_lib/Go/kafkaev/test/mocks/schrgs/mock_confluent_client.go:136.65,139.2 2 0
github.com/sony-nurdianto/farm/shared_lib/Go/kafkaev/test/mocks/schrgs/mock_confluent_client.go:142.57,148.2 5 0
github.com/sony-nurdianto/farm/shared_lib/Go/kafkaev/test/mocks/schrgs/mock_confluent_client.go:151.65,154.2 2 0
github.com/sony-nurdianto/farm/shared_lib/Go/kafkaev/test/mocks/schrgs/mock_confluent_client.go:157.65,163.2 5 0
github.com/sony-nurdianto/farm/shared_lib/Go/kafkaev/test/mocks/schrgs/mock_confluent_client.go:166.81,169.2 2 0
github.com/sony-nurdianto/farm/shared_lib/Go/kafkaev/test/mocks/schrgs/mock_confluent_client.go:172.80,178.2 5 0
github.com/sony-nurdianto/farm/shared_lib/Go/kafkaev/test/mocks/schrgs/mock_confluent_client.go:181.76,184.2 2 0
github.com/sony-nurdianto/farm/shared_lib/Go/kafkaev/test/mocks/schrgs/mock_confluent_client.go:187.98,193.2 5 0
github.com/sony-nurdianto/farm/shared_lib/Go/kafkaev/test/mocks/schrgs/mock_confluent_client.go:196.90,199.2 2 0
github.com/sony-nurdianto/farm/shared_lib/Go/kafkaev/test/mocks/schrgs/mock_confluent_client.go:202.90,208.2 5 0
github.com/sony-nurdianto/farm/shared_lib/Go/kafkaev/test/mocks/schrgs/mock_confluent_client.go:211.83,214.2 2 0
github.com/sony-nurdianto/farm/shared_lib/Go/kafkaev/test/mocks/schrgs/mock_confluent_client.go:217.93,223.2 5 0
github.com/sony-nurdianto/farm/shared_lib/Go/kafkaev/test/mocks/schrgs/mock_confluent_client.go:226.82,229.2 2 0
github.com/sony-nurdianto/farm/shared_lib/Go/kafkaev/test/mocks/schrgs/mock_confluent_client.go:232.86,238.2 5 0
github.com/sony-nurdianto/farm/shared_lib/Go/kafkaev/test/mocks/schrgs/mock_confluent_client.go:241.74,244.2 2 0
github.com/sony-nurdianto/farm/shared_lib/Go/kafkaev/test/mocks/schrgs/mock_confluent_client.go:247.78,253.2 5 0
github.com/sony-nurdianto/farm/shared_lib/Go/kafkaev/test/mocks/schrgs/mock_confluent_client.go:256.67,259.2 2 0
github.com/sony-nurdianto/farm/shared_lib/Go/kafkaev/test/mocks/schrgs/mock_confluent_client.go:262.97,268.2 5 0
github.com/sony-nurdianto/farm/shared_lib/Go/kafkaev/test/mocks/schrgs/mock_confluent_client.go:271.84,274.2 2 0
github.com/sony-nurdianto/farm/shared_lib/Go/kafkaev/test/mocks/schrgs/mock_confluent_client.go:277.135,283.2 5 0
github.com/sony-nurdianto/farm/shared_lib/Go/kafkaev/test/mocks/schrgs/mock_confluent_client.go:286.96,289.2 2 0
github.com/sony-nurdianto/farm/shared_lib/Go/kafkaev/test/mocks/schrgs/mock_confluent_client.go:292.98,298.2 5 0
github.com/sony-nurdianto/farm/shared_lib/Go/kafkaev/test/mocks/schrgs/mock_confluent_client.go:301.90,304.2 2 0
github.com/sony-nurdianto/farm/shared_lib/Go/kafkaev/test/mocks/schrgs/mock_confluent_client.go:307.131,313.2 5 0
github.com/sony-nurdianto/farm/shared_lib/Go/kafkaev/test/mocks/schrgs/mock_confluent_client.go:316.100,319.2 2 0
github.com/sony-nurdianto/farm/shared_lib/Go/kafkaev/test/mocks/schrgs/mock_confluent_client.go:322.102,328.2 5 0
github.com/sony-nurdianto/farm/shared_lib/Go/kafkaev/test/mocks/schrgs/mock_confluent_client.go:331.90,334.2 2 0
github.com/sony-nurdianto/farm/shared_lib/Go/kafkaev/test/mocks/schrgs/mock_confluent_client.go:337.127,343.2 5 0
github.com/sony-nurdianto/farm/shared_lib/Go/kafkaev/test/mocks/schrgs/mock_confluent_client.go:346.110,349.2 2 0
github.com/sony-nurdianto/farm/shared_lib/Go/kafkaev/test/mocks/schrgs/mock_confluent_client.go:352.103,358.2 5 0
github.com/sony-nurdianto/farm/shared_lib/Go/kafkaev/test/mocks/schrgs/mock_confluent_client.go:361.93,364.2 2 0
github.com/sony-nurdianto/farm/shared_lib/Go/kafkaev/test/mocks/schrgs/mock_confluent_client.go:367.102,373.2 5 0
github.com/sony-nurdianto/farm/shared_lib/Go/kafkaev/test/mocks/schrgs/mock_confluent_client.go:376.89,379.2 2 0
github.com/sony-nurdianto/farm/shared_lib/Go/kafkaev/test/mocks/schrgs/mock_confluent_client.go:382.122,388.2 5 0
github.com/sony-nurdianto/farm/shared_lib/Go/kafkaev/test/mocks/schrgs/mock_confluent_client.go:391.109,394.2 2 0
github.com/sony-nurdianto/farm/shared_lib/Go/kafkaev/test/mocks/schrgs/mock_confluent_client.go:397.100,403.2 5 0
github.com/sony-nurdianto/farm/shared_lib/Go/kafkaev/test/mocks/schrgs/mock_confluent_client.go:406.87,409.2 2 0
github.com/sony-nurdianto/farm/shared_lib/Go/kafkaev/test/mocks/schrgs/mock_confluent_client.go:412.138,418.2 5 0
github.com/sony-nurdianto/farm/shared_lib/Go/kafkaev/test/mocks/schrgs/mock_confluent_client.go:421.99,424.2 2 0
github.com/sony-nurdianto/farm/shared_lib/Go/kafkaev/test/mocks/schrgs/mock_confluent_client.go:427.109,433.2 5 0
github.com/sony-nurdianto/farm/shared_lib/Go/kafkaev/test/mocks/schrgs/mock_confluent_client.go:436.96,439.2 2 0
github.com/sony-nurdianto/farm/shared_lib/Go/kafkaev/test/mocks/schrgs/mock_confluent_client.go:442.106,448.2 5 0
github.com/sony-nurdianto/farm/shared_lib/Go/kafkaev/test/mocks/schrgs/mock_confluent_client.go:451.97,454.2 2 0
github.com/sony-nurdianto/farm/shared_lib/Go/kafkaev/test/mocks/schrgs/mock_confluent_client.go:457.128,463.2 5 0
github.com/sony-nurdianto/farm/shared_lib/Go/kafkaev/test/mocks/schrgs/mock_confluent_client.go:466.92,469.2 2 0
github.com/sony-nurdianto/farm/shared_lib/Go/kafkaev/test/mocks/schrgs/mock_confluent_client.go:472.119,478.2 5 0
github.com/sony-nurdianto/farm/shared_lib/Go/kafkaev/test/mocks/schrgs/mock_confluent_client.go:481.85,484.2 2 0
github.com/sony-nurdianto/farm/shared_lib/Go/kafkaev/test/mocks/schrgs/mock_confluent_client.go:487.122,493.2 5 0
github.com/sony-nurdianto/farm/shared_lib/Go/kafkaev/test/mocks/schrgs/mock_confluent_client.go:496.93,499.2 2 0
github.com/sony-nurdianto/farm/shared_lib/Go/kafkaev/test/mocks/schrgs/mock_confluent_client.go:502.113,508.2 5 0
github.com/sony-nurdianto/farm/shared_lib/Go/kafkaev/test/mocks/schrgs/mock_confluent_client.go:511.86,514.2 2 0
github.com/sony-nurdianto/farm/shared_lib/Go/kafkaev/test/mocks/schrgs/mock_schemargs_client.go:29.87,33.2 3 0
github.com/sony-nurdianto/farm/shared_lib/Go/kafkaev/test/mocks/schrgs/mock_schemargs_client.go:36.85,38.2 1 0
github.com/sony-nurdianto/farm/shared_lib/Go/kafkaev/test/mocks/schrgs/mock_schemargs_client.go:41.116,47.2 5 0
github.com/sony-nurdianto/farm/shared_lib/Go/kafkaev/test/mocks/schrgs/mock_schemargs_client.go:50.108,53.2 2 0
github.com/sony-nurdianto/farm/shared_lib/Go/kafkaev/test/mocks/schrgs/mock_schemargs_client.go:56.125,62.2 5 0
github.com/sony-nurdianto/farm/shared_lib/Go/kafkaev/test/mocks/schrgs/mock_schemargs_client.go:65.112,68.2 2 0
github.com/sony-nurdianto/farm/shared_lib/Go/kafkaev/test/mocks/schrgs/mock_schemargs_instance.go:29.91,33.2 3 0
github.com/sony-nurdianto/farm/shared_lib/Go/kafkaev/test/mocks/schrgs/mock_schemargs_instance.go:36.89,38.2 1 0
github.com/sony-nurdianto/farm/shared_lib/Go/kafkaev/test/mocks/schrgs/mock_schemargs_instance.go:41.109,47.2 5 0
github.com/sony-nurdianto/farm/shared_lib/Go/kafkaev/test/mocks/schrgs/mock_schemargs_instance.go:50.93,53.2 2 0
