mode: set
github.com/sony-nurdianto/farm/services/Rest/farm_gateway/farm_gateway/internal/api/grpc_auth_svc.go:23.66,25.2 1 1
github.com/sony-nurdianto/farm/services/Rest/farm_gateway/farm_gateway/internal/api/grpc_auth_svc.go:27.112,35.16 4 1
github.com/sony-nurdianto/farm/services/Rest/farm_gateway/farm_gateway/internal/api/grpc_auth_svc.go:35.16,37.3 1 1
github.com/sony-nurdianto/farm/services/Rest/farm_gateway/farm_gateway/internal/api/grpc_auth_svc.go:39.2,39.17 1 1
github.com/sony-nurdianto/farm/services/Rest/farm_gateway/farm_gateway/internal/api/grpc_auth_svc.go:42.118,50.16 4 1
github.com/sony-nurdianto/farm/services/Rest/farm_gateway/farm_gateway/internal/api/grpc_auth_svc.go:50.16,52.3 1 1
github.com/sony-nurdianto/farm/services/Rest/farm_gateway/farm_gateway/internal/api/grpc_auth_svc.go:54.2,54.17 1 1
github.com/sony-nurdianto/farm/services/Rest/farm_gateway/farm_gateway/internal/api/grpc_auth_svc.go:57.115,65.16 4 1
github.com/sony-nurdianto/farm/services/Rest/farm_gateway/farm_gateway/internal/api/grpc_auth_svc.go:65.16,67.3 1 1
github.com/sony-nurdianto/farm/services/Rest/farm_gateway/farm_gateway/internal/api/grpc_auth_svc.go:69.2,69.17 1 1
github.com/sony-nurdianto/farm/services/Rest/farm_gateway/farm_gateway/internal/pbgen/auth.pb.go:35.39,40.2 4 0
github.com/sony-nurdianto/farm/services/Rest/farm_gateway/farm_gateway/internal/pbgen/auth.pb.go:42.47,44.2 1 0
github.com/sony-nurdianto/farm/services/Rest/farm_gateway/farm_gateway/internal/pbgen/auth.pb.go:46.45,46.46 0 0
github.com/sony-nurdianto/farm/services/Rest/farm_gateway/farm_gateway/internal/pbgen/auth.pb.go:48.67,50.14 2 0
github.com/sony-nurdianto/farm/services/Rest/farm_gateway/farm_gateway/internal/pbgen/auth.pb.go:50.14,52.34 2 0
github.com/sony-nurdianto/farm/services/Rest/farm_gateway/farm_gateway/internal/pbgen/auth.pb.go:52.34,54.4 1 0
github.com/sony-nurdianto/farm/services/Rest/farm_gateway/farm_gateway/internal/pbgen/auth.pb.go:55.3,55.12 1 0
github.com/sony-nurdianto/farm/services/Rest/farm_gateway/farm_gateway/internal/pbgen/auth.pb.go:57.2,57.24 1 0
github.com/sony-nurdianto/farm/services/Rest/farm_gateway/farm_gateway/internal/pbgen/auth.pb.go:61.58,63.2 1 0
github.com/sony-nurdianto/farm/services/Rest/farm_gateway/farm_gateway/internal/pbgen/auth.pb.go:65.52,66.14 1 0
github.com/sony-nurdianto/farm/services/Rest/farm_gateway/farm_gateway/internal/pbgen/auth.pb.go:66.14,68.3 1 0
github.com/sony-nurdianto/farm/services/Rest/farm_gateway/farm_gateway/internal/pbgen/auth.pb.go:69.2,69.11 1 0
github.com/sony-nurdianto/farm/services/Rest/farm_gateway/farm_gateway/internal/pbgen/auth.pb.go:72.55,73.14 1 0
github.com/sony-nurdianto/farm/services/Rest/farm_gateway/farm_gateway/internal/pbgen/auth.pb.go:73.14,75.3 1 0
github.com/sony-nurdianto/farm/services/Rest/farm_gateway/farm_gateway/internal/pbgen/auth.pb.go:76.2,76.11 1 0
github.com/sony-nurdianto/farm/services/Rest/farm_gateway/farm_gateway/internal/pbgen/auth.pb.go:79.49,80.14 1 0
github.com/sony-nurdianto/farm/services/Rest/farm_gateway/farm_gateway/internal/pbgen/auth.pb.go:80.14,82.3 1 0
github.com/sony-nurdianto/farm/services/Rest/farm_gateway/farm_gateway/internal/pbgen/auth.pb.go:83.2,83.11 1 0
github.com/sony-nurdianto/farm/services/Rest/farm_gateway/farm_gateway/internal/pbgen/auth.pb.go:86.52,87.14 1 0
github.com/sony-nurdianto/farm/services/Rest/farm_gateway/farm_gateway/internal/pbgen/auth.pb.go:87.14,89.3 1 0
github.com/sony-nurdianto/farm/services/Rest/farm_gateway/farm_gateway/internal/pbgen/auth.pb.go:90.2,90.11 1 0
github.com/sony-nurdianto/farm/services/Rest/farm_gateway/farm_gateway/internal/pbgen/auth.pb.go:101.40,106.2 4 0
github.com/sony-nurdianto/farm/services/Rest/farm_gateway/farm_gateway/internal/pbgen/auth.pb.go:108.48,110.2 1 0
github.com/sony-nurdianto/farm/services/Rest/farm_gateway/farm_gateway/internal/pbgen/auth.pb.go:112.46,112.47 0 0
github.com/sony-nurdianto/farm/services/Rest/farm_gateway/farm_gateway/internal/pbgen/auth.pb.go:114.68,116.14 2 0
github.com/sony-nurdianto/farm/services/Rest/farm_gateway/farm_gateway/internal/pbgen/auth.pb.go:116.14,118.34 2 0
github.com/sony-nurdianto/farm/services/Rest/farm_gateway/farm_gateway/internal/pbgen/auth.pb.go:118.34,120.4 1 0
github.com/sony-nurdianto/farm/services/Rest/farm_gateway/farm_gateway/internal/pbgen/auth.pb.go:121.3,121.12 1 0
github.com/sony-nurdianto/farm/services/Rest/farm_gateway/farm_gateway/internal/pbgen/auth.pb.go:123.2,123.24 1 0
github.com/sony-nurdianto/farm/services/Rest/farm_gateway/farm_gateway/internal/pbgen/auth.pb.go:127.59,129.2 1 0
github.com/sony-nurdianto/farm/services/Rest/farm_gateway/farm_gateway/internal/pbgen/auth.pb.go:131.48,132.14 1 0
github.com/sony-nurdianto/farm/services/Rest/farm_gateway/farm_gateway/internal/pbgen/auth.pb.go:132.14,134.3 1 0
github.com/sony-nurdianto/farm/services/Rest/farm_gateway/farm_gateway/internal/pbgen/auth.pb.go:135.2,135.11 1 0
github.com/sony-nurdianto/farm/services/Rest/farm_gateway/farm_gateway/internal/pbgen/auth.pb.go:138.51,139.14 1 0
github.com/sony-nurdianto/farm/services/Rest/farm_gateway/farm_gateway/internal/pbgen/auth.pb.go:139.14,141.3 1 0
github.com/sony-nurdianto/farm/services/Rest/farm_gateway/farm_gateway/internal/pbgen/auth.pb.go:142.2,142.11 1 0
github.com/sony-nurdianto/farm/services/Rest/farm_gateway/farm_gateway/internal/pbgen/auth.pb.go:153.43,158.2 4 0
github.com/sony-nurdianto/farm/services/Rest/farm_gateway/farm_gateway/internal/pbgen/auth.pb.go:160.51,162.2 1 0
github.com/sony-nurdianto/farm/services/Rest/farm_gateway/farm_gateway/internal/pbgen/auth.pb.go:164.49,164.50 0 0
github.com/sony-nurdianto/farm/services/Rest/farm_gateway/farm_gateway/internal/pbgen/auth.pb.go:166.71,168.14 2 0
github.com/sony-nurdianto/farm/services/Rest/farm_gateway/farm_gateway/internal/pbgen/auth.pb.go:168.14,170.34 2 0
github.com/sony-nurdianto/farm/services/Rest/farm_gateway/farm_gateway/internal/pbgen/auth.pb.go:170.34,172.4 1 0
github.com/sony-nurdianto/farm/services/Rest/farm_gateway/farm_gateway/internal/pbgen/auth.pb.go:173.3,173.12 1 0
github.com/sony-nurdianto/farm/services/Rest/farm_gateway/farm_gateway/internal/pbgen/auth.pb.go:175.2,175.24 1 0
github.com/sony-nurdianto/farm/services/Rest/farm_gateway/farm_gateway/internal/pbgen/auth.pb.go:179.62,181.2 1 0
github.com/sony-nurdianto/farm/services/Rest/farm_gateway/farm_gateway/internal/pbgen/auth.pb.go:183.53,184.14 1 0
github.com/sony-nurdianto/farm/services/Rest/farm_gateway/farm_gateway/internal/pbgen/auth.pb.go:184.14,186.3 1 0
github.com/sony-nurdianto/farm/services/Rest/farm_gateway/farm_gateway/internal/pbgen/auth.pb.go:187.2,187.11 1 0
github.com/sony-nurdianto/farm/services/Rest/farm_gateway/farm_gateway/internal/pbgen/auth.pb.go:190.56,191.14 1 0
github.com/sony-nurdianto/farm/services/Rest/farm_gateway/farm_gateway/internal/pbgen/auth.pb.go:191.14,193.3 1 0
github.com/sony-nurdianto/farm/services/Rest/farm_gateway/farm_gateway/internal/pbgen/auth.pb.go:194.2,194.11 1 0
github.com/sony-nurdianto/farm/services/Rest/farm_gateway/farm_gateway/internal/pbgen/auth.pb.go:208.44,213.2 4 0
github.com/sony-nurdianto/farm/services/Rest/farm_gateway/farm_gateway/internal/pbgen/auth.pb.go:215.52,217.2 1 0
github.com/sony-nurdianto/farm/services/Rest/farm_gateway/farm_gateway/internal/pbgen/auth.pb.go:219.50,219.51 0 0
github.com/sony-nurdianto/farm/services/Rest/farm_gateway/farm_gateway/internal/pbgen/auth.pb.go:221.72,223.14 2 0
github.com/sony-nurdianto/farm/services/Rest/farm_gateway/farm_gateway/internal/pbgen/auth.pb.go:223.14,225.34 2 0
github.com/sony-nurdianto/farm/services/Rest/farm_gateway/farm_gateway/internal/pbgen/auth.pb.go:225.34,227.4 1 0
github.com/sony-nurdianto/farm/services/Rest/farm_gateway/farm_gateway/internal/pbgen/auth.pb.go:228.3,228.12 1 0
github.com/sony-nurdianto/farm/services/Rest/farm_gateway/farm_gateway/internal/pbgen/auth.pb.go:230.2,230.24 1 0
github.com/sony-nurdianto/farm/services/Rest/farm_gateway/farm_gateway/internal/pbgen/auth.pb.go:234.63,236.2 1 0
github.com/sony-nurdianto/farm/services/Rest/farm_gateway/farm_gateway/internal/pbgen/auth.pb.go:238.54,239.14 1 0
github.com/sony-nurdianto/farm/services/Rest/farm_gateway/farm_gateway/internal/pbgen/auth.pb.go:239.14,241.3 1 0
github.com/sony-nurdianto/farm/services/Rest/farm_gateway/farm_gateway/internal/pbgen/auth.pb.go:242.2,242.11 1 0
github.com/sony-nurdianto/farm/services/Rest/farm_gateway/farm_gateway/internal/pbgen/auth.pb.go:245.73,246.14 1 0
github.com/sony-nurdianto/farm/services/Rest/farm_gateway/farm_gateway/internal/pbgen/auth.pb.go:246.14,248.3 1 0
github.com/sony-nurdianto/farm/services/Rest/farm_gateway/farm_gateway/internal/pbgen/auth.pb.go:249.2,249.12 1 0
github.com/sony-nurdianto/farm/services/Rest/farm_gateway/farm_gateway/internal/pbgen/auth.pb.go:252.74,253.14 1 0
github.com/sony-nurdianto/farm/services/Rest/farm_gateway/farm_gateway/internal/pbgen/auth.pb.go:253.14,255.3 1 0
github.com/sony-nurdianto/farm/services/Rest/farm_gateway/farm_gateway/internal/pbgen/auth.pb.go:256.2,256.12 1 0
github.com/sony-nurdianto/farm/services/Rest/farm_gateway/farm_gateway/internal/pbgen/auth.pb.go:259.55,260.14 1 0
github.com/sony-nurdianto/farm/services/Rest/farm_gateway/farm_gateway/internal/pbgen/auth.pb.go:260.14,262.3 1 0
github.com/sony-nurdianto/farm/services/Rest/farm_gateway/farm_gateway/internal/pbgen/auth.pb.go:263.2,263.11 1 0
github.com/sony-nurdianto/farm/services/Rest/farm_gateway/farm_gateway/internal/pbgen/auth.pb.go:266.52,267.14 1 0
github.com/sony-nurdianto/farm/services/Rest/farm_gateway/farm_gateway/internal/pbgen/auth.pb.go:267.14,269.3 1 0
github.com/sony-nurdianto/farm/services/Rest/farm_gateway/farm_gateway/internal/pbgen/auth.pb.go:270.2,270.11 1 0
github.com/sony-nurdianto/farm/services/Rest/farm_gateway/farm_gateway/internal/pbgen/auth.pb.go:280.40,285.2 4 0
github.com/sony-nurdianto/farm/services/Rest/farm_gateway/farm_gateway/internal/pbgen/auth.pb.go:287.48,289.2 1 0
github.com/sony-nurdianto/farm/services/Rest/farm_gateway/farm_gateway/internal/pbgen/auth.pb.go:291.46,291.47 0 0
github.com/sony-nurdianto/farm/services/Rest/farm_gateway/farm_gateway/internal/pbgen/auth.pb.go:293.68,295.14 2 0
github.com/sony-nurdianto/farm/services/Rest/farm_gateway/farm_gateway/internal/pbgen/auth.pb.go:295.14,297.34 2 0
github.com/sony-nurdianto/farm/services/Rest/farm_gateway/farm_gateway/internal/pbgen/auth.pb.go:297.34,299.4 1 0
github.com/sony-nurdianto/farm/services/Rest/farm_gateway/farm_gateway/internal/pbgen/auth.pb.go:300.3,300.12 1 0
github.com/sony-nurdianto/farm/services/Rest/farm_gateway/farm_gateway/internal/pbgen/auth.pb.go:302.2,302.24 1 0
github.com/sony-nurdianto/farm/services/Rest/farm_gateway/farm_gateway/internal/pbgen/auth.pb.go:306.59,308.2 1 0
github.com/sony-nurdianto/farm/services/Rest/farm_gateway/farm_gateway/internal/pbgen/auth.pb.go:310.50,311.14 1 0
github.com/sony-nurdianto/farm/services/Rest/farm_gateway/farm_gateway/internal/pbgen/auth.pb.go:311.14,313.3 1 0
github.com/sony-nurdianto/farm/services/Rest/farm_gateway/farm_gateway/internal/pbgen/auth.pb.go:314.2,314.11 1 0
github.com/sony-nurdianto/farm/services/Rest/farm_gateway/farm_gateway/internal/pbgen/auth.pb.go:328.41,333.2 4 0
github.com/sony-nurdianto/farm/services/Rest/farm_gateway/farm_gateway/internal/pbgen/auth.pb.go:335.49,337.2 1 0
github.com/sony-nurdianto/farm/services/Rest/farm_gateway/farm_gateway/internal/pbgen/auth.pb.go:339.47,339.48 0 0
github.com/sony-nurdianto/farm/services/Rest/farm_gateway/farm_gateway/internal/pbgen/auth.pb.go:341.69,343.14 2 0
github.com/sony-nurdianto/farm/services/Rest/farm_gateway/farm_gateway/internal/pbgen/auth.pb.go:343.14,345.34 2 0
github.com/sony-nurdianto/farm/services/Rest/farm_gateway/farm_gateway/internal/pbgen/auth.pb.go:345.34,347.4 1 0
github.com/sony-nurdianto/farm/services/Rest/farm_gateway/farm_gateway/internal/pbgen/auth.pb.go:348.3,348.12 1 0
github.com/sony-nurdianto/farm/services/Rest/farm_gateway/farm_gateway/internal/pbgen/auth.pb.go:350.2,350.24 1 0
github.com/sony-nurdianto/farm/services/Rest/farm_gateway/farm_gateway/internal/pbgen/auth.pb.go:354.60,356.2 1 0
github.com/sony-nurdianto/farm/services/Rest/farm_gateway/farm_gateway/internal/pbgen/auth.pb.go:358.49,359.14 1 0
github.com/sony-nurdianto/farm/services/Rest/farm_gateway/farm_gateway/internal/pbgen/auth.pb.go:359.14,361.3 1 0
github.com/sony-nurdianto/farm/services/Rest/farm_gateway/farm_gateway/internal/pbgen/auth.pb.go:362.2,362.14 1 0
github.com/sony-nurdianto/farm/services/Rest/farm_gateway/farm_gateway/internal/pbgen/auth.pb.go:365.49,366.14 1 0
github.com/sony-nurdianto/farm/services/Rest/farm_gateway/farm_gateway/internal/pbgen/auth.pb.go:366.14,368.3 1 0
github.com/sony-nurdianto/farm/services/Rest/farm_gateway/farm_gateway/internal/pbgen/auth.pb.go:369.2,369.11 1 0
github.com/sony-nurdianto/farm/services/Rest/farm_gateway/farm_gateway/internal/pbgen/auth.pb.go:372.53,373.34 1 0
github.com/sony-nurdianto/farm/services/Rest/farm_gateway/farm_gateway/internal/pbgen/auth.pb.go:373.34,375.3 1 0
github.com/sony-nurdianto/farm/services/Rest/farm_gateway/farm_gateway/internal/pbgen/auth.pb.go:376.2,376.11 1 0
github.com/sony-nurdianto/farm/services/Rest/farm_gateway/farm_gateway/internal/pbgen/auth.pb.go:379.71,380.14 1 0
github.com/sony-nurdianto/farm/services/Rest/farm_gateway/farm_gateway/internal/pbgen/auth.pb.go:380.14,382.3 1 0
github.com/sony-nurdianto/farm/services/Rest/farm_gateway/farm_gateway/internal/pbgen/auth.pb.go:383.2,383.12 1 0
github.com/sony-nurdianto/farm/services/Rest/farm_gateway/farm_gateway/internal/pbgen/auth.pb.go:386.51,387.32 1 0
github.com/sony-nurdianto/farm/services/Rest/farm_gateway/farm_gateway/internal/pbgen/auth.pb.go:387.32,389.3 1 0
github.com/sony-nurdianto/farm/services/Rest/farm_gateway/farm_gateway/internal/pbgen/auth.pb.go:390.2,390.11 1 0
github.com/sony-nurdianto/farm/services/Rest/farm_gateway/farm_gateway/internal/pbgen/auth.pb.go:439.51,440.48 1 0
github.com/sony-nurdianto/farm/services/Rest/farm_gateway/farm_gateway/internal/pbgen/auth.pb.go:440.48,442.3 1 0
github.com/sony-nurdianto/farm/services/Rest/farm_gateway/farm_gateway/internal/pbgen/auth.pb.go:443.2,443.44 1 0
github.com/sony-nurdianto/farm/services/Rest/farm_gateway/farm_gateway/internal/pbgen/auth.pb.go:473.13,473.47 1 1
github.com/sony-nurdianto/farm/services/Rest/farm_gateway/farm_gateway/internal/pbgen/auth.pb.go:474.37,475.36 1 1
github.com/sony-nurdianto/farm/services/Rest/farm_gateway/farm_gateway/internal/pbgen/auth.pb.go:475.36,477.3 1 0
github.com/sony-nurdianto/farm/services/Rest/farm_gateway/farm_gateway/internal/pbgen/auth.pb.go:478.2,495.39 6 1
github.com/sony-nurdianto/farm/services/Rest/farm_gateway/farm_gateway/internal/pbgen/auth_grpc.pb.go:40.74,42.2 1 0
github.com/sony-nurdianto/farm/services/Rest/farm_gateway/farm_gateway/internal/pbgen/auth_grpc.pb.go:44.144,48.16 4 0
github.com/sony-nurdianto/farm/services/Rest/farm_gateway/farm_gateway/internal/pbgen/auth_grpc.pb.go:48.16,50.3 1 0
github.com/sony-nurdianto/farm/services/Rest/farm_gateway/farm_gateway/internal/pbgen/auth_grpc.pb.go:51.2,51.17 1 0
github.com/sony-nurdianto/farm/services/Rest/farm_gateway/farm_gateway/internal/pbgen/auth_grpc.pb.go:54.156,58.16 4 0
github.com/sony-nurdianto/farm/services/Rest/farm_gateway/farm_gateway/internal/pbgen/auth_grpc.pb.go:58.16,60.3 1 0
github.com/sony-nurdianto/farm/services/Rest/farm_gateway/farm_gateway/internal/pbgen/auth_grpc.pb.go:61.2,61.17 1 0
github.com/sony-nurdianto/farm/services/Rest/farm_gateway/farm_gateway/internal/pbgen/auth_grpc.pb.go:64.147,68.16 4 0
github.com/sony-nurdianto/farm/services/Rest/farm_gateway/farm_gateway/internal/pbgen/auth_grpc.pb.go:68.16,70.3 1 0
github.com/sony-nurdianto/farm/services/Rest/farm_gateway/farm_gateway/internal/pbgen/auth_grpc.pb.go:71.2,71.17 1 0
github.com/sony-nurdianto/farm/services/Rest/farm_gateway/farm_gateway/internal/pbgen/auth_grpc.pb.go:91.122,93.2 1 0
github.com/sony-nurdianto/farm/services/Rest/farm_gateway/farm_gateway/internal/pbgen/auth_grpc.pb.go:94.134,96.2 1 0
github.com/sony-nurdianto/farm/services/Rest/farm_gateway/farm_gateway/internal/pbgen/auth_grpc.pb.go:97.125,99.2 1 0
github.com/sony-nurdianto/farm/services/Rest/farm_gateway/farm_gateway/internal/pbgen/auth_grpc.pb.go:100.82,100.83 0 0
github.com/sony-nurdianto/farm/services/Rest/farm_gateway/farm_gateway/internal/pbgen/auth_grpc.pb.go:101.82,101.83 0 0
github.com/sony-nurdianto/farm/services/Rest/farm_gateway/farm_gateway/internal/pbgen/auth_grpc.pb.go:110.80,115.59 1 0
github.com/sony-nurdianto/farm/services/Rest/farm_gateway/farm_gateway/internal/pbgen/auth_grpc.pb.go:115.59,117.3 1 0
github.com/sony-nurdianto/farm/services/Rest/farm_gateway/farm_gateway/internal/pbgen/auth_grpc.pb.go:118.2,118.50 1 0
github.com/sony-nurdianto/farm/services/Rest/farm_gateway/farm_gateway/internal/pbgen/auth_grpc.pb.go:121.169,123.32 2 0
github.com/sony-nurdianto/farm/services/Rest/farm_gateway/farm_gateway/internal/pbgen/auth_grpc.pb.go:123.32,125.3 1 0
github.com/sony-nurdianto/farm/services/Rest/farm_gateway/farm_gateway/internal/pbgen/auth_grpc.pb.go:126.2,126.24 1 0
github.com/sony-nurdianto/farm/services/Rest/farm_gateway/farm_gateway/internal/pbgen/auth_grpc.pb.go:126.24,128.3 1 0
github.com/sony-nurdianto/farm/services/Rest/farm_gateway/farm_gateway/internal/pbgen/auth_grpc.pb.go:129.2,133.77 2 0
github.com/sony-nurdianto/farm/services/Rest/farm_gateway/farm_gateway/internal/pbgen/auth_grpc.pb.go:133.77,135.3 1 0
github.com/sony-nurdianto/farm/services/Rest/farm_gateway/farm_gateway/internal/pbgen/auth_grpc.pb.go:136.2,136.44 1 0
github.com/sony-nurdianto/farm/services/Rest/farm_gateway/farm_gateway/internal/pbgen/auth_grpc.pb.go:139.173,141.32 2 0
github.com/sony-nurdianto/farm/services/Rest/farm_gateway/farm_gateway/internal/pbgen/auth_grpc.pb.go:141.32,143.3 1 0
github.com/sony-nurdianto/farm/services/Rest/farm_gateway/farm_gateway/internal/pbgen/auth_grpc.pb.go:144.2,144.24 1 0
github.com/sony-nurdianto/farm/services/Rest/farm_gateway/farm_gateway/internal/pbgen/auth_grpc.pb.go:144.24,146.3 1 0
github.com/sony-nurdianto/farm/services/Rest/farm_gateway/farm_gateway/internal/pbgen/auth_grpc.pb.go:147.2,151.77 2 0
github.com/sony-nurdianto/farm/services/Rest/farm_gateway/farm_gateway/internal/pbgen/auth_grpc.pb.go:151.77,153.3 1 0
github.com/sony-nurdianto/farm/services/Rest/farm_gateway/farm_gateway/internal/pbgen/auth_grpc.pb.go:154.2,154.44 1 0
github.com/sony-nurdianto/farm/services/Rest/farm_gateway/farm_gateway/internal/pbgen/auth_grpc.pb.go:157.170,159.32 2 0
github.com/sony-nurdianto/farm/services/Rest/farm_gateway/farm_gateway/internal/pbgen/auth_grpc.pb.go:159.32,161.3 1 0
github.com/sony-nurdianto/farm/services/Rest/farm_gateway/farm_gateway/internal/pbgen/auth_grpc.pb.go:162.2,162.24 1 0
github.com/sony-nurdianto/farm/services/Rest/farm_gateway/farm_gateway/internal/pbgen/auth_grpc.pb.go:162.24,164.3 1 0
github.com/sony-nurdianto/farm/services/Rest/farm_gateway/farm_gateway/internal/pbgen/auth_grpc.pb.go:165.2,169.77 2 0
github.com/sony-nurdianto/farm/services/Rest/farm_gateway/farm_gateway/internal/pbgen/auth_grpc.pb.go:169.77,171.3 1 0
github.com/sony-nurdianto/farm/services/Rest/farm_gateway/farm_gateway/internal/pbgen/auth_grpc.pb.go:172.2,172.44 1 0
github.com/sony-nurdianto/farm/services/Rest/farm_gateway/farm_gateway/internal/api/grpc_auth_svc.go:23.66,25.2 1 0
github.com/sony-nurdianto/farm/services/Rest/farm_gateway/farm_gateway/internal/api/grpc_auth_svc.go:27.112,35.16 4 0
github.com/sony-nurdianto/farm/services/Rest/farm_gateway/farm_gateway/internal/api/grpc_auth_svc.go:35.16,37.3 1 0
github.com/sony-nurdianto/farm/services/Rest/farm_gateway/farm_gateway/internal/api/grpc_auth_svc.go:39.2,39.17 1 0
github.com/sony-nurdianto/farm/services/Rest/farm_gateway/farm_gateway/internal/api/grpc_auth_svc.go:42.118,50.16 4 0
github.com/sony-nurdianto/farm/services/Rest/farm_gateway/farm_gateway/internal/api/grpc_auth_svc.go:50.16,52.3 1 0
github.com/sony-nurdianto/farm/services/Rest/farm_gateway/farm_gateway/internal/api/grpc_auth_svc.go:54.2,54.17 1 0
github.com/sony-nurdianto/farm/services/Rest/farm_gateway/farm_gateway/internal/api/grpc_auth_svc.go:57.115,65.16 4 0
github.com/sony-nurdianto/farm/services/Rest/farm_gateway/farm_gateway/internal/api/grpc_auth_svc.go:65.16,67.3 1 0
github.com/sony-nurdianto/farm/services/Rest/farm_gateway/farm_gateway/internal/api/grpc_auth_svc.go:69.2,69.17 1 0
github.com/sony-nurdianto/farm/services/Rest/farm_gateway/farm_gateway/internal/handlers/authh/auth_def.go:9.62,13.2 1 1
github.com/sony-nurdianto/farm/services/Rest/farm_gateway/farm_gateway/internal/handlers/authh/signin.go:11.49,15.16 3 1
github.com/sony-nurdianto/farm/services/Rest/farm_gateway/farm_gateway/internal/handlers/authh/signin.go:15.16,19.3 1 1
github.com/sony-nurdianto/farm/services/Rest/farm_gateway/farm_gateway/internal/handlers/authh/signin.go:21.2,27.16 3 1
github.com/sony-nurdianto/farm/services/Rest/farm_gateway/farm_gateway/internal/handlers/authh/signin.go:27.16,33.3 1 1
github.com/sony-nurdianto/farm/services/Rest/farm_gateway/farm_gateway/internal/handlers/authh/signin.go:35.2,53.3 2 1
github.com/sony-nurdianto/farm/services/Rest/farm_gateway/farm_gateway/internal/handlers/authh/signup.go:9.49,13.16 3 1
github.com/sony-nurdianto/farm/services/Rest/farm_gateway/farm_gateway/internal/handlers/authh/signup.go:13.16,17.3 1 1
github.com/sony-nurdianto/farm/services/Rest/farm_gateway/farm_gateway/internal/handlers/authh/signup.go:19.2,27.16 3 1
github.com/sony-nurdianto/farm/services/Rest/farm_gateway/farm_gateway/internal/handlers/authh/signup.go:27.16,33.3 1 1
github.com/sony-nurdianto/farm/services/Rest/farm_gateway/farm_gateway/internal/handlers/authh/signup.go:35.2,40.3 1 1
github.com/sony-nurdianto/farm/services/Rest/farm_gateway/farm_gateway/internal/handlers/authh/validate_token.go:11.64,13.22 2 1
github.com/sony-nurdianto/farm/services/Rest/farm_gateway/farm_gateway/internal/handlers/authh/validate_token.go:13.22,17.3 1 1
github.com/sony-nurdianto/farm/services/Rest/farm_gateway/farm_gateway/internal/handlers/authh/validate_token.go:19.2,20.62 2 1
github.com/sony-nurdianto/farm/services/Rest/farm_gateway/farm_gateway/internal/handlers/authh/validate_token.go:20.62,24.3 1 1
github.com/sony-nurdianto/farm/services/Rest/farm_gateway/farm_gateway/internal/handlers/authh/validate_token.go:26.2,33.16 4 1
github.com/sony-nurdianto/farm/services/Rest/farm_gateway/farm_gateway/internal/handlers/authh/validate_token.go:33.16,39.3 1 1
github.com/sony-nurdianto/farm/services/Rest/farm_gateway/farm_gateway/internal/handlers/authh/validate_token.go:41.2,41.16 1 1
github.com/sony-nurdianto/farm/services/Rest/farm_gateway/farm_gateway/internal/handlers/authh/validate_token.go:41.16,47.3 1 1
github.com/sony-nurdianto/farm/services/Rest/farm_gateway/farm_gateway/internal/handlers/authh/validate_token.go:49.2,53.17 4 1
github.com/sony-nurdianto/farm/services/Rest/farm_gateway/farm_gateway/internal/pbgen/auth.pb.go:35.39,40.2 4 0
github.com/sony-nurdianto/farm/services/Rest/farm_gateway/farm_gateway/internal/pbgen/auth.pb.go:42.47,44.2 1 0
github.com/sony-nurdianto/farm/services/Rest/farm_gateway/farm_gateway/internal/pbgen/auth.pb.go:46.45,46.46 0 0
github.com/sony-nurdianto/farm/services/Rest/farm_gateway/farm_gateway/internal/pbgen/auth.pb.go:48.67,50.14 2 0
github.com/sony-nurdianto/farm/services/Rest/farm_gateway/farm_gateway/internal/pbgen/auth.pb.go:50.14,52.34 2 0
github.com/sony-nurdianto/farm/services/Rest/farm_gateway/farm_gateway/internal/pbgen/auth.pb.go:52.34,54.4 1 0
github.com/sony-nurdianto/farm/services/Rest/farm_gateway/farm_gateway/internal/pbgen/auth.pb.go:55.3,55.12 1 0
github.com/sony-nurdianto/farm/services/Rest/farm_gateway/farm_gateway/internal/pbgen/auth.pb.go:57.2,57.24 1 0
github.com/sony-nurdianto/farm/services/Rest/farm_gateway/farm_gateway/internal/pbgen/auth.pb.go:61.58,63.2 1 0
github.com/sony-nurdianto/farm/services/Rest/farm_gateway/farm_gateway/internal/pbgen/auth.pb.go:65.52,66.14 1 0
github.com/sony-nurdianto/farm/services/Rest/farm_gateway/farm_gateway/internal/pbgen/auth.pb.go:66.14,68.3 1 0
github.com/sony-nurdianto/farm/services/Rest/farm_gateway/farm_gateway/internal/pbgen/auth.pb.go:69.2,69.11 1 0
github.com/sony-nurdianto/farm/services/Rest/farm_gateway/farm_gateway/internal/pbgen/auth.pb.go:72.55,73.14 1 0
github.com/sony-nurdianto/farm/services/Rest/farm_gateway/farm_gateway/internal/pbgen/auth.pb.go:73.14,75.3 1 0
github.com/sony-nurdianto/farm/services/Rest/farm_gateway/farm_gateway/internal/pbgen/auth.pb.go:76.2,76.11 1 0
github.com/sony-nurdianto/farm/services/Rest/farm_gateway/farm_gateway/internal/pbgen/auth.pb.go:79.49,80.14 1 0
github.com/sony-nurdianto/farm/services/Rest/farm_gateway/farm_gateway/internal/pbgen/auth.pb.go:80.14,82.3 1 0
github.com/sony-nurdianto/farm/services/Rest/farm_gateway/farm_gateway/internal/pbgen/auth.pb.go:83.2,83.11 1 0
github.com/sony-nurdianto/farm/services/Rest/farm_gateway/farm_gateway/internal/pbgen/auth.pb.go:86.52,87.14 1 0
github.com/sony-nurdianto/farm/services/Rest/farm_gateway/farm_gateway/internal/pbgen/auth.pb.go:87.14,89.3 1 0
github.com/sony-nurdianto/farm/services/Rest/farm_gateway/farm_gateway/internal/pbgen/auth.pb.go:90.2,90.11 1 0
github.com/sony-nurdianto/farm/services/Rest/farm_gateway/farm_gateway/internal/pbgen/auth.pb.go:101.40,106.2 4 0
github.com/sony-nurdianto/farm/services/Rest/farm_gateway/farm_gateway/internal/pbgen/auth.pb.go:108.48,110.2 1 0
github.com/sony-nurdianto/farm/services/Rest/farm_gateway/farm_gateway/internal/pbgen/auth.pb.go:112.46,112.47 0 0
github.com/sony-nurdianto/farm/services/Rest/farm_gateway/farm_gateway/internal/pbgen/auth.pb.go:114.68,116.14 2 0
github.com/sony-nurdianto/farm/services/Rest/farm_gateway/farm_gateway/internal/pbgen/auth.pb.go:116.14,118.34 2 0
github.com/sony-nurdianto/farm/services/Rest/farm_gateway/farm_gateway/internal/pbgen/auth.pb.go:118.34,120.4 1 0
github.com/sony-nurdianto/farm/services/Rest/farm_gateway/farm_gateway/internal/pbgen/auth.pb.go:121.3,121.12 1 0
github.com/sony-nurdianto/farm/services/Rest/farm_gateway/farm_gateway/internal/pbgen/auth.pb.go:123.2,123.24 1 0
github.com/sony-nurdianto/farm/services/Rest/farm_gateway/farm_gateway/internal/pbgen/auth.pb.go:127.59,129.2 1 0
github.com/sony-nurdianto/farm/services/Rest/farm_gateway/farm_gateway/internal/pbgen/auth.pb.go:131.48,132.14 1 0
github.com/sony-nurdianto/farm/services/Rest/farm_gateway/farm_gateway/internal/pbgen/auth.pb.go:132.14,134.3 1 0
github.com/sony-nurdianto/farm/services/Rest/farm_gateway/farm_gateway/internal/pbgen/auth.pb.go:135.2,135.11 1 0
github.com/sony-nurdianto/farm/services/Rest/farm_gateway/farm_gateway/internal/pbgen/auth.pb.go:138.51,139.14 1 0
github.com/sony-nurdianto/farm/services/Rest/farm_gateway/farm_gateway/internal/pbgen/auth.pb.go:139.14,141.3 1 0
github.com/sony-nurdianto/farm/services/Rest/farm_gateway/farm_gateway/internal/pbgen/auth.pb.go:142.2,142.11 1 0
github.com/sony-nurdianto/farm/services/Rest/farm_gateway/farm_gateway/internal/pbgen/auth.pb.go:153.43,158.2 4 0
github.com/sony-nurdianto/farm/services/Rest/farm_gateway/farm_gateway/internal/pbgen/auth.pb.go:160.51,162.2 1 0
github.com/sony-nurdianto/farm/services/Rest/farm_gateway/farm_gateway/internal/pbgen/auth.pb.go:164.49,164.50 0 0
github.com/sony-nurdianto/farm/services/Rest/farm_gateway/farm_gateway/internal/pbgen/auth.pb.go:166.71,168.14 2 0
github.com/sony-nurdianto/farm/services/Rest/farm_gateway/farm_gateway/internal/pbgen/auth.pb.go:168.14,170.34 2 0
github.com/sony-nurdianto/farm/services/Rest/farm_gateway/farm_gateway/internal/pbgen/auth.pb.go:170.34,172.4 1 0
github.com/sony-nurdianto/farm/services/Rest/farm_gateway/farm_gateway/internal/pbgen/auth.pb.go:173.3,173.12 1 0
github.com/sony-nurdianto/farm/services/Rest/farm_gateway/farm_gateway/internal/pbgen/auth.pb.go:175.2,175.24 1 0
github.com/sony-nurdianto/farm/services/Rest/farm_gateway/farm_gateway/internal/pbgen/auth.pb.go:179.62,181.2 1 0
github.com/sony-nurdianto/farm/services/Rest/farm_gateway/farm_gateway/internal/pbgen/auth.pb.go:183.53,184.14 1 0
github.com/sony-nurdianto/farm/services/Rest/farm_gateway/farm_gateway/internal/pbgen/auth.pb.go:184.14,186.3 1 0
github.com/sony-nurdianto/farm/services/Rest/farm_gateway/farm_gateway/internal/pbgen/auth.pb.go:187.2,187.11 1 0
github.com/sony-nurdianto/farm/services/Rest/farm_gateway/farm_gateway/internal/pbgen/auth.pb.go:190.56,191.14 1 0
github.com/sony-nurdianto/farm/services/Rest/farm_gateway/farm_gateway/internal/pbgen/auth.pb.go:191.14,193.3 1 0
github.com/sony-nurdianto/farm/services/Rest/farm_gateway/farm_gateway/internal/pbgen/auth.pb.go:194.2,194.11 1 0
github.com/sony-nurdianto/farm/services/Rest/farm_gateway/farm_gateway/internal/pbgen/auth.pb.go:208.44,213.2 4 0
github.com/sony-nurdianto/farm/services/Rest/farm_gateway/farm_gateway/internal/pbgen/auth.pb.go:215.52,217.2 1 0
github.com/sony-nurdianto/farm/services/Rest/farm_gateway/farm_gateway/internal/pbgen/auth.pb.go:219.50,219.51 0 0
github.com/sony-nurdianto/farm/services/Rest/farm_gateway/farm_gateway/internal/pbgen/auth.pb.go:221.72,223.14 2 0
github.com/sony-nurdianto/farm/services/Rest/farm_gateway/farm_gateway/internal/pbgen/auth.pb.go:223.14,225.34 2 0
github.com/sony-nurdianto/farm/services/Rest/farm_gateway/farm_gateway/internal/pbgen/auth.pb.go:225.34,227.4 1 0
github.com/sony-nurdianto/farm/services/Rest/farm_gateway/farm_gateway/internal/pbgen/auth.pb.go:228.3,228.12 1 0
github.com/sony-nurdianto/farm/services/Rest/farm_gateway/farm_gateway/internal/pbgen/auth.pb.go:230.2,230.24 1 0
github.com/sony-nurdianto/farm/services/Rest/farm_gateway/farm_gateway/internal/pbgen/auth.pb.go:234.63,236.2 1 0
github.com/sony-nurdianto/farm/services/Rest/farm_gateway/farm_gateway/internal/pbgen/auth.pb.go:238.54,239.14 1 0
github.com/sony-nurdianto/farm/services/Rest/farm_gateway/farm_gateway/internal/pbgen/auth.pb.go:239.14,241.3 1 0
github.com/sony-nurdianto/farm/services/Rest/farm_gateway/farm_gateway/internal/pbgen/auth.pb.go:242.2,242.11 1 0
github.com/sony-nurdianto/farm/services/Rest/farm_gateway/farm_gateway/internal/pbgen/auth.pb.go:245.73,246.14 1 0
github.com/sony-nurdianto/farm/services/Rest/farm_gateway/farm_gateway/internal/pbgen/auth.pb.go:246.14,248.3 1 0
github.com/sony-nurdianto/farm/services/Rest/farm_gateway/farm_gateway/internal/pbgen/auth.pb.go:249.2,249.12 1 0
github.com/sony-nurdianto/farm/services/Rest/farm_gateway/farm_gateway/internal/pbgen/auth.pb.go:252.74,253.14 1 0
github.com/sony-nurdianto/farm/services/Rest/farm_gateway/farm_gateway/internal/pbgen/auth.pb.go:253.14,255.3 1 0
github.com/sony-nurdianto/farm/services/Rest/farm_gateway/farm_gateway/internal/pbgen/auth.pb.go:256.2,256.12 1 0
github.com/sony-nurdianto/farm/services/Rest/farm_gateway/farm_gateway/internal/pbgen/auth.pb.go:259.55,260.14 1 0
github.com/sony-nurdianto/farm/services/Rest/farm_gateway/farm_gateway/internal/pbgen/auth.pb.go:260.14,262.3 1 0
github.com/sony-nurdianto/farm/services/Rest/farm_gateway/farm_gateway/internal/pbgen/auth.pb.go:263.2,263.11 1 0
github.com/sony-nurdianto/farm/services/Rest/farm_gateway/farm_gateway/internal/pbgen/auth.pb.go:266.52,267.14 1 0
github.com/sony-nurdianto/farm/services/Rest/farm_gateway/farm_gateway/internal/pbgen/auth.pb.go:267.14,269.3 1 0
github.com/sony-nurdianto/farm/services/Rest/farm_gateway/farm_gateway/internal/pbgen/auth.pb.go:270.2,270.11 1 0
github.com/sony-nurdianto/farm/services/Rest/farm_gateway/farm_gateway/internal/pbgen/auth.pb.go:280.40,285.2 4 0
github.com/sony-nurdianto/farm/services/Rest/farm_gateway/farm_gateway/internal/pbgen/auth.pb.go:287.48,289.2 1 0
github.com/sony-nurdianto/farm/services/Rest/farm_gateway/farm_gateway/internal/pbgen/auth.pb.go:291.46,291.47 0 0
github.com/sony-nurdianto/farm/services/Rest/farm_gateway/farm_gateway/internal/pbgen/auth.pb.go:293.68,295.14 2 0
github.com/sony-nurdianto/farm/services/Rest/farm_gateway/farm_gateway/internal/pbgen/auth.pb.go:295.14,297.34 2 0
github.com/sony-nurdianto/farm/services/Rest/farm_gateway/farm_gateway/internal/pbgen/auth.pb.go:297.34,299.4 1 0
github.com/sony-nurdianto/farm/services/Rest/farm_gateway/farm_gateway/internal/pbgen/auth.pb.go:300.3,300.12 1 0
github.com/sony-nurdianto/farm/services/Rest/farm_gateway/farm_gateway/internal/pbgen/auth.pb.go:302.2,302.24 1 0
github.com/sony-nurdianto/farm/services/Rest/farm_gateway/farm_gateway/internal/pbgen/auth.pb.go:306.59,308.2 1 0
github.com/sony-nurdianto/farm/services/Rest/farm_gateway/farm_gateway/internal/pbgen/auth.pb.go:310.50,311.14 1 0
github.com/sony-nurdianto/farm/services/Rest/farm_gateway/farm_gateway/internal/pbgen/auth.pb.go:311.14,313.3 1 0
github.com/sony-nurdianto/farm/services/Rest/farm_gateway/farm_gateway/internal/pbgen/auth.pb.go:314.2,314.11 1 0
github.com/sony-nurdianto/farm/services/Rest/farm_gateway/farm_gateway/internal/pbgen/auth.pb.go:328.41,333.2 4 0
github.com/sony-nurdianto/farm/services/Rest/farm_gateway/farm_gateway/internal/pbgen/auth.pb.go:335.49,337.2 1 0
github.com/sony-nurdianto/farm/services/Rest/farm_gateway/farm_gateway/internal/pbgen/auth.pb.go:339.47,339.48 0 0
github.com/sony-nurdianto/farm/services/Rest/farm_gateway/farm_gateway/internal/pbgen/auth.pb.go:341.69,343.14 2 0
github.com/sony-nurdianto/farm/services/Rest/farm_gateway/farm_gateway/internal/pbgen/auth.pb.go:343.14,345.34 2 0
github.com/sony-nurdianto/farm/services/Rest/farm_gateway/farm_gateway/internal/pbgen/auth.pb.go:345.34,347.4 1 0
github.com/sony-nurdianto/farm/services/Rest/farm_gateway/farm_gateway/internal/pbgen/auth.pb.go:348.3,348.12 1 0
github.com/sony-nurdianto/farm/services/Rest/farm_gateway/farm_gateway/internal/pbgen/auth.pb.go:350.2,350.24 1 0
github.com/sony-nurdianto/farm/services/Rest/farm_gateway/farm_gateway/internal/pbgen/auth.pb.go:354.60,356.2 1 0
github.com/sony-nurdianto/farm/services/Rest/farm_gateway/farm_gateway/internal/pbgen/auth.pb.go:358.49,359.14 1 0
github.com/sony-nurdianto/farm/services/Rest/farm_gateway/farm_gateway/internal/pbgen/auth.pb.go:359.14,361.3 1 0
github.com/sony-nurdianto/farm/services/Rest/farm_gateway/farm_gateway/internal/pbgen/auth.pb.go:362.2,362.14 1 0
github.com/sony-nurdianto/farm/services/Rest/farm_gateway/farm_gateway/internal/pbgen/auth.pb.go:365.49,366.14 1 0
github.com/sony-nurdianto/farm/services/Rest/farm_gateway/farm_gateway/internal/pbgen/auth.pb.go:366.14,368.3 1 0
github.com/sony-nurdianto/farm/services/Rest/farm_gateway/farm_gateway/internal/pbgen/auth.pb.go:369.2,369.11 1 0
github.com/sony-nurdianto/farm/services/Rest/farm_gateway/farm_gateway/internal/pbgen/auth.pb.go:372.53,373.34 1 0
github.com/sony-nurdianto/farm/services/Rest/farm_gateway/farm_gateway/internal/pbgen/auth.pb.go:373.34,375.3 1 0
github.com/sony-nurdianto/farm/services/Rest/farm_gateway/farm_gateway/internal/pbgen/auth.pb.go:376.2,376.11 1 0
github.com/sony-nurdianto/farm/services/Rest/farm_gateway/farm_gateway/internal/pbgen/auth.pb.go:379.71,380.14 1 0
github.com/sony-nurdianto/farm/services/Rest/farm_gateway/farm_gateway/internal/pbgen/auth.pb.go:380.14,382.3 1 0
github.com/sony-nurdianto/farm/services/Rest/farm_gateway/farm_gateway/internal/pbgen/auth.pb.go:383.2,383.12 1 0
github.com/sony-nurdianto/farm/services/Rest/farm_gateway/farm_gateway/internal/pbgen/auth.pb.go:386.51,387.32 1 0
github.com/sony-nurdianto/farm/services/Rest/farm_gateway/farm_gateway/internal/pbgen/auth.pb.go:387.32,389.3 1 0
github.com/sony-nurdianto/farm/services/Rest/farm_gateway/farm_gateway/internal/pbgen/auth.pb.go:390.2,390.11 1 0
github.com/sony-nurdianto/farm/services/Rest/farm_gateway/farm_gateway/internal/pbgen/auth.pb.go:439.51,440.48 1 0
github.com/sony-nurdianto/farm/services/Rest/farm_gateway/farm_gateway/internal/pbgen/auth.pb.go:440.48,442.3 1 0
github.com/sony-nurdianto/farm/services/Rest/farm_gateway/farm_gateway/internal/pbgen/auth.pb.go:443.2,443.44 1 0
github.com/sony-nurdianto/farm/services/Rest/farm_gateway/farm_gateway/internal/pbgen/auth.pb.go:473.13,473.47 1 1
github.com/sony-nurdianto/farm/services/Rest/farm_gateway/farm_gateway/internal/pbgen/auth.pb.go:474.37,475.36 1 1
github.com/sony-nurdianto/farm/services/Rest/farm_gateway/farm_gateway/internal/pbgen/auth.pb.go:475.36,477.3 1 0
github.com/sony-nurdianto/farm/services/Rest/farm_gateway/farm_gateway/internal/pbgen/auth.pb.go:478.2,495.39 6 1
github.com/sony-nurdianto/farm/services/Rest/farm_gateway/farm_gateway/internal/pbgen/auth_grpc.pb.go:40.74,42.2 1 0
github.com/sony-nurdianto/farm/services/Rest/farm_gateway/farm_gateway/internal/pbgen/auth_grpc.pb.go:44.144,48.16 4 0
github.com/sony-nurdianto/farm/services/Rest/farm_gateway/farm_gateway/internal/pbgen/auth_grpc.pb.go:48.16,50.3 1 0
github.com/sony-nurdianto/farm/services/Rest/farm_gateway/farm_gateway/internal/pbgen/auth_grpc.pb.go:51.2,51.17 1 0
github.com/sony-nurdianto/farm/services/Rest/farm_gateway/farm_gateway/internal/pbgen/auth_grpc.pb.go:54.156,58.16 4 0
github.com/sony-nurdianto/farm/services/Rest/farm_gateway/farm_gateway/internal/pbgen/auth_grpc.pb.go:58.16,60.3 1 0
github.com/sony-nurdianto/farm/services/Rest/farm_gateway/farm_gateway/internal/pbgen/auth_grpc.pb.go:61.2,61.17 1 0
github.com/sony-nurdianto/farm/services/Rest/farm_gateway/farm_gateway/internal/pbgen/auth_grpc.pb.go:64.147,68.16 4 0
github.com/sony-nurdianto/farm/services/Rest/farm_gateway/farm_gateway/internal/pbgen/auth_grpc.pb.go:68.16,70.3 1 0
github.com/sony-nurdianto/farm/services/Rest/farm_gateway/farm_gateway/internal/pbgen/auth_grpc.pb.go:71.2,71.17 1 0
github.com/sony-nurdianto/farm/services/Rest/farm_gateway/farm_gateway/internal/pbgen/auth_grpc.pb.go:91.122,93.2 1 0
github.com/sony-nurdianto/farm/services/Rest/farm_gateway/farm_gateway/internal/pbgen/auth_grpc.pb.go:94.134,96.2 1 0
github.com/sony-nurdianto/farm/services/Rest/farm_gateway/farm_gateway/internal/pbgen/auth_grpc.pb.go:97.125,99.2 1 0
github.com/sony-nurdianto/farm/services/Rest/farm_gateway/farm_gateway/internal/pbgen/auth_grpc.pb.go:100.82,100.83 0 0
github.com/sony-nurdianto/farm/services/Rest/farm_gateway/farm_gateway/internal/pbgen/auth_grpc.pb.go:101.82,101.83 0 0
github.com/sony-nurdianto/farm/services/Rest/farm_gateway/farm_gateway/internal/pbgen/auth_grpc.pb.go:110.80,115.59 1 0
github.com/sony-nurdianto/farm/services/Rest/farm_gateway/farm_gateway/internal/pbgen/auth_grpc.pb.go:115.59,117.3 1 0
github.com/sony-nurdianto/farm/services/Rest/farm_gateway/farm_gateway/internal/pbgen/auth_grpc.pb.go:118.2,118.50 1 0
github.com/sony-nurdianto/farm/services/Rest/farm_gateway/farm_gateway/internal/pbgen/auth_grpc.pb.go:121.169,123.32 2 0
github.com/sony-nurdianto/farm/services/Rest/farm_gateway/farm_gateway/internal/pbgen/auth_grpc.pb.go:123.32,125.3 1 0
github.com/sony-nurdianto/farm/services/Rest/farm_gateway/farm_gateway/internal/pbgen/auth_grpc.pb.go:126.2,126.24 1 0
github.com/sony-nurdianto/farm/services/Rest/farm_gateway/farm_gateway/internal/pbgen/auth_grpc.pb.go:126.24,128.3 1 0
github.com/sony-nurdianto/farm/services/Rest/farm_gateway/farm_gateway/internal/pbgen/auth_grpc.pb.go:129.2,133.77 2 0
github.com/sony-nurdianto/farm/services/Rest/farm_gateway/farm_gateway/internal/pbgen/auth_grpc.pb.go:133.77,135.3 1 0
github.com/sony-nurdianto/farm/services/Rest/farm_gateway/farm_gateway/internal/pbgen/auth_grpc.pb.go:136.2,136.44 1 0
github.com/sony-nurdianto/farm/services/Rest/farm_gateway/farm_gateway/internal/pbgen/auth_grpc.pb.go:139.173,141.32 2 0
github.com/sony-nurdianto/farm/services/Rest/farm_gateway/farm_gateway/internal/pbgen/auth_grpc.pb.go:141.32,143.3 1 0
github.com/sony-nurdianto/farm/services/Rest/farm_gateway/farm_gateway/internal/pbgen/auth_grpc.pb.go:144.2,144.24 1 0
github.com/sony-nurdianto/farm/services/Rest/farm_gateway/farm_gateway/internal/pbgen/auth_grpc.pb.go:144.24,146.3 1 0
github.com/sony-nurdianto/farm/services/Rest/farm_gateway/farm_gateway/internal/pbgen/auth_grpc.pb.go:147.2,151.77 2 0
github.com/sony-nurdianto/farm/services/Rest/farm_gateway/farm_gateway/internal/pbgen/auth_grpc.pb.go:151.77,153.3 1 0
github.com/sony-nurdianto/farm/services/Rest/farm_gateway/farm_gateway/internal/pbgen/auth_grpc.pb.go:154.2,154.44 1 0
github.com/sony-nurdianto/farm/services/Rest/farm_gateway/farm_gateway/internal/pbgen/auth_grpc.pb.go:157.170,159.32 2 0
github.com/sony-nurdianto/farm/services/Rest/farm_gateway/farm_gateway/internal/pbgen/auth_grpc.pb.go:159.32,161.3 1 0
github.com/sony-nurdianto/farm/services/Rest/farm_gateway/farm_gateway/internal/pbgen/auth_grpc.pb.go:162.2,162.24 1 0
github.com/sony-nurdianto/farm/services/Rest/farm_gateway/farm_gateway/internal/pbgen/auth_grpc.pb.go:162.24,164.3 1 0
github.com/sony-nurdianto/farm/services/Rest/farm_gateway/farm_gateway/internal/pbgen/auth_grpc.pb.go:165.2,169.77 2 0
github.com/sony-nurdianto/farm/services/Rest/farm_gateway/farm_gateway/internal/pbgen/auth_grpc.pb.go:169.77,171.3 1 0
github.com/sony-nurdianto/farm/services/Rest/farm_gateway/farm_gateway/internal/pbgen/auth_grpc.pb.go:172.2,172.44 1 0
github.com/sony-nurdianto/farm/services/Rest/farm_gateway/farm_gateway/internal/api/grpc_auth_svc.go:23.66,25.2 1 0
github.com/sony-nurdianto/farm/services/Rest/farm_gateway/farm_gateway/internal/api/grpc_auth_svc.go:27.112,35.16 4 0
github.com/sony-nurdianto/farm/services/Rest/farm_gateway/farm_gateway/internal/api/grpc_auth_svc.go:35.16,37.3 1 0
github.com/sony-nurdianto/farm/services/Rest/farm_gateway/farm_gateway/internal/api/grpc_auth_svc.go:39.2,39.17 1 0
github.com/sony-nurdianto/farm/services/Rest/farm_gateway/farm_gateway/internal/api/grpc_auth_svc.go:42.118,50.16 4 0
github.com/sony-nurdianto/farm/services/Rest/farm_gateway/farm_gateway/internal/api/grpc_auth_svc.go:50.16,52.3 1 0
github.com/sony-nurdianto/farm/services/Rest/farm_gateway/farm_gateway/internal/api/grpc_auth_svc.go:54.2,54.17 1 0
github.com/sony-nurdianto/farm/services/Rest/farm_gateway/farm_gateway/internal/api/grpc_auth_svc.go:57.115,65.16 4 0
github.com/sony-nurdianto/farm/services/Rest/farm_gateway/farm_gateway/internal/api/grpc_auth_svc.go:65.16,67.3 1 0
github.com/sony-nurdianto/farm/services/Rest/farm_gateway/farm_gateway/internal/api/grpc_auth_svc.go:69.2,69.17 1 0
github.com/sony-nurdianto/farm/services/Rest/farm_gateway/farm_gateway/internal/handlers/authh/auth_def.go:9.62,13.2 1 1
github.com/sony-nurdianto/farm/services/Rest/farm_gateway/farm_gateway/internal/handlers/authh/signin.go:11.49,15.16 3 0
github.com/sony-nurdianto/farm/services/Rest/farm_gateway/farm_gateway/internal/handlers/authh/signin.go:15.16,19.3 1 0
github.com/sony-nurdianto/farm/services/Rest/farm_gateway/farm_gateway/internal/handlers/authh/signin.go:21.2,27.16 3 0
github.com/sony-nurdianto/farm/services/Rest/farm_gateway/farm_gateway/internal/handlers/authh/signin.go:27.16,33.3 1 0
github.com/sony-nurdianto/farm/services/Rest/farm_gateway/farm_gateway/internal/handlers/authh/signin.go:35.2,53.3 2 0
github.com/sony-nurdianto/farm/services/Rest/farm_gateway/farm_gateway/internal/handlers/authh/signup.go:9.49,13.16 3 1
github.com/sony-nurdianto/farm/services/Rest/farm_gateway/farm_gateway/internal/handlers/authh/signup.go:13.16,17.3 1 0
github.com/sony-nurdianto/farm/services/Rest/farm_gateway/farm_gateway/internal/handlers/authh/signup.go:19.2,27.16 3 1
github.com/sony-nurdianto/farm/services/Rest/farm_gateway/farm_gateway/internal/handlers/authh/signup.go:27.16,33.3 1 0
github.com/sony-nurdianto/farm/services/Rest/farm_gateway/farm_gateway/internal/handlers/authh/signup.go:35.2,40.3 1 1
github.com/sony-nurdianto/farm/services/Rest/farm_gateway/farm_gateway/internal/handlers/authh/validate_token.go:11.64,13.22 2 0
github.com/sony-nurdianto/farm/services/Rest/farm_gateway/farm_gateway/internal/handlers/authh/validate_token.go:13.22,17.3 1 0
github.com/sony-nurdianto/farm/services/Rest/farm_gateway/farm_gateway/internal/handlers/authh/validate_token.go:19.2,20.62 2 0
github.com/sony-nurdianto/farm/services/Rest/farm_gateway/farm_gateway/internal/handlers/authh/validate_token.go:20.62,24.3 1 0
github.com/sony-nurdianto/farm/services/Rest/farm_gateway/farm_gateway/internal/handlers/authh/validate_token.go:26.2,33.16 4 0
github.com/sony-nurdianto/farm/services/Rest/farm_gateway/farm_gateway/internal/handlers/authh/validate_token.go:33.16,39.3 1 0
github.com/sony-nurdianto/farm/services/Rest/farm_gateway/farm_gateway/internal/handlers/authh/validate_token.go:41.2,41.16 1 0
github.com/sony-nurdianto/farm/services/Rest/farm_gateway/farm_gateway/internal/handlers/authh/validate_token.go:41.16,47.3 1 0
github.com/sony-nurdianto/farm/services/Rest/farm_gateway/farm_gateway/internal/handlers/authh/validate_token.go:49.2,53.17 4 0
github.com/sony-nurdianto/farm/services/Rest/farm_gateway/farm_gateway/internal/pbgen/auth.pb.go:35.39,40.2 4 0
github.com/sony-nurdianto/farm/services/Rest/farm_gateway/farm_gateway/internal/pbgen/auth.pb.go:42.47,44.2 1 0
github.com/sony-nurdianto/farm/services/Rest/farm_gateway/farm_gateway/internal/pbgen/auth.pb.go:46.45,46.46 0 0
github.com/sony-nurdianto/farm/services/Rest/farm_gateway/farm_gateway/internal/pbgen/auth.pb.go:48.67,50.14 2 0
github.com/sony-nurdianto/farm/services/Rest/farm_gateway/farm_gateway/internal/pbgen/auth.pb.go:50.14,52.34 2 0
github.com/sony-nurdianto/farm/services/Rest/farm_gateway/farm_gateway/internal/pbgen/auth.pb.go:52.34,54.4 1 0
github.com/sony-nurdianto/farm/services/Rest/farm_gateway/farm_gateway/internal/pbgen/auth.pb.go:55.3,55.12 1 0
github.com/sony-nurdianto/farm/services/Rest/farm_gateway/farm_gateway/internal/pbgen/auth.pb.go:57.2,57.24 1 0
github.com/sony-nurdianto/farm/services/Rest/farm_gateway/farm_gateway/internal/pbgen/auth.pb.go:61.58,63.2 1 0
github.com/sony-nurdianto/farm/services/Rest/farm_gateway/farm_gateway/internal/pbgen/auth.pb.go:65.52,66.14 1 0
github.com/sony-nurdianto/farm/services/Rest/farm_gateway/farm_gateway/internal/pbgen/auth.pb.go:66.14,68.3 1 0
github.com/sony-nurdianto/farm/services/Rest/farm_gateway/farm_gateway/internal/pbgen/auth.pb.go:69.2,69.11 1 0
github.com/sony-nurdianto/farm/services/Rest/farm_gateway/farm_gateway/internal/pbgen/auth.pb.go:72.55,73.14 1 0
github.com/sony-nurdianto/farm/services/Rest/farm_gateway/farm_gateway/internal/pbgen/auth.pb.go:73.14,75.3 1 0
github.com/sony-nurdianto/farm/services/Rest/farm_gateway/farm_gateway/internal/pbgen/auth.pb.go:76.2,76.11 1 0
github.com/sony-nurdianto/farm/services/Rest/farm_gateway/farm_gateway/internal/pbgen/auth.pb.go:79.49,80.14 1 0
github.com/sony-nurdianto/farm/services/Rest/farm_gateway/farm_gateway/internal/pbgen/auth.pb.go:80.14,82.3 1 0
github.com/sony-nurdianto/farm/services/Rest/farm_gateway/farm_gateway/internal/pbgen/auth.pb.go:83.2,83.11 1 0
github.com/sony-nurdianto/farm/services/Rest/farm_gateway/farm_gateway/internal/pbgen/auth.pb.go:86.52,87.14 1 0
github.com/sony-nurdianto/farm/services/Rest/farm_gateway/farm_gateway/internal/pbgen/auth.pb.go:87.14,89.3 1 0
github.com/sony-nurdianto/farm/services/Rest/farm_gateway/farm_gateway/internal/pbgen/auth.pb.go:90.2,90.11 1 0
github.com/sony-nurdianto/farm/services/Rest/farm_gateway/farm_gateway/internal/pbgen/auth.pb.go:101.40,106.2 4 0
github.com/sony-nurdianto/farm/services/Rest/farm_gateway/farm_gateway/internal/pbgen/auth.pb.go:108.48,110.2 1 0
github.com/sony-nurdianto/farm/services/Rest/farm_gateway/farm_gateway/internal/pbgen/auth.pb.go:112.46,112.47 0 0
github.com/sony-nurdianto/farm/services/Rest/farm_gateway/farm_gateway/internal/pbgen/auth.pb.go:114.68,116.14 2 0
github.com/sony-nurdianto/farm/services/Rest/farm_gateway/farm_gateway/internal/pbgen/auth.pb.go:116.14,118.34 2 0
github.com/sony-nurdianto/farm/services/Rest/farm_gateway/farm_gateway/internal/pbgen/auth.pb.go:118.34,120.4 1 0
github.com/sony-nurdianto/farm/services/Rest/farm_gateway/farm_gateway/internal/pbgen/auth.pb.go:121.3,121.12 1 0
github.com/sony-nurdianto/farm/services/Rest/farm_gateway/farm_gateway/internal/pbgen/auth.pb.go:123.2,123.24 1 0
github.com/sony-nurdianto/farm/services/Rest/farm_gateway/farm_gateway/internal/pbgen/auth.pb.go:127.59,129.2 1 0
github.com/sony-nurdianto/farm/services/Rest/farm_gateway/farm_gateway/internal/pbgen/auth.pb.go:131.48,132.14 1 0
github.com/sony-nurdianto/farm/services/Rest/farm_gateway/farm_gateway/internal/pbgen/auth.pb.go:132.14,134.3 1 0
github.com/sony-nurdianto/farm/services/Rest/farm_gateway/farm_gateway/internal/pbgen/auth.pb.go:135.2,135.11 1 0
github.com/sony-nurdianto/farm/services/Rest/farm_gateway/farm_gateway/internal/pbgen/auth.pb.go:138.51,139.14 1 0
github.com/sony-nurdianto/farm/services/Rest/farm_gateway/farm_gateway/internal/pbgen/auth.pb.go:139.14,141.3 1 0
github.com/sony-nurdianto/farm/services/Rest/farm_gateway/farm_gateway/internal/pbgen/auth.pb.go:142.2,142.11 1 0
github.com/sony-nurdianto/farm/services/Rest/farm_gateway/farm_gateway/internal/pbgen/auth.pb.go:153.43,158.2 4 0
github.com/sony-nurdianto/farm/services/Rest/farm_gateway/farm_gateway/internal/pbgen/auth.pb.go:160.51,162.2 1 0
github.com/sony-nurdianto/farm/services/Rest/farm_gateway/farm_gateway/internal/pbgen/auth.pb.go:164.49,164.50 0 0
github.com/sony-nurdianto/farm/services/Rest/farm_gateway/farm_gateway/internal/pbgen/auth.pb.go:166.71,168.14 2 0
github.com/sony-nurdianto/farm/services/Rest/farm_gateway/farm_gateway/internal/pbgen/auth.pb.go:168.14,170.34 2 0
github.com/sony-nurdianto/farm/services/Rest/farm_gateway/farm_gateway/internal/pbgen/auth.pb.go:170.34,172.4 1 0
github.com/sony-nurdianto/farm/services/Rest/farm_gateway/farm_gateway/internal/pbgen/auth.pb.go:173.3,173.12 1 0
github.com/sony-nurdianto/farm/services/Rest/farm_gateway/farm_gateway/internal/pbgen/auth.pb.go:175.2,175.24 1 0
github.com/sony-nurdianto/farm/services/Rest/farm_gateway/farm_gateway/internal/pbgen/auth.pb.go:179.62,181.2 1 0
github.com/sony-nurdianto/farm/services/Rest/farm_gateway/farm_gateway/internal/pbgen/auth.pb.go:183.53,184.14 1 0
github.com/sony-nurdianto/farm/services/Rest/farm_gateway/farm_gateway/internal/pbgen/auth.pb.go:184.14,186.3 1 0
github.com/sony-nurdianto/farm/services/Rest/farm_gateway/farm_gateway/internal/pbgen/auth.pb.go:187.2,187.11 1 0
github.com/sony-nurdianto/farm/services/Rest/farm_gateway/farm_gateway/internal/pbgen/auth.pb.go:190.56,191.14 1 0
github.com/sony-nurdianto/farm/services/Rest/farm_gateway/farm_gateway/internal/pbgen/auth.pb.go:191.14,193.3 1 0
github.com/sony-nurdianto/farm/services/Rest/farm_gateway/farm_gateway/internal/pbgen/auth.pb.go:194.2,194.11 1 0
github.com/sony-nurdianto/farm/services/Rest/farm_gateway/farm_gateway/internal/pbgen/auth.pb.go:208.44,213.2 4 0
github.com/sony-nurdianto/farm/services/Rest/farm_gateway/farm_gateway/internal/pbgen/auth.pb.go:215.52,217.2 1 0
github.com/sony-nurdianto/farm/services/Rest/farm_gateway/farm_gateway/internal/pbgen/auth.pb.go:219.50,219.51 0 0
github.com/sony-nurdianto/farm/services/Rest/farm_gateway/farm_gateway/internal/pbgen/auth.pb.go:221.72,223.14 2 0
github.com/sony-nurdianto/farm/services/Rest/farm_gateway/farm_gateway/internal/pbgen/auth.pb.go:223.14,225.34 2 0
github.com/sony-nurdianto/farm/services/Rest/farm_gateway/farm_gateway/internal/pbgen/auth.pb.go:225.34,227.4 1 0
github.com/sony-nurdianto/farm/services/Rest/farm_gateway/farm_gateway/internal/pbgen/auth.pb.go:228.3,228.12 1 0
github.com/sony-nurdianto/farm/services/Rest/farm_gateway/farm_gateway/internal/pbgen/auth.pb.go:230.2,230.24 1 0
github.com/sony-nurdianto/farm/services/Rest/farm_gateway/farm_gateway/internal/pbgen/auth.pb.go:234.63,236.2 1 0
github.com/sony-nurdianto/farm/services/Rest/farm_gateway/farm_gateway/internal/pbgen/auth.pb.go:238.54,239.14 1 0
github.com/sony-nurdianto/farm/services/Rest/farm_gateway/farm_gateway/internal/pbgen/auth.pb.go:239.14,241.3 1 0
github.com/sony-nurdianto/farm/services/Rest/farm_gateway/farm_gateway/internal/pbgen/auth.pb.go:242.2,242.11 1 0
github.com/sony-nurdianto/farm/services/Rest/farm_gateway/farm_gateway/internal/pbgen/auth.pb.go:245.73,246.14 1 0
github.com/sony-nurdianto/farm/services/Rest/farm_gateway/farm_gateway/internal/pbgen/auth.pb.go:246.14,248.3 1 0
github.com/sony-nurdianto/farm/services/Rest/farm_gateway/farm_gateway/internal/pbgen/auth.pb.go:249.2,249.12 1 0
github.com/sony-nurdianto/farm/services/Rest/farm_gateway/farm_gateway/internal/pbgen/auth.pb.go:252.74,253.14 1 0
github.com/sony-nurdianto/farm/services/Rest/farm_gateway/farm_gateway/internal/pbgen/auth.pb.go:253.14,255.3 1 0
github.com/sony-nurdianto/farm/services/Rest/farm_gateway/farm_gateway/internal/pbgen/auth.pb.go:256.2,256.12 1 0
github.com/sony-nurdianto/farm/services/Rest/farm_gateway/farm_gateway/internal/pbgen/auth.pb.go:259.55,260.14 1 0
github.com/sony-nurdianto/farm/services/Rest/farm_gateway/farm_gateway/internal/pbgen/auth.pb.go:260.14,262.3 1 0
github.com/sony-nurdianto/farm/services/Rest/farm_gateway/farm_gateway/internal/pbgen/auth.pb.go:263.2,263.11 1 0
github.com/sony-nurdianto/farm/services/Rest/farm_gateway/farm_gateway/internal/pbgen/auth.pb.go:266.52,267.14 1 0
github.com/sony-nurdianto/farm/services/Rest/farm_gateway/farm_gateway/internal/pbgen/auth.pb.go:267.14,269.3 1 0
github.com/sony-nurdianto/farm/services/Rest/farm_gateway/farm_gateway/internal/pbgen/auth.pb.go:270.2,270.11 1 0
github.com/sony-nurdianto/farm/services/Rest/farm_gateway/farm_gateway/internal/pbgen/auth.pb.go:280.40,285.2 4 0
github.com/sony-nurdianto/farm/services/Rest/farm_gateway/farm_gateway/internal/pbgen/auth.pb.go:287.48,289.2 1 0
github.com/sony-nurdianto/farm/services/Rest/farm_gateway/farm_gateway/internal/pbgen/auth.pb.go:291.46,291.47 0 0
github.com/sony-nurdianto/farm/services/Rest/farm_gateway/farm_gateway/internal/pbgen/auth.pb.go:293.68,295.14 2 0
github.com/sony-nurdianto/farm/services/Rest/farm_gateway/farm_gateway/internal/pbgen/auth.pb.go:295.14,297.34 2 0
github.com/sony-nurdianto/farm/services/Rest/farm_gateway/farm_gateway/internal/pbgen/auth.pb.go:297.34,299.4 1 0
github.com/sony-nurdianto/farm/services/Rest/farm_gateway/farm_gateway/internal/pbgen/auth.pb.go:300.3,300.12 1 0
github.com/sony-nurdianto/farm/services/Rest/farm_gateway/farm_gateway/internal/pbgen/auth.pb.go:302.2,302.24 1 0
github.com/sony-nurdianto/farm/services/Rest/farm_gateway/farm_gateway/internal/pbgen/auth.pb.go:306.59,308.2 1 0
github.com/sony-nurdianto/farm/services/Rest/farm_gateway/farm_gateway/internal/pbgen/auth.pb.go:310.50,311.14 1 0
github.com/sony-nurdianto/farm/services/Rest/farm_gateway/farm_gateway/internal/pbgen/auth.pb.go:311.14,313.3 1 0
github.com/sony-nurdianto/farm/services/Rest/farm_gateway/farm_gateway/internal/pbgen/auth.pb.go:314.2,314.11 1 0
github.com/sony-nurdianto/farm/services/Rest/farm_gateway/farm_gateway/internal/pbgen/auth.pb.go:328.41,333.2 4 0
github.com/sony-nurdianto/farm/services/Rest/farm_gateway/farm_gateway/internal/pbgen/auth.pb.go:335.49,337.2 1 0
github.com/sony-nurdianto/farm/services/Rest/farm_gateway/farm_gateway/internal/pbgen/auth.pb.go:339.47,339.48 0 0
github.com/sony-nurdianto/farm/services/Rest/farm_gateway/farm_gateway/internal/pbgen/auth.pb.go:341.69,343.14 2 0
github.com/sony-nurdianto/farm/services/Rest/farm_gateway/farm_gateway/internal/pbgen/auth.pb.go:343.14,345.34 2 0
github.com/sony-nurdianto/farm/services/Rest/farm_gateway/farm_gateway/internal/pbgen/auth.pb.go:345.34,347.4 1 0
github.com/sony-nurdianto/farm/services/Rest/farm_gateway/farm_gateway/internal/pbgen/auth.pb.go:348.3,348.12 1 0
github.com/sony-nurdianto/farm/services/Rest/farm_gateway/farm_gateway/internal/pbgen/auth.pb.go:350.2,350.24 1 0
github.com/sony-nurdianto/farm/services/Rest/farm_gateway/farm_gateway/internal/pbgen/auth.pb.go:354.60,356.2 1 0
github.com/sony-nurdianto/farm/services/Rest/farm_gateway/farm_gateway/internal/pbgen/auth.pb.go:358.49,359.14 1 0
github.com/sony-nurdianto/farm/services/Rest/farm_gateway/farm_gateway/internal/pbgen/auth.pb.go:359.14,361.3 1 0
github.com/sony-nurdianto/farm/services/Rest/farm_gateway/farm_gateway/internal/pbgen/auth.pb.go:362.2,362.14 1 0
github.com/sony-nurdianto/farm/services/Rest/farm_gateway/farm_gateway/internal/pbgen/auth.pb.go:365.49,366.14 1 0
github.com/sony-nurdianto/farm/services/Rest/farm_gateway/farm_gateway/internal/pbgen/auth.pb.go:366.14,368.3 1 0
github.com/sony-nurdianto/farm/services/Rest/farm_gateway/farm_gateway/internal/pbgen/auth.pb.go:369.2,369.11 1 0
github.com/sony-nurdianto/farm/services/Rest/farm_gateway/farm_gateway/internal/pbgen/auth.pb.go:372.53,373.34 1 0
github.com/sony-nurdianto/farm/services/Rest/farm_gateway/farm_gateway/internal/pbgen/auth.pb.go:373.34,375.3 1 0
github.com/sony-nurdianto/farm/services/Rest/farm_gateway/farm_gateway/internal/pbgen/auth.pb.go:376.2,376.11 1 0
github.com/sony-nurdianto/farm/services/Rest/farm_gateway/farm_gateway/internal/pbgen/auth.pb.go:379.71,380.14 1 0
github.com/sony-nurdianto/farm/services/Rest/farm_gateway/farm_gateway/internal/pbgen/auth.pb.go:380.14,382.3 1 0
github.com/sony-nurdianto/farm/services/Rest/farm_gateway/farm_gateway/internal/pbgen/auth.pb.go:383.2,383.12 1 0
github.com/sony-nurdianto/farm/services/Rest/farm_gateway/farm_gateway/internal/pbgen/auth.pb.go:386.51,387.32 1 0
github.com/sony-nurdianto/farm/services/Rest/farm_gateway/farm_gateway/internal/pbgen/auth.pb.go:387.32,389.3 1 0
github.com/sony-nurdianto/farm/services/Rest/farm_gateway/farm_gateway/internal/pbgen/auth.pb.go:390.2,390.11 1 0
github.com/sony-nurdianto/farm/services/Rest/farm_gateway/farm_gateway/internal/pbgen/auth.pb.go:439.51,440.48 1 0
github.com/sony-nurdianto/farm/services/Rest/farm_gateway/farm_gateway/internal/pbgen/auth.pb.go:440.48,442.3 1 0
github.com/sony-nurdianto/farm/services/Rest/farm_gateway/farm_gateway/internal/pbgen/auth.pb.go:443.2,443.44 1 0
github.com/sony-nurdianto/farm/services/Rest/farm_gateway/farm_gateway/internal/pbgen/auth.pb.go:473.13,473.47 1 1
github.com/sony-nurdianto/farm/services/Rest/farm_gateway/farm_gateway/internal/pbgen/auth.pb.go:474.37,475.36 1 1
github.com/sony-nurdianto/farm/services/Rest/farm_gateway/farm_gateway/internal/pbgen/auth.pb.go:475.36,477.3 1 0
github.com/sony-nurdianto/farm/services/Rest/farm_gateway/farm_gateway/internal/pbgen/auth.pb.go:478.2,495.39 6 1
github.com/sony-nurdianto/farm/services/Rest/farm_gateway/farm_gateway/internal/pbgen/auth_grpc.pb.go:40.74,42.2 1 0
github.com/sony-nurdianto/farm/services/Rest/farm_gateway/farm_gateway/internal/pbgen/auth_grpc.pb.go:44.144,48.16 4 0
github.com/sony-nurdianto/farm/services/Rest/farm_gateway/farm_gateway/internal/pbgen/auth_grpc.pb.go:48.16,50.3 1 0
github.com/sony-nurdianto/farm/services/Rest/farm_gateway/farm_gateway/internal/pbgen/auth_grpc.pb.go:51.2,51.17 1 0
github.com/sony-nurdianto/farm/services/Rest/farm_gateway/farm_gateway/internal/pbgen/auth_grpc.pb.go:54.156,58.16 4 0
github.com/sony-nurdianto/farm/services/Rest/farm_gateway/farm_gateway/internal/pbgen/auth_grpc.pb.go:58.16,60.3 1 0
github.com/sony-nurdianto/farm/services/Rest/farm_gateway/farm_gateway/internal/pbgen/auth_grpc.pb.go:61.2,61.17 1 0
github.com/sony-nurdianto/farm/services/Rest/farm_gateway/farm_gateway/internal/pbgen/auth_grpc.pb.go:64.147,68.16 4 0
github.com/sony-nurdianto/farm/services/Rest/farm_gateway/farm_gateway/internal/pbgen/auth_grpc.pb.go:68.16,70.3 1 0
github.com/sony-nurdianto/farm/services/Rest/farm_gateway/farm_gateway/internal/pbgen/auth_grpc.pb.go:71.2,71.17 1 0
github.com/sony-nurdianto/farm/services/Rest/farm_gateway/farm_gateway/internal/pbgen/auth_grpc.pb.go:91.122,93.2 1 0
github.com/sony-nurdianto/farm/services/Rest/farm_gateway/farm_gateway/internal/pbgen/auth_grpc.pb.go:94.134,96.2 1 0
github.com/sony-nurdianto/farm/services/Rest/farm_gateway/farm_gateway/internal/pbgen/auth_grpc.pb.go:97.125,99.2 1 0
github.com/sony-nurdianto/farm/services/Rest/farm_gateway/farm_gateway/internal/pbgen/auth_grpc.pb.go:100.82,100.83 0 0
github.com/sony-nurdianto/farm/services/Rest/farm_gateway/farm_gateway/internal/pbgen/auth_grpc.pb.go:101.82,101.83 0 0
github.com/sony-nurdianto/farm/services/Rest/farm_gateway/farm_gateway/internal/pbgen/auth_grpc.pb.go:110.80,115.59 1 0
github.com/sony-nurdianto/farm/services/Rest/farm_gateway/farm_gateway/internal/pbgen/auth_grpc.pb.go:115.59,117.3 1 0
github.com/sony-nurdianto/farm/services/Rest/farm_gateway/farm_gateway/internal/pbgen/auth_grpc.pb.go:118.2,118.50 1 0
github.com/sony-nurdianto/farm/services/Rest/farm_gateway/farm_gateway/internal/pbgen/auth_grpc.pb.go:121.169,123.32 2 0
github.com/sony-nurdianto/farm/services/Rest/farm_gateway/farm_gateway/internal/pbgen/auth_grpc.pb.go:123.32,125.3 1 0
github.com/sony-nurdianto/farm/services/Rest/farm_gateway/farm_gateway/internal/pbgen/auth_grpc.pb.go:126.2,126.24 1 0
github.com/sony-nurdianto/farm/services/Rest/farm_gateway/farm_gateway/internal/pbgen/auth_grpc.pb.go:126.24,128.3 1 0
github.com/sony-nurdianto/farm/services/Rest/farm_gateway/farm_gateway/internal/pbgen/auth_grpc.pb.go:129.2,133.77 2 0
github.com/sony-nurdianto/farm/services/Rest/farm_gateway/farm_gateway/internal/pbgen/auth_grpc.pb.go:133.77,135.3 1 0
github.com/sony-nurdianto/farm/services/Rest/farm_gateway/farm_gateway/internal/pbgen/auth_grpc.pb.go:136.2,136.44 1 0
github.com/sony-nurdianto/farm/services/Rest/farm_gateway/farm_gateway/internal/pbgen/auth_grpc.pb.go:139.173,141.32 2 0
github.com/sony-nurdianto/farm/services/Rest/farm_gateway/farm_gateway/internal/pbgen/auth_grpc.pb.go:141.32,143.3 1 0
github.com/sony-nurdianto/farm/services/Rest/farm_gateway/farm_gateway/internal/pbgen/auth_grpc.pb.go:144.2,144.24 1 0
github.com/sony-nurdianto/farm/services/Rest/farm_gateway/farm_gateway/internal/pbgen/auth_grpc.pb.go:144.24,146.3 1 0
github.com/sony-nurdianto/farm/services/Rest/farm_gateway/farm_gateway/internal/pbgen/auth_grpc.pb.go:147.2,151.77 2 0
github.com/sony-nurdianto/farm/services/Rest/farm_gateway/farm_gateway/internal/pbgen/auth_grpc.pb.go:151.77,153.3 1 0
github.com/sony-nurdianto/farm/services/Rest/farm_gateway/farm_gateway/internal/pbgen/auth_grpc.pb.go:154.2,154.44 1 0
github.com/sony-nurdianto/farm/services/Rest/farm_gateway/farm_gateway/internal/pbgen/auth_grpc.pb.go:157.170,159.32 2 0
github.com/sony-nurdianto/farm/services/Rest/farm_gateway/farm_gateway/internal/pbgen/auth_grpc.pb.go:159.32,161.3 1 0
github.com/sony-nurdianto/farm/services/Rest/farm_gateway/farm_gateway/internal/pbgen/auth_grpc.pb.go:162.2,162.24 1 0
github.com/sony-nurdianto/farm/services/Rest/farm_gateway/farm_gateway/internal/pbgen/auth_grpc.pb.go:162.24,164.3 1 0
github.com/sony-nurdianto/farm/services/Rest/farm_gateway/farm_gateway/internal/pbgen/auth_grpc.pb.go:165.2,169.77 2 0
github.com/sony-nurdianto/farm/services/Rest/farm_gateway/farm_gateway/internal/pbgen/auth_grpc.pb.go:169.77,171.3 1 0
github.com/sony-nurdianto/farm/services/Rest/farm_gateway/farm_gateway/internal/pbgen/auth_grpc.pb.go:172.2,172.44 1 0
github.com/sony-nurdianto/farm/services/Rest/farm_gateway/farm_gateway/internal/routes/handlers.go:13.94,19.2 1 1
github.com/sony-nurdianto/farm/services/Rest/farm_gateway/farm_gateway/internal/routes/router.go:11.51,15.2 1 1
github.com/sony-nurdianto/farm/services/Rest/farm_gateway/farm_gateway/internal/routes/router.go:17.47,18.31 1 1
github.com/sony-nurdianto/farm/services/Rest/farm_gateway/farm_gateway/internal/routes/router.go:18.31,20.3 1 1
github.com/sony-nurdianto/farm/services/Rest/farm_gateway/farm_gateway/internal/routes/routes.go:16.69,21.2 1 1
github.com/sony-nurdianto/farm/services/Rest/farm_gateway/farm_gateway/internal/routes/routes.go:23.26,36.2 6 1
