mode: set
github.com/sony-nurdianto/farm/shared_lib/Go/database/postgres/pkg/database_def.go:26.49,28.2 1 0
github.com/sony-nurdianto/farm/shared_lib/Go/database/postgres/pkg/database_def.go:30.52,32.2 1 0
github.com/sony-nurdianto/farm/shared_lib/Go/database/postgres/pkg/database_def.go:34.52,36.2 1 0
github.com/sony-nurdianto/farm/shared_lib/Go/database/postgres/pkg/database_def.go:38.65,40.2 1 0
github.com/sony-nurdianto/farm/shared_lib/Go/database/postgres/pkg/database_def.go:42.68,44.2 1 0
github.com/sony-nurdianto/farm/shared_lib/Go/database/postgres/pkg/database_def.go:46.65,48.16 2 0
github.com/sony-nurdianto/farm/shared_lib/Go/database/postgres/pkg/database_def.go:48.16,50.3 1 0
github.com/sony-nurdianto/farm/shared_lib/Go/database/postgres/pkg/database_def.go:52.2,52.27 1 0
github.com/sony-nurdianto/farm/shared_lib/Go/database/postgres/pkg/database_def.go:55.43,57.2 1 0
github.com/sony-nurdianto/farm/shared_lib/Go/database/postgres/pkg/instance_def.go:12.32,14.2 1 0
github.com/sony-nurdianto/farm/shared_lib/Go/database/postgres/pkg/instance_def.go:16.80,18.16 2 0
github.com/sony-nurdianto/farm/shared_lib/Go/database/postgres/pkg/instance_def.go:18.16,20.3 1 0
github.com/sony-nurdianto/farm/shared_lib/Go/database/postgres/pkg/instance_def.go:22.2,22.32 1 0
github.com/sony-nurdianto/farm/shared_lib/Go/database/postgres/pkg/postgres.go:12.3,14.16 2 1
github.com/sony-nurdianto/farm/shared_lib/Go/database/postgres/pkg/postgres.go:14.16,16.3 1 1
github.com/sony-nurdianto/farm/shared_lib/Go/database/postgres/pkg/postgres.go:18.2,25.44 6 1
github.com/sony-nurdianto/farm/shared_lib/Go/database/postgres/pkg/postgres.go:25.44,27.3 1 1
github.com/sony-nurdianto/farm/shared_lib/Go/database/postgres/pkg/postgres.go:29.2,29.16 1 1
github.com/sony-nurdianto/farm/shared_lib/Go/database/postgres/pkg/stmt_def.go:18.32,20.2 1 0
github.com/sony-nurdianto/farm/shared_lib/Go/database/postgres/pkg/stmt_def.go:22.69,24.2 1 0
github.com/sony-nurdianto/farm/shared_lib/Go/database/postgres/pkg/stmt_def.go:26.76,28.2 1 0
github.com/sony-nurdianto/farm/shared_lib/Go/database/postgres/pkg/database_def.go:26.49,28.2 1 1
github.com/sony-nurdianto/farm/shared_lib/Go/database/postgres/pkg/database_def.go:30.52,32.2 1 1
github.com/sony-nurdianto/farm/shared_lib/Go/database/postgres/pkg/database_def.go:34.52,36.2 1 1
github.com/sony-nurdianto/farm/shared_lib/Go/database/postgres/pkg/database_def.go:38.65,40.2 1 1
github.com/sony-nurdianto/farm/shared_lib/Go/database/postgres/pkg/database_def.go:42.68,44.2 1 1
github.com/sony-nurdianto/farm/shared_lib/Go/database/postgres/pkg/database_def.go:46.65,48.16 2 1
github.com/sony-nurdianto/farm/shared_lib/Go/database/postgres/pkg/database_def.go:48.16,50.3 1 1
github.com/sony-nurdianto/farm/shared_lib/Go/database/postgres/pkg/database_def.go:52.2,52.27 1 1
github.com/sony-nurdianto/farm/shared_lib/Go/database/postgres/pkg/database_def.go:55.43,57.2 1 1
github.com/sony-nurdianto/farm/shared_lib/Go/database/postgres/pkg/instance_def.go:12.32,14.2 1 1
github.com/sony-nurdianto/farm/shared_lib/Go/database/postgres/pkg/instance_def.go:16.80,18.16 2 1
github.com/sony-nurdianto/farm/shared_lib/Go/database/postgres/pkg/instance_def.go:18.16,20.3 1 1
github.com/sony-nurdianto/farm/shared_lib/Go/database/postgres/pkg/instance_def.go:22.2,22.32 1 1
github.com/sony-nurdianto/farm/shared_lib/Go/database/postgres/pkg/postgres.go:12.3,14.16 2 1
github.com/sony-nurdianto/farm/shared_lib/Go/database/postgres/pkg/postgres.go:14.16,16.3 1 0
github.com/sony-nurdianto/farm/shared_lib/Go/database/postgres/pkg/postgres.go:18.2,25.44 6 1
github.com/sony-nurdianto/farm/shared_lib/Go/database/postgres/pkg/postgres.go:25.44,27.3 1 0
github.com/sony-nurdianto/farm/shared_lib/Go/database/postgres/pkg/postgres.go:29.2,29.16 1 1
github.com/sony-nurdianto/farm/shared_lib/Go/database/postgres/pkg/stmt_def.go:18.32,20.2 1 1
github.com/sony-nurdianto/farm/shared_lib/Go/database/postgres/pkg/stmt_def.go:22.69,24.2 1 1
github.com/sony-nurdianto/farm/shared_lib/Go/database/postgres/pkg/stmt_def.go:26.76,28.2 1 1
