mode: set
github.com/sony-nurdianto/farm/shared_lib/Go/database/postgres/pkg/database.go:25.49,27.2 1 1
github.com/sony-nurdianto/farm/shared_lib/Go/database/postgres/pkg/database.go:29.52,31.2 1 1
github.com/sony-nurdianto/farm/shared_lib/Go/database/postgres/pkg/database.go:33.52,35.2 1 1
github.com/sony-nurdianto/farm/shared_lib/Go/database/postgres/pkg/database.go:37.65,39.2 1 1
github.com/sony-nurdianto/farm/shared_lib/Go/database/postgres/pkg/database.go:41.68,43.2 1 1
github.com/sony-nurdianto/farm/shared_lib/Go/database/postgres/pkg/database.go:45.65,47.16 2 0
github.com/sony-nurdianto/farm/shared_lib/Go/database/postgres/pkg/database.go:47.16,49.3 1 0
github.com/sony-nurdianto/farm/shared_lib/Go/database/postgres/pkg/database.go:51.2,51.27 1 0
github.com/sony-nurdianto/farm/shared_lib/Go/database/postgres/pkg/database.go:54.43,56.2 1 0
github.com/sony-nurdianto/farm/shared_lib/Go/database/postgres/pkg/instance.go:11.32,13.2 1 1
github.com/sony-nurdianto/farm/shared_lib/Go/database/postgres/pkg/instance.go:15.80,17.16 2 1
github.com/sony-nurdianto/farm/shared_lib/Go/database/postgres/pkg/instance.go:17.16,19.3 1 0
github.com/sony-nurdianto/farm/shared_lib/Go/database/postgres/pkg/instance.go:21.2,21.32 1 1
github.com/sony-nurdianto/farm/shared_lib/Go/database/postgres/pkg/postgres.go:12.3,14.16 2 1
github.com/sony-nurdianto/farm/shared_lib/Go/database/postgres/pkg/postgres.go:14.16,16.3 1 0
github.com/sony-nurdianto/farm/shared_lib/Go/database/postgres/pkg/postgres.go:18.2,25.44 6 1
github.com/sony-nurdianto/farm/shared_lib/Go/database/postgres/pkg/postgres.go:25.44,27.3 1 0
github.com/sony-nurdianto/farm/shared_lib/Go/database/postgres/pkg/postgres.go:29.2,29.16 1 1
github.com/sony-nurdianto/farm/shared_lib/Go/database/postgres/pkg/stmt.go:17.32,19.2 1 0
github.com/sony-nurdianto/farm/shared_lib/Go/database/postgres/pkg/stmt.go:21.69,23.2 1 0
github.com/sony-nurdianto/farm/shared_lib/Go/database/postgres/pkg/stmt.go:25.76,27.2 1 0
github.com/sony-nurdianto/farm/shared_lib/Go/database/postgres/pkg/database.go:25.49,27.2 1 0
github.com/sony-nurdianto/farm/shared_lib/Go/database/postgres/pkg/database.go:29.52,31.2 1 0
github.com/sony-nurdianto/farm/shared_lib/Go/database/postgres/pkg/database.go:33.52,35.2 1 0
github.com/sony-nurdianto/farm/shared_lib/Go/database/postgres/pkg/database.go:37.65,39.2 1 0
github.com/sony-nurdianto/farm/shared_lib/Go/database/postgres/pkg/database.go:41.68,43.2 1 0
github.com/sony-nurdianto/farm/shared_lib/Go/database/postgres/pkg/database.go:45.65,47.16 2 0
github.com/sony-nurdianto/farm/shared_lib/Go/database/postgres/pkg/database.go:47.16,49.3 1 0
github.com/sony-nurdianto/farm/shared_lib/Go/database/postgres/pkg/database.go:51.2,51.27 1 0
github.com/sony-nurdianto/farm/shared_lib/Go/database/postgres/pkg/database.go:54.43,56.2 1 0
github.com/sony-nurdianto/farm/shared_lib/Go/database/postgres/pkg/instance.go:11.32,13.2 1 0
github.com/sony-nurdianto/farm/shared_lib/Go/database/postgres/pkg/instance.go:15.80,17.16 2 0
github.com/sony-nurdianto/farm/shared_lib/Go/database/postgres/pkg/instance.go:17.16,19.3 1 0
github.com/sony-nurdianto/farm/shared_lib/Go/database/postgres/pkg/instance.go:21.2,21.32 1 0
github.com/sony-nurdianto/farm/shared_lib/Go/database/postgres/pkg/postgres.go:12.3,14.16 2 1
github.com/sony-nurdianto/farm/shared_lib/Go/database/postgres/pkg/postgres.go:14.16,16.3 1 1
github.com/sony-nurdianto/farm/shared_lib/Go/database/postgres/pkg/postgres.go:18.2,25.44 6 0
github.com/sony-nurdianto/farm/shared_lib/Go/database/postgres/pkg/postgres.go:25.44,27.3 1 0
github.com/sony-nurdianto/farm/shared_lib/Go/database/postgres/pkg/postgres.go:29.2,29.16 1 0
github.com/sony-nurdianto/farm/shared_lib/Go/database/postgres/pkg/stmt.go:17.32,19.2 1 0
github.com/sony-nurdianto/farm/shared_lib/Go/database/postgres/pkg/stmt.go:21.69,23.2 1 0
github.com/sony-nurdianto/farm/shared_lib/Go/database/postgres/pkg/stmt.go:25.76,27.2 1 0
